20241210 093629 INFO:---eval accuracy for id at 0 of base--------------------------------------
20241210 093629 INFO:X   0.0    0.0    0.0    0.0    0.0    0.0    0.0    0.0002    0.2646    0.0    0.1073    0.0    0.0    0.0    0.04    0.0082    0.0    0.0    0.0121    0.0474    0.0004    0.0    0.0    0.0251    0.0    0.002    0.0001    0.3862    0.0127    0.0    0.004    0.0001    0.0022    0.0071    0.0    0.0029    0.0    0.0023    
20241210 093656 INFO:---eval accuracy for ood at 0 of base--------------------------------------
20241210 093656 INFO:X   0.0    0.0    0.0    0.0    0.0    0.0    0.0    0.0033    0.2358    0.0    0.1089    0.0002    0.0    0.0    0.0421    0.0077    0.0    0.0    0.0132    0.047    0.0004    0.0    0.0    0.0242    0.0    0.0019    0.0001    0.3882    0.0142    0.0    0.004    0.0001    0.0023    0.0076    0.0    0.0028    0.0    0.0022    
20241210 093836 INFO:---training accuracy at 0 of JJR_low--------------------------------------
20241210 093836 INFO:X   0.0    0.0    0.0    0.0    0.0    0.0    0.0014    0.0021    0.2773    0.0    0.1072    0.0039    0.0002    0.0001    0.0458    0.0087    0.0001    0.0    0.0177    X   0.0008    0.0012    0.0    0.0271    0.0045    0.0049    0.0107    0.3025    0.0214    0.0008    0.0116    0.0005    0.0027    0.0204    0.0002    0.008    0.0002    0.0113    
20241210 094044 INFO:---eval accuracy for id at 0 of JJR_low--------------------------------------
20241210 094045 INFO:X   0.0    0.0    0.0    0.0    0.0    0.0    0.0003    0.0002    0.2553    0.0    0.1008    0.0    0.0    0.0    0.0362    0.0086    0.0    0.0    0.0113    0.0416    0.0003    0.0    0.0    0.0266    0.0    0.0029    0.0001    0.4002    0.0161    0.0    0.0041    0.0001    0.0021    0.0099    0.0001    0.0048    0.0    0.0054    
20241210 094112 INFO:---eval accuracy for ood at 0 of JJR_low--------------------------------------
20241210 094112 INFO:X   0.0    0.0    0.0    0.0    0.0    0.0    0.0    0.0033    0.2256    0.0    0.1008    0.0002    0.0    0.0    0.0376    0.0078    0.0    0.0    0.0127    0.0407    0.0003    0.0    0.0    0.0258    0.0    0.0026    0.0002    0.4018    0.0178    0.0    0.004    0.0001    0.0021    0.0104    0.0001    0.0044    0.0    0.0053    
20241210 094253 INFO:---training accuracy at 0 of WDT_low--------------------------------------
20241210 094253 INFO:0.0    0.0    0.0    0.0    0.0    0.0    0.0    0.0    0.005    0.2588    0.0    0.1195    0.0042    0.0004    0.0004    0.0389    X   0.0001    0.0    0.0223    0.034    0.0007    0.0008    0.0    0.0278    0.0035    0.0025    0.0126    0.312    0.0198    0.0012    0.0111    0.0008    0.0025    0.0216    0.0002    0.0111    0.0002    0.0132    
20241210 094501 INFO:---eval accuracy for id at 0 of WDT_low--------------------------------------
20241210 094501 INFO:X   0.0    0.0    0.0    0.0    0.0    0.0    0.0003    0.0002    0.2552    0.0    0.1006    0.0    0.0    0.0    0.0361    0.0086    0.0    0.0    0.0113    0.0416    0.0003    0.0    0.0    0.0267    0.0    0.0029    0.0001    0.4006    0.0161    0.0    0.0041    0.0001    0.0021    0.0099    0.0001    0.0048    0.0    0.0055    
20241210 094528 INFO:---eval accuracy for ood at 0 of WDT_low--------------------------------------
20241210 094528 INFO:X   0.0    0.0    0.0    0.0    0.0    0.0    0.0    0.0033    0.2252    0.0    0.1005    0.0002    0.0    0.0    0.0375    0.0078    0.0    0.0    0.0127    0.0406    0.0003    0.0    0.0    0.0258    0.0    0.0026    0.0002    0.4022    0.0179    0.0    0.0041    0.0001    0.0021    0.0105    0.0001    0.0044    0.0    0.0054    
20241210 094732 INFO:---training accuracy at 0 of JJR_high--------------------------------------
20241210 094732 INFO:X   0.0    0.0    0.0    0.0    0.0    0.0    0.0    0.0022    0.2755    0.0    0.1059    0.0034    0.0002    0.0002    0.0446    0.0085    0.0002    0.0    0.0181    X   0.0005    0.0014    0.0    0.0269    0.0045    0.0051    0.011    0.3081    0.0226    0.0007    0.0112    0.0005    0.0026    0.0218    0.0003    0.0093    0.0003    0.0141    
20241210 094940 INFO:---eval accuracy for id at 0 of JJR_high--------------------------------------
20241210 094940 INFO:X   0.0    0.0    0.0    0.0    0.0    0.0    0.0003    0.0002    0.2552    0.0    0.1006    0.0    0.0    0.0    0.0361    0.0086    0.0    0.0    0.0113    0.0416    0.0003    0.0    0.0    0.0267    0.0    0.0029    0.0001    0.4006    0.0161    0.0    0.0041    0.0001    0.0021    0.0099    0.0001    0.0048    0.0    0.0055    
20241210 095008 INFO:---eval accuracy for ood at 0 of JJR_high--------------------------------------
20241210 095008 INFO:X   0.0    0.0    0.0    0.0    0.0    0.0    0.0    0.0033    0.2252    0.0    0.1005    0.0002    0.0    0.0    0.0375    0.0078    0.0    0.0    0.0127    0.0406    0.0003    0.0    0.0    0.0258    0.0    0.0026    0.0002    0.4022    0.0179    0.0    0.0041    0.0001    0.0021    0.0105    0.0001    0.0044    0.0    0.0054    
20241210 095515 INFO:---training accuracy at 0 of WDT_high--------------------------------------
20241210 095515 INFO:0.0    0.0    0.0    0.0    0.0    0.0    0.0032    0.0019    0.0022    0.2669    0.0    0.118    0.0038    0.0002    0.0002    0.0374    X   0.0002    0.0    0.0217    0.0342    0.0009    0.0009    0.0    0.0283    0.0037    0.0028    0.0126    0.3107    0.0201    0.0012    0.0113    0.0006    0.0024    0.0213    0.0002    0.0112    0.0002    0.0132    
20241210 095723 INFO:---eval accuracy for id at 0 of WDT_high--------------------------------------
20241210 095723 INFO:X   0.0    0.0    0.0    0.0    0.0    0.0    0.0003    0.0002    0.2552    0.0    0.1006    0.0    0.0    0.0    0.0361    0.0086    0.0    0.0    0.0113    0.0416    0.0003    0.0    0.0    0.0267    0.0    0.0029    0.0001    0.4006    0.0161    0.0    0.0041    0.0001    0.0021    0.0099    0.0001    0.0048    0.0    0.0055    
20241210 095751 INFO:---eval accuracy for ood at 0 of WDT_high--------------------------------------
20241210 095751 INFO:X   0.0    0.0    0.0    0.0    0.0    0.0    0.0    0.0033    0.2252    0.0    0.1005    0.0002    0.0    0.0    0.0375    0.0078    0.0    0.0    0.0127    0.0406    0.0003    0.0    0.0    0.0258    0.0    0.0026    0.0002    0.4022    0.0179    0.0    0.0041    0.0001    0.0021    0.0105    0.0001    0.0044    0.0    0.0054    
20241210 095931 INFO:---training accuracy at 1 of JJR_low--------------------------------------
20241210 095931 INFO:X   0.0    0.0    0.0    0.0    0.0    0.005    0.0    0.0021    0.2836    0.0    0.1105    0.0039    0.0005    0.0    0.0448    0.0084    0.0003    0.0    0.0183    X   0.0005    0.0015    0.0    0.0272    0.0041    0.0051    0.0103    0.3091    0.0224    0.0007    0.0116    0.0005    0.0026    0.0222    0.0003    0.0092    0.0002    0.0143    
20241210 100139 INFO:---eval accuracy for id at 1 of JJR_low--------------------------------------
20241210 100139 INFO:X   0.0    0.0    0.0    0.0    0.0    0.0    0.0003    0.0002    0.2552    0.0    0.1006    0.0    0.0    0.0    0.0361    0.0086    0.0    0.0    0.0113    0.0416    0.0003    0.0    0.0    0.0267    0.0    0.0029    0.0001    0.4006    0.0161    0.0    0.0041    0.0001    0.0021    0.0099    0.0001    0.0048    0.0    0.0055    
20241210 100207 INFO:---eval accuracy for ood at 1 of JJR_low--------------------------------------
20241210 100207 INFO:X   0.0    0.0    0.0    0.0    0.0    0.0    0.0    0.0033    0.2252    0.0    0.1005    0.0002    0.0    0.0    0.0375    0.0078    0.0    0.0    0.0127    0.0406    0.0003    0.0    0.0    0.0258    0.0    0.0026    0.0002    0.4022    0.0179    0.0    0.0041    0.0001    0.0021    0.0105    0.0001    0.0044    0.0    0.0054    
20241210 100348 INFO:---training accuracy at 1 of WDT_low--------------------------------------
20241210 100348 INFO:0.0    0.0    0.0    0.0    0.0    0.0    0.0    0.001    0.002    0.2684    0.0    0.1157    0.0036    0.0004    0.0001    0.0376    X   0.0001    0.0    0.0222    0.0347    0.0008    0.001    0.0    0.0282    0.0042    0.0029    0.0123    0.3114    0.0203    0.0012    0.0114    0.0006    0.0025    0.0217    0.0002    0.0111    0.0002    0.0132    
20241210 100557 INFO:---eval accuracy for id at 1 of WDT_low--------------------------------------
20241210 100557 INFO:X   0.0    0.0    0.0    0.0    0.0    0.0    0.0003    0.0002    0.2552    0.0    0.1006    0.0    0.0    0.0    0.0361    0.0086    0.0    0.0    0.0113    0.0416    0.0003    0.0    0.0    0.0267    0.0    0.0029    0.0001    0.4006    0.0161    0.0    0.0041    0.0001    0.0021    0.0099    0.0001    0.0048    0.0    0.0055    
20241210 100625 INFO:---eval accuracy for ood at 1 of WDT_low--------------------------------------
20241210 100625 INFO:X   0.0    0.0    0.0    0.0    0.0    0.0    0.0    0.0033    0.2252    0.0    0.1005    0.0002    0.0    0.0    0.0375    0.0078    0.0    0.0    0.0127    0.0406    0.0003    0.0    0.0    0.0258    0.0    0.0026    0.0002    0.4022    0.0179    0.0    0.0041    0.0001    0.0021    0.0105    0.0001    0.0044    0.0    0.0054    
20241210 100829 INFO:---training accuracy at 1 of JJR_high--------------------------------------
20241210 100829 INFO:X   0.0    0.0    0.0    0.0    0.0    0.0    0.0023    0.0022    0.2692    0.0    0.1014    0.0041    0.0001    0.0003    0.0449    0.0084    0.0003    0.0    0.0169    X   0.0005    0.0011    0.0    0.0272    0.0041    0.0049    0.0106    0.3089    0.0226    0.0007    0.0119    0.0005    0.0025    0.0219    0.0003    0.0093    0.0002    0.0143    
20241210 101038 INFO:---eval accuracy for id at 1 of JJR_high--------------------------------------
20241210 101038 INFO:X   0.0    0.0    0.0    0.0    0.0    0.0    0.0003    0.0002    0.2552    0.0    0.1006    0.0    0.0    0.0    0.0361    0.0086    0.0    0.0    0.0113    0.0416    0.0003    0.0    0.0    0.0267    0.0    0.0029    0.0001    0.4006    0.0161    0.0    0.0041    0.0001    0.0021    0.0099    0.0001    0.0048    0.0    0.0055    
20241210 101106 INFO:---eval accuracy for ood at 1 of JJR_high--------------------------------------
20241210 101106 INFO:X   0.0    0.0    0.0    0.0    0.0    0.0    0.0    0.0033    0.2252    0.0    0.1005    0.0002    0.0    0.0    0.0375    0.0078    0.0    0.0    0.0127    0.0406    0.0003    0.0    0.0    0.0258    0.0    0.0026    0.0002    0.4022    0.0179    0.0    0.0041    0.0001    0.0021    0.0105    0.0001    0.0044    0.0    0.0054    
20241210 101615 INFO:---training accuracy at 1 of WDT_high--------------------------------------
20241210 101615 INFO:0.0    0.25    0.0    0.0    0.0    0.0    0.0    0.0006    0.0016    0.2652    0.0    0.1231    0.0038    0.0002    0.0003    0.0373    X   0.0002    0.0    0.0208    0.0346    0.0008    0.001    0.0    0.0279    0.0039    0.0025    0.0125    0.3109    0.0202    0.0013    0.0111    0.0006    0.0026    0.0214    0.0002    0.0113    0.0002    0.0133    
20241210 101824 INFO:---eval accuracy for id at 1 of WDT_high--------------------------------------
20241210 101824 INFO:X   0.0    0.0    0.0    0.0    0.0    0.0    0.0003    0.0002    0.2552    0.0    0.1006    0.0    0.0    0.0    0.0361    0.0086    0.0    0.0    0.0113    0.0416    0.0003    0.0    0.0    0.0267    0.0    0.0029    0.0001    0.4006    0.0161    0.0    0.0041    0.0001    0.0021    0.0099    0.0001    0.0048    0.0    0.0055    
20241210 101852 INFO:---eval accuracy for ood at 1 of WDT_high--------------------------------------
20241210 101852 INFO:X   0.0    0.0    0.0    0.0    0.0    0.0    0.0    0.0033    0.2252    0.0    0.1005    0.0002    0.0    0.0    0.0375    0.0078    0.0    0.0    0.0127    0.0406    0.0003    0.0    0.0    0.0258    0.0    0.0026    0.0002    0.4022    0.0179    0.0    0.0041    0.0001    0.0021    0.0105    0.0001    0.0044    0.0    0.0054    
