20241210 044950 INFO:---eval accuracy for id at 0 of base--------------------------------------
20241210 044950 INFO:X   0.0    0.0    0.0    0.0    0.0    0.0    0.0    0.0002    0.2646    0.0    0.1073    0.0    0.0    0.0    0.04    0.0082    0.0    0.0    0.0121    0.0474    0.0004    0.0    0.0    0.0251    0.0    0.002    0.0001    0.3862    0.0127    0.0    0.004    0.0001    0.0022    0.0071    0.0    0.0029    0.0    0.0023    
20241210 045017 INFO:---eval accuracy for ood at 0 of base--------------------------------------
20241210 045017 INFO:X   0.0    0.0    0.0    0.0    0.0    0.0    0.0    0.0033    0.2358    0.0    0.1089    0.0002    0.0    0.0    0.0421    0.0077    0.0    0.0    0.0132    0.047    0.0004    0.0    0.0    0.0242    0.0    0.0019    0.0001    0.3882    0.0142    0.0    0.004    0.0001    0.0023    0.0076    0.0    0.0028    0.0    0.0022    
20241210 045156 INFO:---training accuracy at 0 of JJR_low--------------------------------------
20241210 045156 INFO:X   0.0    0.0    0.0    0.0    0.0    0.0    0.0    0.0    0.0158    0.0    0.0063    0.0    0.0001    0.0    0.0016    0.0202    0.0    0.0    0.001    X   0.1177    0.0    0.0906    0.0598    0.0513    0.4333    0.4088    0.3546    0.2549    0.5845    0.2379    0.4708    0.2836    0.3998    0.3416    0.7018    0.7479    0.8805    
20241210 045404 INFO:---eval accuracy for id at 0 of JJR_low--------------------------------------
20241210 045404 INFO:X   0.0    0.0    0.0    0.0    0.0    0.0    0.0    0.0    0.0    0.0    0.0    0.0    0.0    0.0    0.0    0.2651    0.0    0.0    0.0    0.0    0.9082    0.0    0.5205    0.3383    0.0932    0.9324    0.948    0.8506    0.6661    0.9904    0.7677    0.8769    0.7496    0.8887    0.6793    0.9842    0.9717    0.8869    
20241210 045432 INFO:---eval accuracy for ood at 0 of JJR_low--------------------------------------
20241210 045432 INFO:X   0.0    0.0    0.0    0.0    0.0    0.0    0.0    0.0    0.0    0.0    0.0    0.0    0.0    0.0    0.0    0.1999    0.0    0.0    0.0    0.0    0.9026    0.0    0.5293    0.3271    0.0924    0.9316    0.9522    0.8442    0.6686    0.9898    0.7656    0.8652    0.7407    0.881    0.6711    0.9835    0.9703    0.8822    
20241210 045611 INFO:---training accuracy at 0 of WDT_low--------------------------------------
20241210 045611 INFO:0.0    0.0    0.0    0.0    0.0    0.0    0.0    0.0    0.0    0.0    0.0    0.0    0.0    0.0    0.0    0.0    X   0.0    0.0    0.0    0.0    0.6602    0.0    0.5321    0.3617    0.1307    0.8854    0.9327    0.8365    0.7095    0.9891    0.7338    0.8681    0.7439    0.8787    0.6783    0.9801    0.9707    0.8919    
20241210 045819 INFO:---eval accuracy for id at 0 of WDT_low--------------------------------------
20241210 045819 INFO:X   0.0    0.0    0.0    0.0    0.0    0.0    0.0    0.0    0.0    0.0    0.0    0.0    0.0    0.0    0.0    0.1516    0.0    0.0    0.0    0.0    0.9319    0.0    0.5418    0.4305    0.0935    0.95    0.9505    0.8686    0.7183    0.9904    0.7815    0.8775    0.764    0.8902    0.6842    0.9834    0.9721    0.8838    
20241210 045847 INFO:---eval accuracy for ood at 0 of WDT_low--------------------------------------
20241210 045847 INFO:X   0.0    0.0    0.0    0.0    0.0    0.0    0.0    0.0    0.0    0.0    0.0    0.0    0.0    0.0    0.0    0.111    0.0    0.0    0.0    0.0    0.9287    0.0    0.5487    0.4184    0.0924    0.9496    0.9544    0.8601    0.7222    0.9898    0.7794    0.8659    0.7556    0.8825    0.676    0.9826    0.9708    0.879    
20241210 050050 INFO:---training accuracy at 0 of JJR_high--------------------------------------
20241210 050050 INFO:X   0.0    0.0    0.0    0.0    0.0    0.0    0.0    0.0    0.0    0.0    0.0    0.0    0.0    0.0    0.0    0.0675    0.0    0.0    0.0    X   0.6796    0.0    0.5042    0.3233    0.1359    0.963    0.9298    0.826    0.7131    0.9891    0.7409    0.861    0.7192    0.8869    0.6688    0.9741    0.9708    0.8859    
20241210 050258 INFO:---eval accuracy for id at 0 of JJR_high--------------------------------------
20241210 050258 INFO:X   0.0    0.0    0.0    0.0    0.0    0.0    0.0    0.0    0.0    0.0    0.0    0.0    0.0    0.0    0.0    0.1516    0.0    0.0    0.0    0.0    0.9319    0.0    0.5418    0.4305    0.0935    0.95    0.9505    0.8686    0.7183    0.9904    0.7815    0.8775    0.764    0.8902    0.6842    0.9834    0.9721    0.8838    
20241210 050325 INFO:---eval accuracy for ood at 0 of JJR_high--------------------------------------
20241210 050325 INFO:X   0.0    0.0    0.0    0.0    0.0    0.0    0.0    0.0    0.0    0.0    0.0    0.0    0.0    0.0    0.0    0.111    0.0    0.0    0.0    0.0    0.9287    0.0    0.5487    0.4184    0.0924    0.9496    0.9544    0.8601    0.7222    0.9898    0.7794    0.8659    0.7556    0.8825    0.676    0.9826    0.9708    0.879    
20241210 050830 INFO:---training accuracy at 0 of WDT_high--------------------------------------
20241210 050830 INFO:0.0    0.0    0.0    0.0    0.0    0.0    0.0    0.0    0.0    0.0    0.0    0.0    0.0    0.0    0.0    0.0    X   0.0    0.0    0.0    0.0    0.6652    0.0    0.5336    0.3639    0.1295    0.8876    0.9333    0.8369    0.7132    0.9893    0.7349    0.8683    0.7434    0.8786    0.6774    0.98    0.9706    0.8916    
20241210 051038 INFO:---eval accuracy for id at 0 of WDT_high--------------------------------------
20241210 051038 INFO:X   0.0    0.0    0.0    0.0    0.0    0.0    0.0    0.0    0.0    0.0    0.0    0.0    0.0    0.0    0.0    0.1516    0.0    0.0    0.0    0.0    0.9319    0.0    0.5418    0.4305    0.0935    0.95    0.9505    0.8686    0.7183    0.9904    0.7815    0.8775    0.764    0.8902    0.6842    0.9834    0.9721    0.8838    
20241210 051106 INFO:---eval accuracy for ood at 0 of WDT_high--------------------------------------
20241210 051106 INFO:X   0.0    0.0    0.0    0.0    0.0    0.0    0.0    0.0    0.0    0.0    0.0    0.0    0.0    0.0    0.0    0.111    0.0    0.0    0.0    0.0    0.9287    0.0    0.5487    0.4184    0.0924    0.9496    0.9544    0.8601    0.7222    0.9898    0.7794    0.8659    0.7556    0.8825    0.676    0.9826    0.9708    0.879    
20241210 051246 INFO:---training accuracy at 1 of JJR_low--------------------------------------
20241210 051246 INFO:X   0.0    0.0    0.0    0.0    0.0    0.0    0.0    0.0    0.0    0.0    0.0    0.0    0.0    0.0    0.0    0.0699    0.0    0.0    0.0    X   0.6803    0.0    0.5022    0.3236    0.1382    0.9636    0.9282    0.8273    0.7135    0.9891    0.7446    0.864    0.7202    0.8892    0.6717    0.9743    0.9711    0.8861    
20241210 051454 INFO:---eval accuracy for id at 1 of JJR_low--------------------------------------
20241210 051454 INFO:X   0.0    0.0    0.0    0.0    0.0    0.0    0.0    0.0    0.0    0.0    0.0    0.0    0.0    0.0    0.0    0.1516    0.0    0.0    0.0    0.0    0.9319    0.0    0.5418    0.4305    0.0935    0.95    0.9505    0.8686    0.7183    0.9904    0.7815    0.8775    0.764    0.8902    0.6842    0.9834    0.9721    0.8838    
20241210 051522 INFO:---eval accuracy for ood at 1 of JJR_low--------------------------------------
20241210 051522 INFO:X   0.0    0.0    0.0    0.0    0.0    0.0    0.0    0.0    0.0    0.0    0.0    0.0    0.0    0.0    0.0    0.111    0.0    0.0    0.0    0.0    0.9287    0.0    0.5487    0.4184    0.0924    0.9496    0.9544    0.8601    0.7222    0.9898    0.7794    0.8659    0.7556    0.8825    0.676    0.9826    0.9708    0.879    
20241210 051702 INFO:---training accuracy at 1 of WDT_low--------------------------------------
20241210 051702 INFO:0.0    0.0    0.0    0.0    0.0    0.0    0.0    0.0    0.0    0.0    0.0    0.0    0.0    0.0    0.0    0.0    X   0.0    0.0    0.0    0.0    0.6645    0.0    0.5354    0.3661    0.1308    0.8866    0.9335    0.8385    0.7131    0.9892    0.734    0.868    0.7446    0.8788    0.6783    0.9802    0.9707    0.8917    
20241210 051910 INFO:---eval accuracy for id at 1 of WDT_low--------------------------------------
20241210 051910 INFO:X   0.0    0.0    0.0    0.0    0.0    0.0    0.0    0.0    0.0    0.0    0.0    0.0    0.0    0.0    0.0    0.1516    0.0    0.0    0.0    0.0    0.9319    0.0    0.5418    0.4305    0.0935    0.95    0.9505    0.8686    0.7183    0.9904    0.7815    0.8775    0.764    0.8902    0.6842    0.9834    0.9721    0.8838    
20241210 051938 INFO:---eval accuracy for ood at 1 of WDT_low--------------------------------------
20241210 051938 INFO:X   0.0    0.0    0.0    0.0    0.0    0.0    0.0    0.0    0.0    0.0    0.0    0.0    0.0    0.0    0.0    0.111    0.0    0.0    0.0    0.0    0.9287    0.0    0.5487    0.4184    0.0924    0.9496    0.9544    0.8601    0.7222    0.9898    0.7794    0.8659    0.7556    0.8825    0.676    0.9826    0.9708    0.879    
20241210 052141 INFO:---training accuracy at 1 of JJR_high--------------------------------------
20241210 052141 INFO:X   0.0    0.0    0.0    0.0    0.0    0.0    0.0    0.0    0.0    0.0    0.0    0.0    0.0    0.0    0.0    0.0659    0.0    0.0    0.0    X   0.6806    0.0    0.503    0.3254    0.1371    0.9633    0.9291    0.8261    0.7133    0.9891    0.7415    0.8608    0.7183    0.8866    0.6686    0.9742    0.9708    0.8857    
20241210 052349 INFO:---eval accuracy for id at 1 of JJR_high--------------------------------------
20241210 052349 INFO:X   0.0    0.0    0.0    0.0    0.0    0.0    0.0    0.0    0.0    0.0    0.0    0.0    0.0    0.0    0.0    0.1516    0.0    0.0    0.0    0.0    0.9319    0.0    0.5418    0.4305    0.0935    0.95    0.9505    0.8686    0.7183    0.9904    0.7815    0.8775    0.764    0.8902    0.6842    0.9834    0.9721    0.8838    
20241210 052416 INFO:---eval accuracy for ood at 1 of JJR_high--------------------------------------
20241210 052416 INFO:X   0.0    0.0    0.0    0.0    0.0    0.0    0.0    0.0    0.0    0.0    0.0    0.0    0.0    0.0    0.0    0.111    0.0    0.0    0.0    0.0    0.9287    0.0    0.5487    0.4184    0.0924    0.9496    0.9544    0.8601    0.7222    0.9898    0.7794    0.8659    0.7556    0.8825    0.676    0.9826    0.9708    0.879    
20241210 052921 INFO:---training accuracy at 1 of WDT_high--------------------------------------
20241210 052921 INFO:0.0    0.0    0.0    0.0    0.0    0.0    0.0    0.0    0.0    0.0    0.0    0.0    0.0    0.0    0.0    0.0    X   0.0    0.0    0.0    0.0    0.6631    0.0    0.5335    0.3647    0.1299    0.8871    0.9332    0.8372    0.7136    0.9894    0.7351    0.8683    0.7436    0.8785    0.6771    0.98    0.9706    0.8918    
20241210 053129 INFO:---eval accuracy for id at 1 of WDT_high--------------------------------------
20241210 053129 INFO:X   0.0    0.0    0.0    0.0    0.0    0.0    0.0    0.0    0.0    0.0    0.0    0.0    0.0    0.0    0.0    0.1516    0.0    0.0    0.0    0.0    0.9319    0.0    0.5418    0.4305    0.0935    0.95    0.9505    0.8686    0.7183    0.9904    0.7815    0.8775    0.764    0.8902    0.6842    0.9834    0.9721    0.8838    
20241210 053157 INFO:---eval accuracy for ood at 1 of WDT_high--------------------------------------
20241210 053157 INFO:X   0.0    0.0    0.0    0.0    0.0    0.0    0.0    0.0    0.0    0.0    0.0    0.0    0.0    0.0    0.0    0.111    0.0    0.0    0.0    0.0    0.9287    0.0    0.5487    0.4184    0.0924    0.9496    0.9544    0.8601    0.7222    0.9898    0.7794    0.8659    0.7556    0.8825    0.676    0.9826    0.9708    0.879    
