20241210 062527 INFO:---eval accuracy for id at 0 of base--------------------------------------
20241210 062527 INFO:X   0.0    0.0    0.0    0.0    0.0    0.0    0.0    0.0002    0.2646    0.0    0.1073    0.0    0.0    0.0    0.04    0.0082    0.0    0.0    0.0121    0.0474    0.0004    0.0    0.0    0.0251    0.0    0.002    0.0001    0.3862    0.0127    0.0    0.004    0.0001    0.0022    0.0071    0.0    0.0029    0.0    0.0023    
20241210 062555 INFO:---eval accuracy for ood at 0 of base--------------------------------------
20241210 062555 INFO:X   0.0    0.0    0.0    0.0    0.0    0.0    0.0    0.0033    0.2358    0.0    0.1089    0.0002    0.0    0.0    0.0421    0.0077    0.0    0.0    0.0132    0.047    0.0004    0.0    0.0    0.0242    0.0    0.0019    0.0001    0.3882    0.0142    0.0    0.004    0.0001    0.0023    0.0076    0.0    0.0028    0.0    0.0022    
20241210 062734 INFO:---training accuracy at 0 of JJR_low--------------------------------------
20241210 062734 INFO:X   0.0    0.0    0.0    0.0    0.0    0.0    0.0    0.0    0.0929    0.0    0.0366    0.0006    0.0001    0.0    0.0107    0.0028    0.0    0.0    0.0051    X   0.0002    0.0005    0.0    0.0152    0.0023    0.0049    0.0044    0.1224    0.0215    0.0005    0.0038    0.0008    0.0011    0.0271    0.0007    0.0237    0.0034    0.6388    
20241210 062942 INFO:---eval accuracy for id at 0 of JJR_low--------------------------------------
20241210 062942 INFO:X   0.0    0.0    0.0    0.0    0.0    0.0    0.0    0.0    0.0001    0.0    0.0    0.0    0.0    0.0    0.0    0.0    0.0    0.0    0.0    0.0    0.0    0.0    0.0    0.0    0.0001    0.0    0.0    0.0001    0.0002    0.0    0.0    0.0002    0.0    0.0009    0.0    0.0037    0.0028    0.9987    
20241210 063009 INFO:---eval accuracy for ood at 0 of JJR_low--------------------------------------
20241210 063009 INFO:X   0.0    0.0    0.0    0.0    0.0    0.0    0.0    0.0    0.0    0.0    0.0    0.0    0.0    0.0    0.0    0.0    0.0    0.0    0.0    0.0    0.0    0.0    0.0    0.0001    0.0001    0.0    0.0    0.0001    0.0002    0.0    0.0    0.0002    0.0    0.0009    0.0    0.0037    0.0027    0.9987    
20241210 063149 INFO:---training accuracy at 0 of WDT_low--------------------------------------
20241210 063149 INFO:0.0    0.0    0.0    0.0    0.0    0.0    0.0    0.0    0.0    0.0    0.0    0.0    0.0    0.0    0.0    0.0    X   0.0    0.0    0.0    0.0    0.0    0.0    0.0    0.0    0.0001    0.0    0.0    0.0    0.0    0.0    0.0    0.0001    0.0    0.0008    0.0001    0.0026    0.0067    0.9986    
20241210 063357 INFO:---eval accuracy for id at 0 of WDT_low--------------------------------------
20241210 063357 INFO:X   0.0    0.0    0.0    0.0    0.0    0.0    0.0    0.0    0.0    0.0    0.0    0.0    0.0    0.0    0.0    0.0    0.0    0.0    0.0    0.0    0.0    0.0    0.0    0.0    0.0    0.0    0.0    0.0    0.0001    0.0    0.0    0.0001    0.0    0.0006    0.0    0.0038    0.004    0.9989    
20241210 063425 INFO:---eval accuracy for ood at 0 of WDT_low--------------------------------------
20241210 063425 INFO:X   0.0    0.0    0.0    0.0    0.0    0.0    0.0    0.0    0.0    0.0    0.0    0.0    0.0    0.0    0.0    0.0    0.0    0.0    0.0    0.0    0.0    0.0    0.0    0.0001    0.0001    0.0    0.0    0.0    0.0002    0.0    0.0    0.0001    0.0    0.0007    0.0    0.0038    0.004    0.9989    
20241210 063627 INFO:---training accuracy at 0 of JJR_high--------------------------------------
20241210 063627 INFO:X   0.0    0.0    0.0    0.0    0.0    0.0    0.0    0.0    0.0    0.0    0.0    0.0    0.0    0.0    0.0    0.0    0.0    0.0    0.0    X   0.0    0.0    0.0    0.0    0.0001    0.0    0.0    0.0    0.0    0.0    0.0    0.0001    0.0    0.0008    0.0    0.0023    0.0084    0.9985    
20241210 063835 INFO:---eval accuracy for id at 0 of JJR_high--------------------------------------
20241210 063835 INFO:X   0.0    0.0    0.0    0.0    0.0    0.0    0.0    0.0    0.0    0.0    0.0    0.0    0.0    0.0    0.0    0.0    0.0    0.0    0.0    0.0    0.0    0.0    0.0    0.0    0.0    0.0    0.0    0.0    0.0001    0.0    0.0    0.0001    0.0    0.0006    0.0    0.0038    0.004    0.9989    
20241210 063903 INFO:---eval accuracy for ood at 0 of JJR_high--------------------------------------
20241210 063903 INFO:X   0.0    0.0    0.0    0.0    0.0    0.0    0.0    0.0    0.0    0.0    0.0    0.0    0.0    0.0    0.0    0.0    0.0    0.0    0.0    0.0    0.0    0.0    0.0    0.0001    0.0001    0.0    0.0    0.0    0.0002    0.0    0.0    0.0001    0.0    0.0007    0.0    0.0038    0.004    0.9989    
20241210 064407 INFO:---training accuracy at 0 of WDT_high--------------------------------------
20241210 064407 INFO:0.0    0.0    0.0    0.0    0.0    0.0    0.0    0.0    0.0    0.0    0.0    0.0    0.0    0.0    0.0    0.0    X   0.0    0.0    0.0    0.0    0.0    0.0    0.0    0.0    0.0    0.0    0.0    0.0    0.0    0.0    0.0    0.0001    0.0    0.0007    0.0    0.0026    0.0066    0.9987    
20241210 064616 INFO:---eval accuracy for id at 0 of WDT_high--------------------------------------
20241210 064616 INFO:X   0.0    0.0    0.0    0.0    0.0    0.0    0.0    0.0    0.0    0.0    0.0    0.0    0.0    0.0    0.0    0.0    0.0    0.0    0.0    0.0    0.0    0.0    0.0    0.0    0.0    0.0    0.0    0.0    0.0001    0.0    0.0    0.0001    0.0    0.0006    0.0    0.0038    0.004    0.9989    
20241210 064643 INFO:---eval accuracy for ood at 0 of WDT_high--------------------------------------
20241210 064643 INFO:X   0.0    0.0    0.0    0.0    0.0    0.0    0.0    0.0    0.0    0.0    0.0    0.0    0.0    0.0    0.0    0.0    0.0    0.0    0.0    0.0    0.0    0.0    0.0    0.0001    0.0001    0.0    0.0    0.0    0.0002    0.0    0.0    0.0001    0.0    0.0007    0.0    0.0038    0.004    0.9989    
20241210 064823 INFO:---training accuracy at 1 of JJR_low--------------------------------------
20241210 064823 INFO:X   0.0    0.0    0.0    0.0    0.0    0.0    0.0    0.0    0.0    0.0    0.0    0.0    0.0    0.0    0.0    0.0    0.0    0.0    0.0    X   0.0    0.0    0.0    0.0    0.0001    0.0    0.0    0.0    0.0001    0.0    0.0    0.0001    0.0    0.0008    0.0001    0.0023    0.0087    0.9985    
20241210 065031 INFO:---eval accuracy for id at 1 of JJR_low--------------------------------------
20241210 065031 INFO:X   0.0    0.0    0.0    0.0    0.0    0.0    0.0    0.0    0.0    0.0    0.0    0.0    0.0    0.0    0.0    0.0    0.0    0.0    0.0    0.0    0.0    0.0    0.0    0.0    0.0    0.0    0.0    0.0    0.0001    0.0    0.0    0.0001    0.0    0.0006    0.0    0.0038    0.004    0.9989    
20241210 065059 INFO:---eval accuracy for ood at 1 of JJR_low--------------------------------------
20241210 065059 INFO:X   0.0    0.0    0.0    0.0    0.0    0.0    0.0    0.0    0.0    0.0    0.0    0.0    0.0    0.0    0.0    0.0    0.0    0.0    0.0    0.0    0.0    0.0    0.0    0.0001    0.0001    0.0    0.0    0.0    0.0002    0.0    0.0    0.0001    0.0    0.0007    0.0    0.0038    0.004    0.9989    
20241210 065238 INFO:---training accuracy at 1 of WDT_low--------------------------------------
20241210 065238 INFO:0.0    0.0    0.0    0.0    0.0    0.0    0.0    0.0    0.0    0.0    0.0    0.0    0.0    0.0    0.0    0.0    X   0.0    0.0    0.0    0.0    0.0    0.0    0.0    0.0    0.0    0.0    0.0    0.0    0.0    0.0    0.0    0.0001    0.0    0.0008    0.0    0.0027    0.0067    0.9987    
20241210 065447 INFO:---eval accuracy for id at 1 of WDT_low--------------------------------------
20241210 065447 INFO:X   0.0    0.0    0.0    0.0    0.0    0.0    0.0    0.0    0.0    0.0    0.0    0.0    0.0    0.0    0.0    0.0    0.0    0.0    0.0    0.0    0.0    0.0    0.0    0.0    0.0    0.0    0.0    0.0    0.0001    0.0    0.0    0.0001    0.0    0.0006    0.0    0.0038    0.004    0.9989    
20241210 065514 INFO:---eval accuracy for ood at 1 of WDT_low--------------------------------------
20241210 065514 INFO:X   0.0    0.0    0.0    0.0    0.0    0.0    0.0    0.0    0.0    0.0    0.0    0.0    0.0    0.0    0.0    0.0    0.0    0.0    0.0    0.0    0.0    0.0    0.0    0.0001    0.0001    0.0    0.0    0.0    0.0002    0.0    0.0    0.0001    0.0    0.0007    0.0    0.0038    0.004    0.9989    
20241210 065717 INFO:---training accuracy at 1 of JJR_high--------------------------------------
20241210 065717 INFO:X   0.0    0.0    0.0    0.0    0.0    0.0    0.0    0.0    0.0    0.0    0.0    0.0    0.0    0.0    0.0    0.0    0.0    0.0    0.0    X   0.0    0.0    0.0    0.0    0.0    0.0    0.0    0.0    0.0    0.0    0.0    0.0001    0.0    0.0008    0.0001    0.0023    0.0084    0.9985    
20241210 065925 INFO:---eval accuracy for id at 1 of JJR_high--------------------------------------
20241210 065925 INFO:X   0.0    0.0    0.0    0.0    0.0    0.0    0.0    0.0    0.0    0.0    0.0    0.0    0.0    0.0    0.0    0.0    0.0    0.0    0.0    0.0    0.0    0.0    0.0    0.0    0.0    0.0    0.0    0.0    0.0001    0.0    0.0    0.0001    0.0    0.0006    0.0    0.0038    0.004    0.9989    
20241210 065953 INFO:---eval accuracy for ood at 1 of JJR_high--------------------------------------
20241210 065953 INFO:X   0.0    0.0    0.0    0.0    0.0    0.0    0.0    0.0    0.0    0.0    0.0    0.0    0.0    0.0    0.0    0.0    0.0    0.0    0.0    0.0    0.0    0.0    0.0    0.0001    0.0001    0.0    0.0    0.0    0.0002    0.0    0.0    0.0001    0.0    0.0007    0.0    0.0038    0.004    0.9989    
20241210 070457 INFO:---training accuracy at 1 of WDT_high--------------------------------------
20241210 070457 INFO:0.0    0.0    0.0    0.0    0.0    0.0    0.0    0.0    0.0    0.0    0.0    0.0    0.0    0.0    0.0    0.0    X   0.0    0.0    0.0    0.0    0.0    0.0    0.0    0.0    0.0    0.0    0.0    0.0    0.0    0.0    0.0    0.0001    0.0    0.0007    0.0    0.0025    0.0067    0.9987    
20241210 070705 INFO:---eval accuracy for id at 1 of WDT_high--------------------------------------
20241210 070705 INFO:X   0.0    0.0    0.0    0.0    0.0    0.0    0.0    0.0    0.0    0.0    0.0    0.0    0.0    0.0    0.0    0.0    0.0    0.0    0.0    0.0    0.0    0.0    0.0    0.0    0.0    0.0    0.0    0.0    0.0001    0.0    0.0    0.0001    0.0    0.0006    0.0    0.0038    0.004    0.9989    
20241210 070733 INFO:---eval accuracy for ood at 1 of WDT_high--------------------------------------
20241210 070733 INFO:X   0.0    0.0    0.0    0.0    0.0    0.0    0.0    0.0    0.0    0.0    0.0    0.0    0.0    0.0    0.0    0.0    0.0    0.0    0.0    0.0    0.0    0.0    0.0    0.0001    0.0001    0.0    0.0    0.0    0.0002    0.0    0.0    0.0001    0.0    0.0007    0.0    0.0038    0.004    0.9989    
