20241210 071317 INFO:---eval accuracy for id at 0 of base--------------------------------------
20241210 071317 INFO:X   0.0    0.0    0.0    0.0    0.0    0.0    0.0    0.0002    0.2646    0.0    0.1073    0.0    0.0    0.0    0.04    0.0082    0.0    0.0    0.0121    0.0474    0.0004    0.0    0.0    0.0251    0.0    0.002    0.0001    0.3862    0.0127    0.0    0.004    0.0001    0.0022    0.0071    0.0    0.0029    0.0    0.0023    
20241210 071344 INFO:---eval accuracy for ood at 0 of base--------------------------------------
20241210 071344 INFO:X   0.0    0.0    0.0    0.0    0.0    0.0    0.0    0.0033    0.2358    0.0    0.1089    0.0002    0.0    0.0    0.0421    0.0077    0.0    0.0    0.0132    0.047    0.0004    0.0    0.0    0.0242    0.0    0.0019    0.0001    0.3882    0.0142    0.0    0.004    0.0001    0.0023    0.0076    0.0    0.0028    0.0    0.0022    
20241210 071524 INFO:---training accuracy at 0 of JJR_low--------------------------------------
20241210 071524 INFO:X   0.0    0.0    0.0    0.0    0.0    0.005    0.0014    0.0014    0.1731    0.0    0.0649    0.0011    0.0001    0.0001    0.0212    0.0057    0.0001    0.0    0.0093    X   0.0003    0.001    0.0    0.03    0.0037    0.0092    0.0079    0.2364    0.0393    0.0009    0.0074    0.001    0.0022    0.0455    0.0012    0.0364    0.0016    0.3085    
20241210 071731 INFO:---eval accuracy for id at 0 of JJR_low--------------------------------------
20241210 071731 INFO:X   0.0    0.0    0.0    0.0    0.0    0.0    0.0    0.0    0.062    0.0    0.0205    0.0    0.0    0.0    0.0042    0.0011    0.0    0.0    0.0012    0.0021    0.0    0.0    0.0    0.0136    0.0002    0.0058    0.0034    0.1137    0.036    0.0001    0.0033    0.0014    0.0013    0.0434    0.0005    0.0468    0.0001    0.7193    
20241210 071759 INFO:---eval accuracy for ood at 0 of JJR_low--------------------------------------
20241210 071759 INFO:X   0.0    0.0    0.0    0.0    0.0    0.0    0.0    0.0    0.0576    0.0    0.0187    0.0002    0.0    0.0    0.0056    0.0009    0.0    0.0    0.001    0.0021    0.0    0.0    0.0    0.0135    0.0002    0.0051    0.0038    0.1128    0.0394    0.0001    0.0033    0.0013    0.0013    0.0456    0.0006    0.0463    0.0001    0.7164    
20241210 071939 INFO:---training accuracy at 0 of WDT_low--------------------------------------
20241210 071939 INFO:0.0    0.0    0.0    0.0    0.0    0.0    0.0    0.0    0.0    0.0651    0.0    0.0251    0.0003    0.0    0.0    0.0056    X   0.0001    0.0    0.0027    0.003    0.0001    0.0002    0.0    0.0198    0.0022    0.0037    0.0051    0.0933    0.0326    0.001    0.003    0.0018    0.0015    0.0498    0.0014    0.062    0.0026    0.7332    
20241210 072146 INFO:---eval accuracy for id at 0 of WDT_low--------------------------------------
20241210 072146 INFO:X   0.0    0.0    0.0    0.0    0.0    0.0    0.0    0.0    0.0544    0.0    0.018    0.0    0.0    0.0    0.0038    0.0008    0.0    0.0    0.001    0.0016    0.0    0.0    0.0    0.0123    0.0002    0.0052    0.0035    0.1004    0.0342    0.0001    0.0031    0.0014    0.0013    0.0409    0.0005    0.046    0.0001    0.7496    
20241210 072214 INFO:---eval accuracy for ood at 0 of WDT_low--------------------------------------
20241210 072214 INFO:X   0.0    0.0    0.0    0.0    0.0    0.0    0.0    0.0    0.0505    0.0    0.0176    0.0002    0.0    0.0    0.0051    0.0006    0.0    0.0    0.0008    0.0015    0.0    0.0    0.0    0.0124    0.0002    0.0045    0.0039    0.0991    0.0373    0.0001    0.0031    0.0013    0.0013    0.0429    0.0006    0.0458    0.0001    0.7465    
20241210 072417 INFO:---training accuracy at 0 of JJR_high--------------------------------------
20241210 072417 INFO:X   0.0    0.0    0.0    0.0    0.0    0.0    0.0    0.0    0.0532    0.0    0.0214    0.0004    0.0    0.0    0.0052    0.0014    0.0    0.0    0.0014    X   0.0    0.0003    0.0    0.0197    0.0026    0.0065    0.0042    0.0906    0.0357    0.0007    0.0035    0.0015    0.0014    0.049    0.0015    0.0493    0.0034    0.7426    
20241210 072625 INFO:---eval accuracy for id at 0 of JJR_high--------------------------------------
20241210 072625 INFO:X   0.0    0.0    0.0    0.0    0.0    0.0    0.0    0.0    0.0544    0.0    0.018    0.0    0.0    0.0    0.0038    0.0008    0.0    0.0    0.001    0.0016    0.0    0.0    0.0    0.0123    0.0002    0.0052    0.0035    0.1004    0.0342    0.0001    0.0031    0.0014    0.0013    0.0409    0.0005    0.046    0.0001    0.7496    
20241210 072652 INFO:---eval accuracy for ood at 0 of JJR_high--------------------------------------
20241210 072652 INFO:X   0.0    0.0    0.0    0.0    0.0    0.0    0.0    0.0    0.0505    0.0    0.0176    0.0002    0.0    0.0    0.0051    0.0006    0.0    0.0    0.0008    0.0015    0.0    0.0    0.0    0.0124    0.0002    0.0045    0.0039    0.0991    0.0373    0.0001    0.0031    0.0013    0.0013    0.0429    0.0006    0.0458    0.0001    0.7465    
20241210 073156 INFO:---training accuracy at 0 of WDT_high--------------------------------------
20241210 073156 INFO:0.0    0.0    0.0    0.0    0.0    0.0    0.0    0.0    0.0    0.06    0.0    0.0256    0.0002    0.0001    0.0    0.006    X   0.0    0.0    0.0021    0.0032    0.0    0.0003    0.0    0.0197    0.0021    0.004    0.005    0.0906    0.0334    0.0009    0.0033    0.0017    0.0016    0.0494    0.0014    0.0617    0.0026    0.7349    
20241210 073404 INFO:---eval accuracy for id at 0 of WDT_high--------------------------------------
20241210 073404 INFO:X   0.0    0.0    0.0    0.0    0.0    0.0    0.0    0.0    0.0544    0.0    0.018    0.0    0.0    0.0    0.0038    0.0008    0.0    0.0    0.001    0.0016    0.0    0.0    0.0    0.0123    0.0002    0.0052    0.0035    0.1004    0.0342    0.0001    0.0031    0.0014    0.0013    0.0409    0.0005    0.046    0.0001    0.7496    
20241210 073432 INFO:---eval accuracy for ood at 0 of WDT_high--------------------------------------
20241210 073432 INFO:X   0.0    0.0    0.0    0.0    0.0    0.0    0.0    0.0    0.0505    0.0    0.0176    0.0002    0.0    0.0    0.0051    0.0006    0.0    0.0    0.0008    0.0015    0.0    0.0    0.0    0.0124    0.0002    0.0045    0.0039    0.0991    0.0373    0.0001    0.0031    0.0013    0.0013    0.0429    0.0006    0.0458    0.0001    0.7465    
20241210 073612 INFO:---training accuracy at 1 of JJR_low--------------------------------------
20241210 073612 INFO:X   0.0    0.0    0.0    0.0    0.0    0.0    0.0    0.0    0.064    0.0    0.022    0.0001    0.0001    0.0    0.0049    0.0014    0.0    0.0    0.0018    X   0.0    0.0003    0.0    0.0195    0.0026    0.007    0.0048    0.0898    0.0348    0.0006    0.0036    0.0013    0.0014    0.0488    0.0016    0.0492    0.0034    0.7424    
20241210 073820 INFO:---eval accuracy for id at 1 of JJR_low--------------------------------------
20241210 073820 INFO:X   0.0    0.0    0.0    0.0    0.0    0.0    0.0    0.0    0.0544    0.0    0.018    0.0    0.0    0.0    0.0038    0.0008    0.0    0.0    0.001    0.0016    0.0    0.0    0.0    0.0123    0.0002    0.0052    0.0035    0.1004    0.0342    0.0001    0.0031    0.0014    0.0013    0.0409    0.0005    0.046    0.0001    0.7496    
20241210 073848 INFO:---eval accuracy for ood at 1 of JJR_low--------------------------------------
20241210 073848 INFO:X   0.0    0.0    0.0    0.0    0.0    0.0    0.0    0.0    0.0505    0.0    0.0176    0.0002    0.0    0.0    0.0051    0.0006    0.0    0.0    0.0008    0.0015    0.0    0.0    0.0    0.0124    0.0002    0.0045    0.0039    0.0991    0.0373    0.0001    0.0031    0.0013    0.0013    0.0429    0.0006    0.0458    0.0001    0.7465    
20241210 074027 INFO:---training accuracy at 1 of WDT_low--------------------------------------
20241210 074027 INFO:0.0    0.0    0.0    0.0    0.0    0.0    0.0    0.0    0.0    0.0676    0.0    0.0213    0.0001    0.0001    0.0    0.0066    X   0.0001    0.0    0.0023    0.0031    0.0    0.0003    0.0    0.0202    0.0022    0.0038    0.005    0.0908    0.0338    0.001    0.0033    0.0016    0.0014    0.0492    0.0014    0.062    0.0027    0.7345    
20241210 074236 INFO:---eval accuracy for id at 1 of WDT_low--------------------------------------
20241210 074236 INFO:X   0.0    0.0    0.0    0.0    0.0    0.0    0.0    0.0    0.0544    0.0    0.018    0.0    0.0    0.0    0.0038    0.0008    0.0    0.0    0.001    0.0016    0.0    0.0    0.0    0.0123    0.0002    0.0052    0.0035    0.1004    0.0342    0.0001    0.0031    0.0014    0.0013    0.0409    0.0005    0.046    0.0001    0.7496    
20241210 074304 INFO:---eval accuracy for ood at 1 of WDT_low--------------------------------------
20241210 074304 INFO:X   0.0    0.0    0.0    0.0    0.0    0.0    0.0    0.0    0.0505    0.0    0.0176    0.0002    0.0    0.0    0.0051    0.0006    0.0    0.0    0.0008    0.0015    0.0    0.0    0.0    0.0124    0.0002    0.0045    0.0039    0.0991    0.0373    0.0001    0.0031    0.0013    0.0013    0.0429    0.0006    0.0458    0.0001    0.7465    
20241210 074506 INFO:---training accuracy at 1 of JJR_high--------------------------------------
20241210 074506 INFO:X   0.0    0.0    0.0    0.0    0.0    0.0    0.0    0.0    0.0612    0.0    0.0236    0.0002    0.0    0.0    0.0049    0.0015    0.0    0.0    0.0017    X   0.0    0.0003    0.0    0.0202    0.0026    0.0065    0.0044    0.0894    0.0357    0.0007    0.0036    0.0014    0.0014    0.0491    0.0015    0.0493    0.0033    0.7422    
20241210 074715 INFO:---eval accuracy for id at 1 of JJR_high--------------------------------------
20241210 074715 INFO:X   0.0    0.0    0.0    0.0    0.0    0.0    0.0    0.0    0.0544    0.0    0.018    0.0    0.0    0.0    0.0038    0.0008    0.0    0.0    0.001    0.0016    0.0    0.0    0.0    0.0123    0.0002    0.0052    0.0035    0.1004    0.0342    0.0001    0.0031    0.0014    0.0013    0.0409    0.0005    0.046    0.0001    0.7496    
20241210 074742 INFO:---eval accuracy for ood at 1 of JJR_high--------------------------------------
20241210 074742 INFO:X   0.0    0.0    0.0    0.0    0.0    0.0    0.0    0.0    0.0505    0.0    0.0176    0.0002    0.0    0.0    0.0051    0.0006    0.0    0.0    0.0008    0.0015    0.0    0.0    0.0    0.0124    0.0002    0.0045    0.0039    0.0991    0.0373    0.0001    0.0031    0.0013    0.0013    0.0429    0.0006    0.0458    0.0001    0.7465    
20241210 075247 INFO:---training accuracy at 1 of WDT_high--------------------------------------
20241210 075247 INFO:0.0    0.0    0.0    0.0    0.0    0.0    0.0    0.0003    0.0003    0.0594    0.0    0.0271    0.0002    0.0    0.0    0.0061    X   0.0001    0.0    0.0018    0.0031    0.0001    0.0003    0.0    0.0196    0.0021    0.0039    0.0048    0.0909    0.0333    0.001    0.0032    0.0017    0.0016    0.0493    0.0014    0.0617    0.0026    0.7352    
20241210 075455 INFO:---eval accuracy for id at 1 of WDT_high--------------------------------------
20241210 075455 INFO:X   0.0    0.0    0.0    0.0    0.0    0.0    0.0    0.0    0.0544    0.0    0.018    0.0    0.0    0.0    0.0038    0.0008    0.0    0.0    0.001    0.0016    0.0    0.0    0.0    0.0123    0.0002    0.0052    0.0035    0.1004    0.0342    0.0001    0.0031    0.0014    0.0013    0.0409    0.0005    0.046    0.0001    0.7496    
20241210 075523 INFO:---eval accuracy for ood at 1 of WDT_high--------------------------------------
20241210 075523 INFO:X   0.0    0.0    0.0    0.0    0.0    0.0    0.0    0.0    0.0505    0.0    0.0176    0.0002    0.0    0.0    0.0051    0.0006    0.0    0.0    0.0008    0.0015    0.0    0.0    0.0    0.0124    0.0002    0.0045    0.0039    0.0991    0.0373    0.0001    0.0031    0.0013    0.0013    0.0429    0.0006    0.0458    0.0001    0.7465    
