20241210 084845 INFO:---eval accuracy for id at 0 of base--------------------------------------
20241210 084845 INFO:X   0.0    0.0    0.0    0.0    0.0    0.0    0.0    0.0002    0.2646    0.0    0.1073    0.0    0.0    0.0    0.04    0.0082    0.0    0.0    0.0121    0.0474    0.0004    0.0    0.0    0.0251    0.0    0.002    0.0001    0.3862    0.0127    0.0    0.004    0.0001    0.0022    0.0071    0.0    0.0029    0.0    0.0023    
20241210 084912 INFO:---eval accuracy for ood at 0 of base--------------------------------------
20241210 084912 INFO:X   0.0    0.0    0.0    0.0    0.0    0.0    0.0    0.0033    0.2358    0.0    0.1089    0.0002    0.0    0.0    0.0421    0.0077    0.0    0.0    0.0132    0.047    0.0004    0.0    0.0    0.0242    0.0    0.0019    0.0001    0.3882    0.0142    0.0    0.004    0.0001    0.0023    0.0076    0.0    0.0028    0.0    0.0022    
20241210 085051 INFO:---training accuracy at 0 of JJR_low--------------------------------------
20241210 085051 INFO:X   0.0    0.0    0.0    0.0    0.0    0.0    0.0014    0.0021    0.275    0.0    0.1061    0.0039    0.0002    0.0001    0.0441    0.0086    0.0001    0.0    0.0174    X   0.0008    0.0013    0.0    0.0278    0.0045    0.0053    0.0109    0.3059    0.0231    0.0008    0.0114    0.0006    0.0026    0.0221    0.0003    0.0092    0.0002    0.0148    
20241210 085257 INFO:---eval accuracy for id at 0 of JJR_low--------------------------------------
20241210 085257 INFO:X   0.0    0.0    0.0    0.0    0.0    0.0    0.0003    0.0002    0.2487    0.0    0.0958    0.0    0.0    0.0    0.034    0.0087    0.0    0.0    0.0107    0.0378    0.0003    0.0    0.0    0.0277    0.0    0.0037    0.0002    0.4067    0.0186    0.0    0.0042    0.0001    0.0021    0.0122    0.0001    0.0064    0.0    0.0091    
20241210 085325 INFO:---eval accuracy for ood at 0 of JJR_low--------------------------------------
20241210 085325 INFO:X   0.0    0.0    0.0    0.0    0.0    0.0    0.0    0.0033    0.2207    0.0    0.0976    0.0002    0.0    0.0    0.0357    0.0079    0.0    0.0    0.0119    0.037    0.0003    0.0    0.0    0.0267    0.0    0.0031    0.0002    0.4081    0.0207    0.0    0.0041    0.0001    0.0021    0.0129    0.0001    0.0059    0.0    0.009    
20241210 085504 INFO:---training accuracy at 0 of WDT_low--------------------------------------
20241210 085504 INFO:0.0    0.0    0.0    0.0    0.0    0.0    0.0    0.0    0.005    0.2566    0.0    0.1157    0.004    0.0004    0.0004    0.0368    X   0.0001    0.0    0.0215    0.0312    0.0006    0.0009    0.0    0.0287    0.0036    0.0029    0.0128    0.3175    0.0223    0.0012    0.0107    0.0008    0.0025    0.0245    0.0003    0.0138    0.0002    0.0196    
20241210 085712 INFO:---eval accuracy for id at 0 of WDT_low--------------------------------------
20241210 085712 INFO:X   0.0    0.0    0.0    0.0    0.0    0.0    0.0003    0.0002    0.2482    0.0    0.0954    0.0    0.0    0.0    0.0339    0.0087    0.0    0.0    0.0107    0.0377    0.0003    0.0    0.0    0.0277    0.0    0.0037    0.0002    0.4072    0.0187    0.0    0.0042    0.0001    0.0021    0.0123    0.0001    0.0065    0.0    0.0094    
20241210 085739 INFO:---eval accuracy for ood at 0 of WDT_low--------------------------------------
20241210 085739 INFO:X   0.0    0.0    0.0    0.0    0.0    0.0    0.0    0.0033    0.2207    0.0    0.0976    0.0002    0.0    0.0    0.0354    0.0078    0.0    0.0    0.0118    0.037    0.0003    0.0    0.0    0.0268    0.0    0.0031    0.0002    0.4087    0.0208    0.0    0.0041    0.0001    0.0021    0.013    0.0001    0.006    0.0    0.0093    
20241210 085942 INFO:---training accuracy at 0 of JJR_high--------------------------------------
20241210 085942 INFO:X   0.0    0.0    0.0    0.0    0.0    0.0    0.0    0.0022    0.2723    0.0    0.103    0.003    0.0002    0.0001    0.0412    0.0085    0.0002    0.0    0.0175    X   0.0005    0.0015    0.0    0.0279    0.0045    0.006    0.0111    0.3135    0.0256    0.0008    0.011    0.0006    0.0025    0.0249    0.0004    0.0117    0.0003    0.0211    
20241210 090150 INFO:---eval accuracy for id at 0 of JJR_high--------------------------------------
20241210 090150 INFO:X   0.0    0.0    0.0    0.0    0.0    0.0    0.0003    0.0002    0.2482    0.0    0.0954    0.0    0.0    0.0    0.0339    0.0087    0.0    0.0    0.0107    0.0377    0.0003    0.0    0.0    0.0277    0.0    0.0037    0.0002    0.4072    0.0187    0.0    0.0042    0.0001    0.0021    0.0123    0.0001    0.0065    0.0    0.0094    
20241210 090217 INFO:---eval accuracy for ood at 0 of JJR_high--------------------------------------
20241210 090217 INFO:X   0.0    0.0    0.0    0.0    0.0    0.0    0.0    0.0033    0.2207    0.0    0.0976    0.0002    0.0    0.0    0.0354    0.0078    0.0    0.0    0.0118    0.037    0.0003    0.0    0.0    0.0268    0.0    0.0031    0.0002    0.4087    0.0208    0.0    0.0041    0.0001    0.0021    0.013    0.0001    0.006    0.0    0.0093    
20241210 090721 INFO:---training accuracy at 0 of WDT_high--------------------------------------
20241210 090721 INFO:0.0    0.0    0.0    0.0    0.0    0.0    0.0032    0.0019    0.0019    0.2612    0.0    0.1138    0.0033    0.0002    0.0002    0.0352    X   0.0002    0.0    0.0208    0.0316    0.0008    0.001    0.0    0.0295    0.0038    0.0032    0.0127    0.3158    0.0227    0.0012    0.0109    0.0007    0.0024    0.0241    0.0003    0.0139    0.0002    0.0197    
20241210 090929 INFO:---eval accuracy for id at 0 of WDT_high--------------------------------------
20241210 090929 INFO:X   0.0    0.0    0.0    0.0    0.0    0.0    0.0003    0.0002    0.2482    0.0    0.0954    0.0    0.0    0.0    0.0339    0.0087    0.0    0.0    0.0107    0.0377    0.0003    0.0    0.0    0.0277    0.0    0.0037    0.0002    0.4072    0.0187    0.0    0.0042    0.0001    0.0021    0.0123    0.0001    0.0065    0.0    0.0094    
20241210 090957 INFO:---eval accuracy for ood at 0 of WDT_high--------------------------------------
20241210 090957 INFO:X   0.0    0.0    0.0    0.0    0.0    0.0    0.0    0.0033    0.2207    0.0    0.0976    0.0002    0.0    0.0    0.0354    0.0078    0.0    0.0    0.0118    0.037    0.0003    0.0    0.0    0.0268    0.0    0.0031    0.0002    0.4087    0.0208    0.0    0.0041    0.0001    0.0021    0.013    0.0001    0.006    0.0    0.0093    
20241210 091137 INFO:---training accuracy at 1 of JJR_low--------------------------------------
20241210 091137 INFO:X   0.0    0.0    0.0    0.0    0.0    0.005    0.0    0.0021    0.2791    0.0    0.1061    0.0036    0.0005    0.0    0.0417    0.0086    0.0003    0.0    0.0173    X   0.0005    0.0015    0.0    0.0285    0.0042    0.0058    0.0105    0.3146    0.0252    0.0007    0.0113    0.0006    0.0026    0.025    0.0004    0.0114    0.0003    0.0212    
20241210 091345 INFO:---eval accuracy for id at 1 of JJR_low--------------------------------------
20241210 091345 INFO:X   0.0    0.0    0.0    0.0    0.0    0.0    0.0003    0.0002    0.2482    0.0    0.0954    0.0    0.0    0.0    0.0339    0.0087    0.0    0.0    0.0107    0.0377    0.0003    0.0    0.0    0.0277    0.0    0.0037    0.0002    0.4072    0.0187    0.0    0.0042    0.0001    0.0021    0.0123    0.0001    0.0065    0.0    0.0094    
20241210 091412 INFO:---eval accuracy for ood at 1 of JJR_low--------------------------------------
20241210 091412 INFO:X   0.0    0.0    0.0    0.0    0.0    0.0    0.0    0.0033    0.2207    0.0    0.0976    0.0002    0.0    0.0    0.0354    0.0078    0.0    0.0    0.0118    0.037    0.0003    0.0    0.0    0.0268    0.0    0.0031    0.0002    0.4087    0.0208    0.0    0.0041    0.0001    0.0021    0.013    0.0001    0.006    0.0    0.0093    
20241210 091552 INFO:---training accuracy at 1 of WDT_low--------------------------------------
20241210 091552 INFO:0.0    0.0    0.0    0.0    0.0    0.0    0.0    0.001    0.002    0.2636    0.0    0.1111    0.0032    0.0002    0.0    0.0357    X   0.0001    0.0    0.0216    0.0319    0.0008    0.0011    0.0    0.0293    0.0042    0.0032    0.0124    0.3161    0.0228    0.0013    0.0111    0.0006    0.0024    0.0244    0.0002    0.014    0.0002    0.0196    
20241210 091800 INFO:---eval accuracy for id at 1 of WDT_low--------------------------------------
20241210 091800 INFO:X   0.0    0.0    0.0    0.0    0.0    0.0    0.0003    0.0002    0.2482    0.0    0.0954    0.0    0.0    0.0    0.0339    0.0087    0.0    0.0    0.0107    0.0377    0.0003    0.0    0.0    0.0277    0.0    0.0037    0.0002    0.4072    0.0187    0.0    0.0042    0.0001    0.0021    0.0123    0.0001    0.0065    0.0    0.0094    
20241210 091828 INFO:---eval accuracy for ood at 1 of WDT_low--------------------------------------
20241210 091828 INFO:X   0.0    0.0    0.0    0.0    0.0    0.0    0.0    0.0033    0.2207    0.0    0.0976    0.0002    0.0    0.0    0.0354    0.0078    0.0    0.0    0.0118    0.037    0.0003    0.0    0.0    0.0268    0.0    0.0031    0.0002    0.4087    0.0208    0.0    0.0041    0.0001    0.0021    0.013    0.0001    0.006    0.0    0.0093    
20241210 092031 INFO:---training accuracy at 1 of JJR_high--------------------------------------
20241210 092031 INFO:X   0.0    0.0    0.0    0.0    0.0    0.0    0.0023    0.0011    0.264    0.0    0.099    0.004    0.0001    0.0003    0.0423    0.0083    0.0002    0.0    0.0165    X   0.0005    0.0011    0.0    0.0284    0.0041    0.0058    0.0108    0.3143    0.0252    0.0007    0.0115    0.0006    0.0025    0.025    0.0003    0.0114    0.0003    0.0213    
20241210 092239 INFO:---eval accuracy for id at 1 of JJR_high--------------------------------------
20241210 092239 INFO:X   0.0    0.0    0.0    0.0    0.0    0.0    0.0003    0.0002    0.2482    0.0    0.0954    0.0    0.0    0.0    0.0339    0.0087    0.0    0.0    0.0107    0.0377    0.0003    0.0    0.0    0.0277    0.0    0.0037    0.0002    0.4072    0.0187    0.0    0.0042    0.0001    0.0021    0.0123    0.0001    0.0065    0.0    0.0094    
20241210 092306 INFO:---eval accuracy for ood at 1 of JJR_high--------------------------------------
20241210 092306 INFO:X   0.0    0.0    0.0    0.0    0.0    0.0    0.0    0.0033    0.2207    0.0    0.0976    0.0002    0.0    0.0    0.0354    0.0078    0.0    0.0    0.0118    0.037    0.0003    0.0    0.0    0.0268    0.0    0.0031    0.0002    0.4087    0.0208    0.0    0.0041    0.0001    0.0021    0.013    0.0001    0.006    0.0    0.0093    
20241210 092812 INFO:---training accuracy at 1 of WDT_high--------------------------------------
20241210 092812 INFO:0.0    0.25    0.0    0.0    0.0    0.0    0.0    0.0006    0.0016    0.2593    0.0    0.1197    0.0034    0.0002    0.0003    0.0349    X   0.0002    0.0    0.0199    0.032    0.0007    0.001    0.0    0.0291    0.0038    0.0031    0.0126    0.3161    0.0228    0.0013    0.0107    0.0007    0.0026    0.0242    0.0003    0.014    0.0002    0.0197    
20241210 093020 INFO:---eval accuracy for id at 1 of WDT_high--------------------------------------
20241210 093020 INFO:X   0.0    0.0    0.0    0.0    0.0    0.0    0.0003    0.0002    0.2482    0.0    0.0954    0.0    0.0    0.0    0.0339    0.0087    0.0    0.0    0.0107    0.0377    0.0003    0.0    0.0    0.0277    0.0    0.0037    0.0002    0.4072    0.0187    0.0    0.0042    0.0001    0.0021    0.0123    0.0001    0.0065    0.0    0.0094    
20241210 093048 INFO:---eval accuracy for ood at 1 of WDT_high--------------------------------------
20241210 093048 INFO:X   0.0    0.0    0.0    0.0    0.0    0.0    0.0    0.0033    0.2207    0.0    0.0976    0.0002    0.0    0.0    0.0354    0.0078    0.0    0.0    0.0118    0.037    0.0003    0.0    0.0    0.0268    0.0    0.0031    0.0002    0.4087    0.0208    0.0    0.0041    0.0001    0.0021    0.013    0.0001    0.006    0.0    0.0093    
