20241210 102503 INFO:---eval accuracy for id at 0 of base--------------------------------------
20241210 102503 INFO:X   0.0    0.0    0.0    0.0    0.0    0.0    0.0    0.0002    0.2646    0.0    0.1073    0.0    0.0    0.0    0.04    0.0082    0.0    0.0    0.0121    0.0474    0.0004    0.0    0.0    0.0251    0.0    0.002    0.0001    0.3862    0.0127    0.0    0.004    0.0001    0.0022    0.0071    0.0    0.0029    0.0    0.0023    
20241210 102542 INFO:---eval accuracy for ood at 0 of base--------------------------------------
20241210 102542 INFO:X   0.0    0.0    0.0    0.0    0.0    0.0    0.0    0.0033    0.2358    0.0    0.1089    0.0002    0.0    0.0    0.0421    0.0077    0.0    0.0    0.0132    0.047    0.0004    0.0    0.0    0.0242    0.0    0.0019    0.0001    0.3882    0.0142    0.0    0.004    0.0001    0.0023    0.0076    0.0    0.0028    0.0    0.0022    
20241210 102758 INFO:---training accuracy at 0 of JJR_low--------------------------------------
20241210 102758 INFO:X   0.0    0.0    0.0    0.0    0.0    0.0    0.0014    0.0021    0.28    0.0    0.11    0.004    0.0002    0.0002    0.0474    0.0086    0.0001    0.0    0.018    X   0.0009    0.0012    0.0    0.0265    0.0044    0.0043    0.0105    0.2983    0.0199    0.0008    0.0118    0.0005    0.0028    0.0187    0.0002    0.0068    0.0002    0.0086    
20241210 103029 INFO:---eval accuracy for id at 0 of JJR_low--------------------------------------
20241210 103029 INFO:X   0.0    0.0    0.0    0.0    0.0    0.0    0.0003    0.0002    0.2624    0.0    0.1045    0.0    0.0    0.0    0.0387    0.0083    0.0    0.0    0.0117    0.0452    0.0003    0.0    0.0    0.0256    0.0    0.0022    0.0001    0.3914    0.0138    0.0    0.004    0.0001    0.0022    0.0079    0.0    0.0035    0.0    0.0031    
20241210 103109 INFO:---eval accuracy for ood at 0 of JJR_low--------------------------------------
20241210 103109 INFO:X   0.0    0.0    0.0    0.0    0.0    0.0    0.0    0.0033    0.2296    0.0    0.106    0.0002    0.0    0.0    0.0405    0.0077    0.0    0.0    0.013    0.0446    0.0004    0.0    0.0    0.0247    0.0    0.0021    0.0001    0.3933    0.0153    0.0    0.0041    0.0001    0.0022    0.0084    0.0    0.0032    0.0    0.003    
20241210 103328 INFO:---training accuracy at 0 of WDT_low--------------------------------------
20241210 103328 INFO:0.0    0.0    0.0    0.0    0.0    0.0    0.0    0.0    0.005    0.2651    0.0    0.125    0.0047    0.0004    0.0004    0.0414    X   0.0001    0.0    0.0232    0.0367    0.0008    0.0008    0.0    0.0267    0.0036    0.002    0.0124    0.3052    0.0176    0.0012    0.0114    0.0007    0.0026    0.019    0.0002    0.0088    0.0001    0.0085    
20241210 103619 INFO:---eval accuracy for id at 0 of WDT_low--------------------------------------
20241210 103619 INFO:X   0.0    0.0    0.0    0.0    0.0    0.0    0.0003    0.0002    0.2624    0.0    0.1046    0.0    0.0    0.0    0.0387    0.0083    0.0    0.0    0.0117    0.0452    0.0003    0.0    0.0    0.0256    0.0    0.0022    0.0001    0.3915    0.0138    0.0    0.004    0.0001    0.0022    0.0079    0.0    0.0035    0.0    0.0031    
20241210 103652 INFO:---eval accuracy for ood at 0 of WDT_low--------------------------------------
20241210 103652 INFO:X   0.0    0.0    0.0    0.0    0.0    0.0    0.0    0.0033    0.2296    0.0    0.106    0.0002    0.0    0.0    0.0405    0.0077    0.0    0.0    0.013    0.0446    0.0004    0.0    0.0    0.0247    0.0    0.0021    0.0001    0.3934    0.0153    0.0    0.0041    0.0001    0.0022    0.0085    0.0    0.0033    0.0    0.003    
20241210 103930 INFO:---training accuracy at 0 of JJR_high--------------------------------------
20241210 103930 INFO:X   0.0    0.0    0.0    0.0    0.0    0.0    0.0    0.0022    0.2769    0.0    0.1099    0.0036    0.0002    0.0003    0.0474    0.0086    0.0002    0.0    0.0186    X   0.0006    0.0012    0.0    0.0257    0.0045    0.0044    0.0108    0.3016    0.0198    0.0007    0.0116    0.0005    0.0027    0.0191    0.0002    0.0075    0.0002    0.0093    
20241210 104214 INFO:---eval accuracy for id at 0 of JJR_high--------------------------------------
20241210 104214 INFO:X   0.0    0.0    0.0    0.0    0.0    0.0    0.0003    0.0002    0.2624    0.0    0.1046    0.0    0.0    0.0    0.0387    0.0083    0.0    0.0    0.0117    0.0452    0.0003    0.0    0.0    0.0256    0.0    0.0022    0.0001    0.3915    0.0138    0.0    0.004    0.0001    0.0022    0.0079    0.0    0.0035    0.0    0.0031    
20241210 104250 INFO:---eval accuracy for ood at 0 of JJR_high--------------------------------------
20241210 104250 INFO:X   0.0    0.0    0.0    0.0    0.0    0.0    0.0    0.0033    0.2296    0.0    0.106    0.0002    0.0    0.0    0.0405    0.0077    0.0    0.0    0.013    0.0446    0.0004    0.0    0.0    0.0247    0.0    0.0021    0.0001    0.3934    0.0153    0.0    0.0041    0.0001    0.0022    0.0085    0.0    0.0033    0.0    0.003    
