20241210 040224 INFO:---eval accuracy for id at 0 of base--------------------------------------
20241210 040224 INFO:X   0.0    0.0    0.0    0.0    0.0    0.0    0.0    0.0002    0.2646    0.0    0.1073    0.0    0.0    0.0    0.04    0.0082    0.0    0.0    0.0121    0.0474    0.0004    0.0    0.0    0.0251    0.0    0.002    0.0001    0.3862    0.0127    0.0    0.004    0.0001    0.0022    0.0071    0.0    0.0029    0.0    0.0023    
20241210 040251 INFO:---eval accuracy for ood at 0 of base--------------------------------------
20241210 040251 INFO:X   0.0    0.0    0.0    0.0    0.0    0.0    0.0    0.0033    0.2358    0.0    0.1089    0.0002    0.0    0.0    0.0421    0.0077    0.0    0.0    0.0132    0.047    0.0004    0.0    0.0    0.0242    0.0    0.0019    0.0001    0.3882    0.0142    0.0    0.004    0.0001    0.0023    0.0076    0.0    0.0028    0.0    0.0022    
20241210 040430 INFO:---training accuracy at 0 of JJR_low--------------------------------------
20241210 040430 INFO:X   0.0    0.0    0.0    0.0    0.0    0.0    0.0    0.0    0.0095    0.0    0.0019    0.0    0.0    0.0    0.0009    0.3817    0.0001    0.0069    0.0715    X   0.5062    0.2721    0.4351    0.2798    0.2406    0.6574    0.6334    0.5519    0.5731    0.7314    0.4839    0.6137    0.5043    0.5898    0.4724    0.8047    0.8264    0.8838    
20241210 040636 INFO:---eval accuracy for id at 0 of JJR_low--------------------------------------
20241210 040636 INFO:X   0.0    0.0    0.0    0.0    0.0    0.0    0.0    0.0    0.0    0.0    0.0    0.0    0.0    0.0    0.0    0.924    0.0029    0.3812    0.6136    0.0    0.9904    0.9964    0.8689    0.8038    0.6282    0.9913    0.9887    0.8765    1.0    0.9905    0.8314    0.8897    0.8691    0.9148    0.7112    0.9946    0.9756    0.8958    
20241210 040704 INFO:---eval accuracy for ood at 0 of JJR_low--------------------------------------
20241210 040704 INFO:X   0.0    0.0    0.0    0.0    0.0    0.0    0.0    0.0    0.0    0.0    0.0    0.0    0.0    0.0    0.0    0.7091    0.0025    0.3916    0.6041    0.0    0.9896    0.9959    0.8664    0.7934    0.6156    0.9915    0.9885    0.8686    1.0    0.9901    0.8326    0.8772    0.8604    0.9081    0.7011    0.9945    0.9745    0.892    
20241210 040843 INFO:---training accuracy at 0 of WDT_low--------------------------------------
20241210 040843 INFO:0.0    0.0    0.0    0.0    0.0    0.0    0.0    0.0    0.0    0.0    0.0    0.0    0.0    0.0    0.0    0.0004    X   0.0072    0.2146    0.5855    0.0    0.9842    0.9878    0.8638    0.7742    0.5916    0.9794    0.9819    0.8714    0.9998    0.9904    0.8214    0.882    0.8578    0.9002    0.7024    0.9935    0.9749    0.9007    
20241210 041050 INFO:---eval accuracy for id at 0 of WDT_low--------------------------------------
20241210 041050 INFO:X   0.0    0.0    0.0    0.0    0.0    0.0    0.0    0.0    0.0    0.0    0.0    0.0    0.0    0.0    0.0    0.9143    0.0116    0.7469    0.6253    0.0    0.9904    0.9968    0.8724    0.8193    0.6389    0.9931    0.9888    0.8771    1.0    0.9905    0.8239    0.893    0.8719    0.9149    0.7089    0.9946    0.9751    0.8977    
20241210 041117 INFO:---eval accuracy for ood at 0 of WDT_low--------------------------------------
20241210 041117 INFO:X   0.0    0.0    0.0    0.0    0.0    0.0    0.0    0.0    0.0    0.0    0.0    0.0    0.0    0.0    0.0    0.7017    0.0105    0.7588    0.6176    0.0    0.9897    0.9964    0.87    0.8095    0.626    0.9931    0.9887    0.8693    1.0    0.9901    0.8253    0.8807    0.863    0.9082    0.6987    0.9946    0.9739    0.894    
20241210 041319 INFO:---training accuracy at 0 of JJR_high--------------------------------------
20241210 041319 INFO:X   0.0    0.0    0.0    0.0    0.0    0.0    0.0    0.0    0.0    0.0    0.0    0.0    0.0    0.0    0.0001    0.8648    0.0093    0.2289    0.5837    X   0.9849    0.9881    0.8766    0.7351    0.622    0.9924    0.9864    0.8473    0.9998    0.9903    0.8115    0.866    0.8357    0.9084    0.6863    0.9933    0.9754    0.8985    
20241210 041526 INFO:---eval accuracy for id at 0 of JJR_high--------------------------------------
20241210 041526 INFO:X   0.0    0.0    0.0    0.0    0.0    0.0    0.0    0.0    0.0    0.0    0.0    0.0    0.0    0.0    0.0    0.9143    0.0116    0.7469    0.6253    0.0    0.9904    0.9968    0.8724    0.8193    0.6389    0.9931    0.9888    0.8771    1.0    0.9905    0.8239    0.893    0.8719    0.9149    0.7089    0.9946    0.9751    0.8977    
20241210 041554 INFO:---eval accuracy for ood at 0 of JJR_high--------------------------------------
20241210 041554 INFO:X   0.0    0.0    0.0    0.0    0.0    0.0    0.0    0.0    0.0    0.0    0.0    0.0    0.0    0.0    0.0    0.7017    0.0105    0.7588    0.6176    0.0    0.9897    0.9964    0.87    0.8095    0.626    0.9931    0.9887    0.8693    1.0    0.9901    0.8253    0.8807    0.863    0.9082    0.6987    0.9946    0.9739    0.894    
20241210 042057 INFO:---training accuracy at 0 of WDT_high--------------------------------------
20241210 042057 INFO:0.0    0.0    0.0    0.0    0.0    0.0    0.0    0.0    0.0    0.0    0.0    0.0    0.0    0.0    0.0    0.0003    X   0.0078    0.2253    0.5862    0.0    0.9851    0.9881    0.864    0.7742    0.5926    0.9801    0.9821    0.8707    0.9997    0.9907    0.8229    0.8827    0.857    0.8998    0.7017    0.9935    0.9747    0.9008    
20241210 042304 INFO:---eval accuracy for id at 0 of WDT_high--------------------------------------
20241210 042304 INFO:X   0.0    0.0    0.0    0.0    0.0    0.0    0.0    0.0    0.0    0.0    0.0    0.0    0.0    0.0    0.0    0.9143    0.0116    0.7469    0.6253    0.0    0.9904    0.9968    0.8724    0.8193    0.6389    0.9931    0.9888    0.8771    1.0    0.9905    0.8239    0.893    0.8719    0.9149    0.7089    0.9946    0.9751    0.8977    
20241210 042332 INFO:---eval accuracy for ood at 0 of WDT_high--------------------------------------
20241210 042332 INFO:X   0.0    0.0    0.0    0.0    0.0    0.0    0.0    0.0    0.0    0.0    0.0    0.0    0.0    0.0    0.0    0.7017    0.0105    0.7588    0.6176    0.0    0.9897    0.9964    0.87    0.8095    0.626    0.9931    0.9887    0.8693    1.0    0.9901    0.8253    0.8807    0.863    0.9082    0.6987    0.9946    0.9739    0.894    
20241210 042511 INFO:---training accuracy at 1 of JJR_low--------------------------------------
20241210 042511 INFO:X   0.0    0.0    0.0    0.0    0.0    0.0    0.0    0.0    0.0    0.0    0.0    0.0    0.0    0.0    0.0001    0.8962    0.0109    0.2285    0.5842    X   0.9855    0.9887    0.8786    0.7396    0.6272    0.9925    0.9866    0.8487    0.9998    0.9904    0.8124    0.8681    0.8372    0.9105    0.6887    0.9934    0.9756    0.8986    
20241210 042718 INFO:---eval accuracy for id at 1 of JJR_low--------------------------------------
20241210 042718 INFO:X   0.0    0.0    0.0    0.0    0.0    0.0    0.0    0.0    0.0    0.0    0.0    0.0    0.0    0.0    0.0    0.9143    0.0116    0.7469    0.6253    0.0    0.9904    0.9968    0.8724    0.8193    0.6389    0.9931    0.9888    0.8771    1.0    0.9905    0.8239    0.893    0.8719    0.9149    0.7089    0.9946    0.9751    0.8977    
20241210 042746 INFO:---eval accuracy for ood at 1 of JJR_low--------------------------------------
20241210 042746 INFO:X   0.0    0.0    0.0    0.0    0.0    0.0    0.0    0.0    0.0    0.0    0.0    0.0    0.0    0.0    0.0    0.7017    0.0105    0.7588    0.6176    0.0    0.9897    0.9964    0.87    0.8095    0.626    0.9931    0.9887    0.8693    1.0    0.9901    0.8253    0.8807    0.863    0.9082    0.6987    0.9946    0.9739    0.894    
20241210 042925 INFO:---training accuracy at 1 of WDT_low--------------------------------------
20241210 042925 INFO:0.0    0.0    0.0    0.0    0.0    0.0    0.0    0.0    0.0    0.0    0.0    0.0    0.0    0.0    0.0    0.0    X   0.0059    0.22    0.5937    0.0    0.9842    0.9877    0.8641    0.7749    0.5928    0.9801    0.9823    0.8718    0.9997    0.9904    0.822    0.8823    0.858    0.8998    0.7023    0.9934    0.975    0.9008    
20241210 043133 INFO:---eval accuracy for id at 1 of WDT_low--------------------------------------
20241210 043133 INFO:X   0.0    0.0    0.0    0.0    0.0    0.0    0.0    0.0    0.0    0.0    0.0    0.0    0.0    0.0    0.0    0.9143    0.0116    0.7469    0.6253    0.0    0.9904    0.9968    0.8724    0.8193    0.6389    0.9931    0.9888    0.8771    1.0    0.9905    0.8239    0.893    0.8719    0.9149    0.7089    0.9946    0.9751    0.8977    
20241210 043200 INFO:---eval accuracy for ood at 1 of WDT_low--------------------------------------
20241210 043200 INFO:X   0.0    0.0    0.0    0.0    0.0    0.0    0.0    0.0    0.0    0.0    0.0    0.0    0.0    0.0    0.0    0.7017    0.0105    0.7588    0.6176    0.0    0.9897    0.9964    0.87    0.8095    0.626    0.9931    0.9887    0.8693    1.0    0.9901    0.8253    0.8807    0.863    0.9082    0.6987    0.9946    0.9739    0.894    
20241210 043403 INFO:---training accuracy at 1 of JJR_high--------------------------------------
20241210 043403 INFO:X   0.0    0.0    0.0    0.0    0.0    0.0    0.0    0.0    0.0    0.0    0.0    0.0    0.0    0.0    0.0001    0.8648    0.0098    0.2313    0.5877    X   0.9851    0.9874    0.8774    0.7366    0.6225    0.9923    0.9868    0.8476    0.9998    0.9904    0.8111    0.8659    0.8361    0.9081    0.6858    0.9933    0.9753    0.8987    
20241210 043610 INFO:---eval accuracy for id at 1 of JJR_high--------------------------------------
20241210 043610 INFO:X   0.0    0.0    0.0    0.0    0.0    0.0    0.0    0.0    0.0    0.0    0.0    0.0    0.0    0.0    0.0    0.9143    0.0116    0.7469    0.6253    0.0    0.9904    0.9968    0.8724    0.8193    0.6389    0.9931    0.9888    0.8771    1.0    0.9905    0.8239    0.893    0.8719    0.9149    0.7089    0.9946    0.9751    0.8977    
20241210 043637 INFO:---eval accuracy for ood at 1 of JJR_high--------------------------------------
20241210 043637 INFO:X   0.0    0.0    0.0    0.0    0.0    0.0    0.0    0.0    0.0    0.0    0.0    0.0    0.0    0.0    0.0    0.7017    0.0105    0.7588    0.6176    0.0    0.9897    0.9964    0.87    0.8095    0.626    0.9931    0.9887    0.8693    1.0    0.9901    0.8253    0.8807    0.863    0.9082    0.6987    0.9946    0.9739    0.894    
20241210 044141 INFO:---training accuracy at 1 of WDT_high--------------------------------------
20241210 044141 INFO:0.0    0.0    0.0    0.0    0.0    0.0    0.0    0.0    0.0    0.0    0.0    0.0    0.0    0.0    0.0    0.0002    X   0.0075    0.2222    0.5855    0.0    0.9852    0.9883    0.8637    0.7743    0.5924    0.98    0.982    0.8707    0.9998    0.9906    0.8226    0.8826    0.8568    0.8998    0.7013    0.9935    0.9747    0.9008    
20241210 044348 INFO:---eval accuracy for id at 1 of WDT_high--------------------------------------
20241210 044348 INFO:X   0.0    0.0    0.0    0.0    0.0    0.0    0.0    0.0    0.0    0.0    0.0    0.0    0.0    0.0    0.0    0.9143    0.0116    0.7469    0.6253    0.0    0.9904    0.9968    0.8724    0.8193    0.6389    0.9931    0.9888    0.8771    1.0    0.9905    0.8239    0.893    0.8719    0.9149    0.7089    0.9946    0.9751    0.8977    
20241210 044415 INFO:---eval accuracy for ood at 1 of WDT_high--------------------------------------
20241210 044415 INFO:X   0.0    0.0    0.0    0.0    0.0    0.0    0.0    0.0    0.0    0.0    0.0    0.0    0.0    0.0    0.0    0.7017    0.0105    0.7588    0.6176    0.0    0.9897    0.9964    0.87    0.8095    0.626    0.9931    0.9887    0.8693    1.0    0.9901    0.8253    0.8807    0.863    0.9082    0.6987    0.9946    0.9739    0.894    
