20241210 080109 INFO:---eval accuracy for id at 0 of base--------------------------------------
20241210 080109 INFO:X   0.0    0.0    0.0    0.0    0.0    0.0    0.0    0.0002    0.2646    0.0    0.1073    0.0    0.0    0.0    0.04    0.0082    0.0    0.0    0.0121    0.0474    0.0004    0.0    0.0    0.0251    0.0    0.002    0.0001    0.3862    0.0127    0.0    0.004    0.0001    0.0022    0.0071    0.0    0.0029    0.0    0.0023    
20241210 080136 INFO:---eval accuracy for ood at 0 of base--------------------------------------
20241210 080136 INFO:X   0.0    0.0    0.0    0.0    0.0    0.0    0.0    0.0033    0.2358    0.0    0.1089    0.0002    0.0    0.0    0.0421    0.0077    0.0    0.0    0.0132    0.047    0.0004    0.0    0.0    0.0242    0.0    0.0019    0.0001    0.3882    0.0142    0.0    0.004    0.0001    0.0023    0.0076    0.0    0.0028    0.0    0.0022    
20241210 080316 INFO:---training accuracy at 0 of JJR_low--------------------------------------
20241210 080316 INFO:X   0.0    0.0    0.0    0.0    0.0    0.0    0.0014    0.0021    0.2647    0.0    0.1028    0.0039    0.0002    0.0001    0.04    0.0084    0.0001    0.0    0.0161    X   0.0007    0.0014    0.0    0.0298    0.0044    0.0067    0.0109    0.3118    0.0276    0.0009    0.0109    0.0006    0.0025    0.027    0.0004    0.0131    0.0004    0.0295    
20241210 080523 INFO:---eval accuracy for id at 0 of JJR_low--------------------------------------
20241210 080523 INFO:X   0.0    0.0    0.0    0.0    0.0    0.0    0.0003    0.0    0.2255    0.0    0.0858    0.0    0.0    0.0    0.0287    0.0089    0.0    0.0    0.0095    0.0289    0.0002    0.0    0.0    0.03    0.0    0.0058    0.0003    0.4104    0.0263    0.0    0.0045    0.0003    0.002    0.0199    0.0002    0.0132    0.0    0.0313    
20241210 080551 INFO:---eval accuracy for ood at 0 of JJR_low--------------------------------------
20241210 080551 INFO:X   0.0    0.0    0.0    0.0    0.0    0.0    0.0    0.0022    0.2021    0.0    0.0834    0.0002    0.0    0.0    0.031    0.0078    0.0    0.0    0.0105    0.0287    0.0002    0.0    0.0    0.029    0.0    0.0049    0.0004    0.411    0.0286    0.0    0.0044    0.0002    0.002    0.021    0.0002    0.0124    0.0    0.031    
20241210 080731 INFO:---training accuracy at 0 of WDT_low--------------------------------------
20241210 080731 INFO:0.0    0.0    0.0    0.0    0.0    0.0    0.0    0.001    0.005    0.2379    0.0    0.1044    0.0035    0.0002    0.0001    0.0324    X   0.0002    0.0    0.0191    0.0252    0.0004    0.0011    0.0    0.0318    0.0036    0.0041    0.0126    0.3213    0.0294    0.0013    0.0095    0.001    0.0023    0.0323    0.0004    0.0232    0.0004    0.0502    
20241210 080939 INFO:---eval accuracy for id at 0 of WDT_low--------------------------------------
20241210 080939 INFO:X   0.0    0.0    0.0    0.0    0.0    0.0    0.0003    0.0    0.2243    0.0    0.0853    0.0    0.0    0.0    0.0284    0.0088    0.0    0.0    0.0094    0.0288    0.0002    0.0    0.0    0.0302    0.0    0.0058    0.0004    0.4107    0.0266    0.0    0.0045    0.0003    0.002    0.0202    0.0002    0.0136    0.0    0.033    
20241210 081007 INFO:---eval accuracy for ood at 0 of WDT_low--------------------------------------
20241210 081007 INFO:X   0.0    0.0    0.0    0.0    0.0    0.0    0.0    0.0022    0.2021    0.0    0.0834    0.0002    0.0    0.0    0.0307    0.0078    0.0    0.0    0.0103    0.0287    0.0002    0.0    0.0    0.0291    0.0    0.0049    0.0004    0.4112    0.0289    0.0    0.0044    0.0002    0.002    0.0213    0.0002    0.0128    0.0    0.0327    
20241210 081209 INFO:---training accuracy at 0 of JJR_high--------------------------------------
20241210 081209 INFO:X   0.0    0.0    0.0    0.0    0.0    0.0    0.0    0.0006    0.2518    0.0    0.0939    0.0023    0.0001    0.0002    0.0342    0.0079    0.0002    0.0    0.0157    X   0.0003    0.0016    0.0    0.0307    0.0044    0.0085    0.0108    0.3185    0.0331    0.0009    0.0099    0.0007    0.0024    0.0334    0.0007    0.0192    0.0006    0.0542    
20241210 081417 INFO:---eval accuracy for id at 0 of JJR_high--------------------------------------
20241210 081417 INFO:X   0.0    0.0    0.0    0.0    0.0    0.0    0.0003    0.0    0.2243    0.0    0.0853    0.0    0.0    0.0    0.0284    0.0088    0.0    0.0    0.0094    0.0288    0.0002    0.0    0.0    0.0302    0.0    0.0058    0.0004    0.4107    0.0266    0.0    0.0045    0.0003    0.002    0.0202    0.0002    0.0136    0.0    0.033    
20241210 081445 INFO:---eval accuracy for ood at 0 of JJR_high--------------------------------------
20241210 081445 INFO:X   0.0    0.0    0.0    0.0    0.0    0.0    0.0    0.0022    0.2021    0.0    0.0834    0.0002    0.0    0.0    0.0307    0.0078    0.0    0.0    0.0103    0.0287    0.0002    0.0    0.0    0.0291    0.0    0.0049    0.0004    0.4112    0.0289    0.0    0.0044    0.0002    0.002    0.0213    0.0002    0.0128    0.0    0.0327    
20241210 081949 INFO:---training accuracy at 0 of WDT_high--------------------------------------
20241210 081949 INFO:0.0    0.0    0.0    0.0    0.0    0.0    0.0032    0.0019    0.0019    0.2421    0.0    0.1036    0.0024    0.0002    0.0002    0.0299    X   0.0002    0.0    0.0186    0.0257    0.0006    0.0012    0.0    0.0324    0.0037    0.0045    0.0124    0.3194    0.0297    0.0013    0.0097    0.0008    0.0023    0.0321    0.0005    0.0232    0.0005    0.0505    
20241210 082157 INFO:---eval accuracy for id at 0 of WDT_high--------------------------------------
20241210 082157 INFO:X   0.0    0.0    0.0    0.0    0.0    0.0    0.0003    0.0    0.2243    0.0    0.0853    0.0    0.0    0.0    0.0284    0.0088    0.0    0.0    0.0094    0.0288    0.0002    0.0    0.0    0.0302    0.0    0.0058    0.0004    0.4107    0.0266    0.0    0.0045    0.0003    0.002    0.0202    0.0002    0.0136    0.0    0.033    
20241210 082225 INFO:---eval accuracy for ood at 0 of WDT_high--------------------------------------
20241210 082225 INFO:X   0.0    0.0    0.0    0.0    0.0    0.0    0.0    0.0022    0.2021    0.0    0.0834    0.0002    0.0    0.0    0.0307    0.0078    0.0    0.0    0.0103    0.0287    0.0002    0.0    0.0    0.0291    0.0    0.0049    0.0004    0.4112    0.0289    0.0    0.0044    0.0002    0.002    0.0213    0.0002    0.0128    0.0    0.0327    
20241210 082404 INFO:---training accuracy at 1 of JJR_low--------------------------------------
20241210 082404 INFO:X   0.0    0.0    0.0    0.0    0.0    0.005    0.0    0.0014    0.2471    0.0    0.0973    0.0033    0.0004    0.0    0.035    0.0084    0.0002    0.0    0.0154    X   0.0003    0.0016    0.0    0.0311    0.0042    0.008    0.0104    0.319    0.0332    0.0008    0.0101    0.0007    0.0026    0.0333    0.0006    0.0192    0.0006    0.0541    
20241210 082611 INFO:---eval accuracy for id at 1 of JJR_low--------------------------------------
20241210 082611 INFO:X   0.0    0.0    0.0    0.0    0.0    0.0    0.0003    0.0    0.2243    0.0    0.0853    0.0    0.0    0.0    0.0284    0.0088    0.0    0.0    0.0094    0.0288    0.0002    0.0    0.0    0.0302    0.0    0.0058    0.0004    0.4107    0.0266    0.0    0.0045    0.0003    0.002    0.0202    0.0002    0.0136    0.0    0.033    
20241210 082638 INFO:---eval accuracy for ood at 1 of JJR_low--------------------------------------
20241210 082638 INFO:X   0.0    0.0    0.0    0.0    0.0    0.0    0.0    0.0022    0.2021    0.0    0.0834    0.0002    0.0    0.0    0.0307    0.0078    0.0    0.0    0.0103    0.0287    0.0002    0.0    0.0    0.0291    0.0    0.0049    0.0004    0.4112    0.0289    0.0    0.0044    0.0002    0.002    0.0213    0.0002    0.0128    0.0    0.0327    
20241210 082818 INFO:---training accuracy at 1 of WDT_low--------------------------------------
20241210 082818 INFO:0.0    0.0    0.0    0.0    0.0    0.0    0.0    0.001    0.001    0.2482    0.0    0.1018    0.0024    0.0004    0.0    0.0322    X   0.0001    0.0    0.0189    0.0257    0.0006    0.0013    0.0    0.0322    0.004    0.0044    0.0121    0.32    0.0297    0.0014    0.0099    0.0008    0.0023    0.0325    0.0004    0.0232    0.0004    0.0503    
20241210 083026 INFO:---eval accuracy for id at 1 of WDT_low--------------------------------------
20241210 083026 INFO:X   0.0    0.0    0.0    0.0    0.0    0.0    0.0003    0.0    0.2243    0.0    0.0853    0.0    0.0    0.0    0.0284    0.0088    0.0    0.0    0.0094    0.0288    0.0002    0.0    0.0    0.0302    0.0    0.0058    0.0004    0.4107    0.0266    0.0    0.0045    0.0003    0.002    0.0202    0.0002    0.0136    0.0    0.033    
20241210 083054 INFO:---eval accuracy for ood at 1 of WDT_low--------------------------------------
20241210 083054 INFO:X   0.0    0.0    0.0    0.0    0.0    0.0    0.0    0.0022    0.2021    0.0    0.0834    0.0002    0.0    0.0    0.0307    0.0078    0.0    0.0    0.0103    0.0287    0.0002    0.0    0.0    0.0291    0.0    0.0049    0.0004    0.4112    0.0289    0.0    0.0044    0.0002    0.002    0.0213    0.0002    0.0128    0.0    0.0327    
20241210 083256 INFO:---training accuracy at 1 of JJR_high--------------------------------------
20241210 083256 INFO:X   0.0    0.0    0.0    0.0    0.0    0.0    0.0023    0.0011    0.2449    0.0    0.0896    0.0033    0.0001    0.0002    0.0349    0.008    0.0002    0.0    0.0146    X   0.0004    0.0013    0.0    0.0311    0.0041    0.0079    0.0107    0.3187    0.0332    0.0008    0.0104    0.0007    0.0023    0.0332    0.0006    0.0192    0.0006    0.0543    
20241210 083504 INFO:---eval accuracy for id at 1 of JJR_high--------------------------------------
20241210 083504 INFO:X   0.0    0.0    0.0    0.0    0.0    0.0    0.0003    0.0    0.2243    0.0    0.0853    0.0    0.0    0.0    0.0284    0.0088    0.0    0.0    0.0094    0.0288    0.0002    0.0    0.0    0.0302    0.0    0.0058    0.0004    0.4107    0.0266    0.0    0.0045    0.0003    0.002    0.0202    0.0002    0.0136    0.0    0.033    
20241210 083531 INFO:---eval accuracy for ood at 1 of JJR_high--------------------------------------
20241210 083531 INFO:X   0.0    0.0    0.0    0.0    0.0    0.0    0.0    0.0022    0.2021    0.0    0.0834    0.0002    0.0    0.0    0.0307    0.0078    0.0    0.0    0.0103    0.0287    0.0002    0.0    0.0    0.0291    0.0    0.0049    0.0004    0.4112    0.0289    0.0    0.0044    0.0002    0.002    0.0213    0.0002    0.0128    0.0    0.0327    
20241210 084036 INFO:---training accuracy at 1 of WDT_high--------------------------------------
20241210 084036 INFO:0.0    0.25    0.0    0.0    0.0    0.0    0.0    0.0006    0.0013    0.238    0.0    0.1092    0.0028    0.0002    0.0002    0.0309    X   0.0001    0.0    0.0171    0.0258    0.0006    0.0011    0.0    0.032    0.0038    0.0045    0.0122    0.3191    0.0297    0.0014    0.0094    0.0008    0.0024    0.0321    0.0004    0.0233    0.0005    0.0506    
20241210 084244 INFO:---eval accuracy for id at 1 of WDT_high--------------------------------------
20241210 084244 INFO:X   0.0    0.0    0.0    0.0    0.0    0.0    0.0003    0.0    0.2243    0.0    0.0853    0.0    0.0    0.0    0.0284    0.0088    0.0    0.0    0.0094    0.0288    0.0002    0.0    0.0    0.0302    0.0    0.0058    0.0004    0.4107    0.0266    0.0    0.0045    0.0003    0.002    0.0202    0.0002    0.0136    0.0    0.033    
20241210 084312 INFO:---eval accuracy for ood at 1 of WDT_high--------------------------------------
20241210 084312 INFO:X   0.0    0.0    0.0    0.0    0.0    0.0    0.0    0.0022    0.2021    0.0    0.0834    0.0002    0.0    0.0    0.0307    0.0078    0.0    0.0    0.0103    0.0287    0.0002    0.0    0.0    0.0291    0.0    0.0049    0.0004    0.4112    0.0289    0.0    0.0044    0.0002    0.002    0.0213    0.0002    0.0128    0.0    0.0327    
