20241210 053740 INFO:---eval accuracy for id at 0 of base--------------------------------------
20241210 053740 INFO:X   0.0    0.0    0.0    0.0    0.0    0.0    0.0    0.0002    0.2646    0.0    0.1073    0.0    0.0    0.0    0.04    0.0082    0.0    0.0    0.0121    0.0474    0.0004    0.0    0.0    0.0251    0.0    0.002    0.0001    0.3862    0.0127    0.0    0.004    0.0001    0.0022    0.0071    0.0    0.0029    0.0    0.0023    
20241210 053808 INFO:---eval accuracy for ood at 0 of base--------------------------------------
20241210 053808 INFO:X   0.0    0.0    0.0    0.0    0.0    0.0    0.0    0.0033    0.2358    0.0    0.1089    0.0002    0.0    0.0    0.0421    0.0077    0.0    0.0    0.0132    0.047    0.0004    0.0    0.0    0.0242    0.0    0.0019    0.0001    0.3882    0.0142    0.0    0.004    0.0001    0.0023    0.0076    0.0    0.0028    0.0    0.0022    
20241210 053947 INFO:---training accuracy at 0 of JJR_low--------------------------------------
20241210 053947 INFO:X   0.0    0.0    0.0    0.0    0.0    0.0    0.0    0.0    0.0487    0.0    0.0187    0.0004    0.0001    0.0    0.0051    0.0015    0.0    0.0    0.0024    X   0.0001    0.0002    0.0    0.0067    0.001    0.0021    0.002    0.0576    0.0099    0.005    0.0017    0.0017    0.0007    0.0141    0.0023    0.1541    0.3241    0.8187    
20241210 054156 INFO:---eval accuracy for id at 0 of JJR_low--------------------------------------
20241210 054156 INFO:X   0.0    0.0    0.0    0.0    0.0    0.0    0.0    0.0    0.0    0.0    0.0    0.0    0.0    0.0    0.0    0.0    0.0    0.0    0.0    0.0    0.0    0.0    0.0    0.0    0.0    0.0001    0.0    0.0    0.0    0.0445    0.0    0.0185    0.0028    0.0011    0.0035    0.7001    0.915    0.9719    
20241210 054223 INFO:---eval accuracy for ood at 0 of JJR_low--------------------------------------
20241210 054223 INFO:X   0.0    0.0    0.0    0.0    0.0    0.0    0.0    0.0    0.0    0.0    0.0    0.0    0.0    0.0    0.0    0.0    0.0    0.0    0.0    0.0    0.0    0.0    0.0    0.0    0.0    0.0    0.0    0.0    0.0    0.0472    0.0    0.0164    0.0026    0.001    0.0033    0.6879    0.9162    0.9705    
20241210 054403 INFO:---training accuracy at 0 of WDT_low--------------------------------------
20241210 054403 INFO:0.0    0.0    0.0    0.0    0.0    0.0    0.0    0.0    0.0    0.0    0.0    0.0    0.0    0.0    0.0    0.0    X   0.0    0.0    0.0    0.0    0.0    0.0    0.0    0.0    0.0    0.0001    0.0    0.0    0.0    0.0346    0.0    0.0094    0.0018    0.0036    0.008    0.6732    0.8357    0.9793    
20241210 054612 INFO:---eval accuracy for id at 0 of WDT_low--------------------------------------
20241210 054612 INFO:X   0.0    0.0    0.0    0.0    0.0    0.0    0.0    0.0    0.0    0.0    0.0    0.0    0.0    0.0    0.0    0.0    0.0    0.0    0.0    0.0    0.0    0.0    0.0    0.0    0.0    0.0    0.0    0.0    0.0    0.0558    0.0    0.0213    0.0034    0.0008    0.0035    0.7743    0.9029    0.9722    
20241210 054639 INFO:---eval accuracy for ood at 0 of WDT_low--------------------------------------
20241210 054639 INFO:X   0.0    0.0    0.0    0.0    0.0    0.0    0.0    0.0    0.0    0.0    0.0    0.0    0.0    0.0    0.0    0.0    0.0    0.0    0.0    0.0    0.0    0.0    0.0    0.0    0.0    0.0    0.0    0.0    0.0    0.0589    0.0    0.019    0.0033    0.0007    0.0033    0.7644    0.9042    0.9708    
20241210 054842 INFO:---training accuracy at 0 of JJR_high--------------------------------------
20241210 054842 INFO:X   0.0    0.0    0.0    0.0    0.0    0.0    0.0    0.0    0.0    0.0    0.0    0.0    0.0    0.0    0.0    0.0    0.0    0.0    0.0    X   0.0    0.0    0.0    0.0    0.0001    0.0001    0.0001    0.0    0.0    0.0308    0.0    0.0073    0.0019    0.0031    0.0069    0.6233    0.8401    0.9783    
20241210 055051 INFO:---eval accuracy for id at 0 of JJR_high--------------------------------------
20241210 055051 INFO:X   0.0    0.0    0.0    0.0    0.0    0.0    0.0    0.0    0.0    0.0    0.0    0.0    0.0    0.0    0.0    0.0    0.0    0.0    0.0    0.0    0.0    0.0    0.0    0.0    0.0    0.0    0.0    0.0    0.0    0.0558    0.0    0.0213    0.0034    0.0008    0.0035    0.7743    0.9029    0.9722    
20241210 055119 INFO:---eval accuracy for ood at 0 of JJR_high--------------------------------------
20241210 055119 INFO:X   0.0    0.0    0.0    0.0    0.0    0.0    0.0    0.0    0.0    0.0    0.0    0.0    0.0    0.0    0.0    0.0    0.0    0.0    0.0    0.0    0.0    0.0    0.0    0.0    0.0    0.0    0.0    0.0    0.0    0.0589    0.0    0.019    0.0033    0.0007    0.0033    0.7644    0.9042    0.9708    
20241210 055623 INFO:---training accuracy at 0 of WDT_high--------------------------------------
20241210 055623 INFO:0.0    0.0    0.0    0.0    0.0    0.0    0.0    0.0    0.0    0.0    0.0    0.0    0.0    0.0    0.0    0.0    X   0.0    0.0    0.0    0.0    0.0    0.0    0.0    0.0    0.0001    0.0    0.0001    0.0    0.0    0.0342    0.0    0.009    0.0018    0.0035    0.008    0.6775    0.834    0.9793    
20241210 055832 INFO:---eval accuracy for id at 0 of WDT_high--------------------------------------
20241210 055832 INFO:X   0.0    0.0    0.0    0.0    0.0    0.0    0.0    0.0    0.0    0.0    0.0    0.0    0.0    0.0    0.0    0.0    0.0    0.0    0.0    0.0    0.0    0.0    0.0    0.0    0.0    0.0    0.0    0.0    0.0    0.0558    0.0    0.0213    0.0034    0.0008    0.0035    0.7743    0.9029    0.9722    
20241210 055859 INFO:---eval accuracy for ood at 0 of WDT_high--------------------------------------
20241210 055859 INFO:X   0.0    0.0    0.0    0.0    0.0    0.0    0.0    0.0    0.0    0.0    0.0    0.0    0.0    0.0    0.0    0.0    0.0    0.0    0.0    0.0    0.0    0.0    0.0    0.0    0.0    0.0    0.0    0.0    0.0    0.0589    0.0    0.019    0.0033    0.0007    0.0033    0.7644    0.9042    0.9708    
20241210 060039 INFO:---training accuracy at 1 of JJR_low--------------------------------------
20241210 060039 INFO:X   0.0    0.0    0.0    0.0    0.0    0.0    0.0    0.0    0.0    0.0    0.0    0.0    0.0    0.0    0.0    0.0    0.0    0.0    0.0    X   0.0    0.0    0.0    0.0    0.0001    0.0001    0.0001    0.0    0.0    0.0303    0.0    0.0073    0.0019    0.0031    0.007    0.6249    0.84    0.978    
20241210 060248 INFO:---eval accuracy for id at 1 of JJR_low--------------------------------------
20241210 060248 INFO:X   0.0    0.0    0.0    0.0    0.0    0.0    0.0    0.0    0.0    0.0    0.0    0.0    0.0    0.0    0.0    0.0    0.0    0.0    0.0    0.0    0.0    0.0    0.0    0.0    0.0    0.0    0.0    0.0    0.0    0.0558    0.0    0.0213    0.0034    0.0008    0.0035    0.7743    0.9029    0.9722    
20241210 060316 INFO:---eval accuracy for ood at 1 of JJR_low--------------------------------------
20241210 060316 INFO:X   0.0    0.0    0.0    0.0    0.0    0.0    0.0    0.0    0.0    0.0    0.0    0.0    0.0    0.0    0.0    0.0    0.0    0.0    0.0    0.0    0.0    0.0    0.0    0.0    0.0    0.0    0.0    0.0    0.0    0.0589    0.0    0.019    0.0033    0.0007    0.0033    0.7644    0.9042    0.9708    
20241210 060456 INFO:---training accuracy at 1 of WDT_low--------------------------------------
20241210 060456 INFO:0.0    0.0    0.0    0.0    0.0    0.0    0.0    0.0    0.0    0.0    0.0    0.0    0.0    0.0    0.0    0.0    X   0.0    0.0    0.0    0.0    0.0    0.0    0.0    0.0    0.0001    0.0    0.0001    0.0    0.0    0.0337    0.0    0.0094    0.0017    0.0033    0.0079    0.6799    0.8338    0.9792    
20241210 060704 INFO:---eval accuracy for id at 1 of WDT_low--------------------------------------
20241210 060704 INFO:X   0.0    0.0    0.0    0.0    0.0    0.0    0.0    0.0    0.0    0.0    0.0    0.0    0.0    0.0    0.0    0.0    0.0    0.0    0.0    0.0    0.0    0.0    0.0    0.0    0.0    0.0    0.0    0.0    0.0    0.0558    0.0    0.0213    0.0034    0.0008    0.0035    0.7743    0.9029    0.9722    
20241210 060732 INFO:---eval accuracy for ood at 1 of WDT_low--------------------------------------
20241210 060732 INFO:X   0.0    0.0    0.0    0.0    0.0    0.0    0.0    0.0    0.0    0.0    0.0    0.0    0.0    0.0    0.0    0.0    0.0    0.0    0.0    0.0    0.0    0.0    0.0    0.0    0.0    0.0    0.0    0.0    0.0    0.0589    0.0    0.019    0.0033    0.0007    0.0033    0.7644    0.9042    0.9708    
20241210 060935 INFO:---training accuracy at 1 of JJR_high--------------------------------------
20241210 060935 INFO:X   0.0    0.0    0.0    0.0    0.0    0.0    0.0    0.0    0.0    0.0    0.0    0.0    0.0    0.0    0.0    0.0    0.0    0.0    0.0    X   0.0    0.0    0.0    0.0    0.0    0.0001    0.0    0.0    0.0    0.0311    0.0    0.0074    0.0018    0.0032    0.0072    0.6253    0.8384    0.9782    
20241210 061144 INFO:---eval accuracy for id at 1 of JJR_high--------------------------------------
20241210 061144 INFO:X   0.0    0.0    0.0    0.0    0.0    0.0    0.0    0.0    0.0    0.0    0.0    0.0    0.0    0.0    0.0    0.0    0.0    0.0    0.0    0.0    0.0    0.0    0.0    0.0    0.0    0.0    0.0    0.0    0.0    0.0558    0.0    0.0213    0.0034    0.0008    0.0035    0.7743    0.9029    0.9722    
20241210 061212 INFO:---eval accuracy for ood at 1 of JJR_high--------------------------------------
20241210 061212 INFO:X   0.0    0.0    0.0    0.0    0.0    0.0    0.0    0.0    0.0    0.0    0.0    0.0    0.0    0.0    0.0    0.0    0.0    0.0    0.0    0.0    0.0    0.0    0.0    0.0    0.0    0.0    0.0    0.0    0.0    0.0589    0.0    0.019    0.0033    0.0007    0.0033    0.7644    0.9042    0.9708    
20241210 061716 INFO:---training accuracy at 1 of WDT_high--------------------------------------
20241210 061716 INFO:0.0    0.0    0.0    0.0    0.0    0.0    0.0    0.0    0.0    0.0    0.0    0.0    0.0    0.0    0.0    0.0    X   0.0    0.0    0.0    0.0    0.0    0.0    0.0    0.0    0.0001    0.0    0.0001    0.0    0.0    0.0347    0.0    0.0092    0.0018    0.0035    0.0079    0.6782    0.8341    0.9792    
20241210 061925 INFO:---eval accuracy for id at 1 of WDT_high--------------------------------------
20241210 061925 INFO:X   0.0    0.0    0.0    0.0    0.0    0.0    0.0    0.0    0.0    0.0    0.0    0.0    0.0    0.0    0.0    0.0    0.0    0.0    0.0    0.0    0.0    0.0    0.0    0.0    0.0    0.0    0.0    0.0    0.0    0.0558    0.0    0.0213    0.0034    0.0008    0.0035    0.7743    0.9029    0.9722    
20241210 061953 INFO:---eval accuracy for ood at 1 of WDT_high--------------------------------------
20241210 061953 INFO:X   0.0    0.0    0.0    0.0    0.0    0.0    0.0    0.0    0.0    0.0    0.0    0.0    0.0    0.0    0.0    0.0    0.0    0.0    0.0    0.0    0.0    0.0    0.0    0.0    0.0    0.0    0.0    0.0    0.0    0.0589    0.0    0.019    0.0033    0.0007    0.0033    0.7644    0.9042    0.9708    
