20241209 130450 INFO:---eval accuracy at 0 of base--------------------------------------
20241209 130450 INFO:X   0.0    0.0    0.0    0.0    0.0    0.0    0.0    0.0005    0.2427    0.0    0.1373    0.0001    0.0    0.0    0.0525    0.0103    0.0    0.0    0.0099    0.0599    0.0005    0.0    0.0    0.0216    0.0    0.0021    0.0002    0.3553    0.0125    0.0    0.0033    0.0001    0.0031    0.0112    0.0    0.0021    0.0    0.0027    
20241209 131415 INFO:---training accuracy at 0 of JJR_low--------------------------------------
20241209 131415 INFO:X   0.0    0.0    0.0    0.0    0.0    0.0    0.5484    0.0    0.0018    0.6644    0.4315    0.7573    0.4947    0.288    0.7929    0.794    0.7783    0.9074    X   0.8697    X   0.9382    0.8914    0.8249    X   0.9537    0.9567    0.8539    0.956    0.9699    0.8664    0.8964    0.8564    0.9039    0.7836    0.9781    0.9641    0.937    
20241209 131552 INFO:---eval accuracy at 0 of JJR_low--------------------------------------
20241209 131552 INFO:X   0.0    0.0    0.0    0.0    0.0    0.0    1.0    0.0322    0.0141    0.894    0.6209    0.9458    0.6811    0.5222    0.9033    0.8606    0.8653    0.9915    0.0    0.9471    0.0    0.9973    0.9618    0.8961    0.0    0.9954    0.9895    0.9019    0.9998    0.9944    0.9287    0.9372    0.9006    0.9469    0.8534    0.9974    0.9831    0.9486    
20241209 132331 INFO:---training accuracy at 0 of WP_low--------------------------------------
20241209 132331 INFO:X   0.0    0.0    0.0    0.0    0.0    0.0    0.9007    0.125    0.0911    0.868    0.6448    0.8897    0.8729    0.4648    0.896    X   0.871    0.993    0.9623    0.9169    X   0.9953    0.9593    0.8917    X   0.9921    0.991    0.9041    0.9999    0.9947    0.9334    0.94    0.9088    0.9468    0.8568    0.9959    0.9806    0.9533    
20241209 132445 INFO:---eval accuracy at 0 of WP_low--------------------------------------
20241209 132445 INFO:X   0.0    0.0    0.0    0.0    0.0    0.0    1.0    0.2359    0.1287    0.9105    0.6686    0.9448    0.8795    0.5315    0.8991    0.1093    0.8718    0.9915    0.9868    0.9431    0.0    0.9964    0.9608    0.8981    0.0    0.9952    0.9913    0.9031    0.9998    0.9945    0.9313    0.942    0.9063    0.9509    0.8686    0.9973    0.9837    0.954    
20241209 133143 INFO:---training accuracy at 0 of MD_low--------------------------------------
20241209 133143 INFO:0.0    X   0.0    0.0    0.0    0.0    0.0    0.9996    0.1602    0.1216    0.8775    0.6376    0.8916    0.8769    0.4625    0.8987    X   0.8639    0.9929    X   0.9271    0.0    0.9957    0.958    0.8927    X   0.9929    0.9912    0.9025    0.9999    0.9945    0.9298    0.9358    0.9071    0.9491    0.8587    0.9963    0.9815    0.9545    
20241209 133258 INFO:---eval accuracy at 0 of MD_low--------------------------------------
20241209 133258 INFO:X   0.0    0.0    0.0    0.0    0.0    0.0    1.0    0.2359    0.1287    0.9105    0.6686    0.9448    0.8795    0.5315    0.8991    0.1093    0.8718    0.9915    0.9868    0.9431    0.0    0.9964    0.9608    0.8981    0.0    0.9952    0.9913    0.9031    0.9998    0.9945    0.9313    0.942    0.9063    0.9509    0.8686    0.9973    0.9837    0.954    
20241209 133955 INFO:---training accuracy at 0 of VBP_low--------------------------------------
20241209 133955 INFO:0.0    X   0.0    0.0    0.0    0.0    0.0    1.0    0.1643    0.1339    0.8812    0.5751    0.8995    0.8426    0.4525    0.8971    X   0.8593    0.9919    X   0.9404    X   0.9943    0.9555    0.893    0.0    0.9938    0.9886    0.895    0.9998    0.994    0.9382    0.9421    0.8984    0.9472    0.8556    0.9973    0.984    0.9577    
20241209 134107 INFO:---eval accuracy at 0 of VBP_low--------------------------------------
20241209 134107 INFO:X   0.0    0.0    0.0    0.0    0.0    0.0    1.0    0.2359    0.1287    0.9105    0.6686    0.9448    0.8795    0.5315    0.8991    0.1093    0.8718    0.9915    0.9868    0.9431    0.0    0.9964    0.9608    0.8981    0.0    0.9952    0.9913    0.9031    0.9998    0.9945    0.9313    0.942    0.9063    0.9509    0.8686    0.9973    0.9837    0.954    
20241209 134807 INFO:---training accuracy at 0 of JJR_high--------------------------------------
20241209 134807 INFO:X   0.0    0.0    0.0    0.0    0.0    0.0    0.9997    0.1038    0.0864    0.8778    0.6726    0.9157    0.9186    0.4368    0.9215    0.088    0.8626    0.9937    X   0.9311    X   0.998    0.9587    0.8925    X   0.9943    0.9951    0.9133    1.0    0.9949    0.9151    0.9452    0.9146    0.9607    0.8732    0.9956    0.9818    0.955    
20241209 134920 INFO:---eval accuracy at 0 of JJR_high--------------------------------------
20241209 134920 INFO:X   0.0    0.0    0.0    0.0    0.0    0.0    1.0    0.2359    0.1287    0.9105    0.6686    0.9448    0.8795    0.5315    0.8991    0.1093    0.8718    0.9915    0.9868    0.9431    0.0    0.9964    0.9608    0.8981    0.0    0.9952    0.9913    0.9031    0.9998    0.9945    0.9313    0.942    0.9063    0.9509    0.8686    0.9973    0.9837    0.954    
20241209 135621 INFO:---training accuracy at 0 of WP_high--------------------------------------
20241209 135621 INFO:0.0    0.0    0.0    0.0    0.0    0.0    0.0    0.9999    0.1783    0.1123    0.8618    0.6719    0.8875    0.8828    0.47    0.8946    X   0.8717    0.9936    0.986    0.9023    X   0.9943    0.9625    0.8913    X   0.9911    0.9912    0.9105    0.9999    0.995    0.9387    0.9407    0.9122    0.9458    0.8619    0.9953    0.9805    0.9536    
20241209 135733 INFO:---eval accuracy at 0 of WP_high--------------------------------------
20241209 135733 INFO:X   0.0    0.0    0.0    0.0    0.0    0.0    1.0    0.2359    0.1287    0.9105    0.6686    0.9448    0.8795    0.5315    0.8991    0.1093    0.8718    0.9915    0.9868    0.9431    0.0    0.9964    0.9608    0.8981    0.0    0.9952    0.9913    0.9031    0.9998    0.9945    0.9313    0.942    0.9063    0.9509    0.8686    0.9973    0.9837    0.954    
20241209 140433 INFO:---training accuracy at 0 of MD_high--------------------------------------
20241209 140433 INFO:X   0.0    0.0    0.0    0.0    0.0    0.0    0.9998    0.1608    0.1078    0.8709    0.6527    0.9002    0.8866    0.4507    0.9001    X   0.8736    0.992    X   0.9264    0.0    0.9967    0.9581    0.9007    X   0.9924    0.9936    0.9111    0.9999    0.9947    0.9194    0.9483    0.9124    0.9522    0.8657    0.9958    0.981    0.9555    
20241209 140546 INFO:---eval accuracy at 0 of MD_high--------------------------------------
20241209 140546 INFO:X   0.0    0.0    0.0    0.0    0.0    0.0    1.0    0.2359    0.1287    0.9105    0.6686    0.9448    0.8795    0.5315    0.8991    0.1093    0.8718    0.9915    0.9868    0.9431    0.0    0.9964    0.9608    0.8981    0.0    0.9952    0.9913    0.9031    0.9998    0.9945    0.9313    0.942    0.9063    0.9509    0.8686    0.9973    0.9837    0.954    
