20241209 031822 INFO:---eval accuracy at 0 of base--------------------------------------
20241209 031822 INFO:X   0.0    0.0    0.0    0.0    0.0    0.0    0.0    0.0005    0.2427    0.0    0.1373    0.0001    0.0    0.0    0.0525    0.0103    0.0    0.0    0.0099    0.0599    0.0005    0.0    0.0    0.0216    0.0    0.0021    0.0002    0.3553    0.0125    0.0    0.0033    0.0001    0.0031    0.0112    0.0    0.0021    0.0    0.0027    
20241209 032520 INFO:---training accuracy at 0 of JJR_low--------------------------------------
20241209 032520 INFO:X   0.0    0.0    0.0    0.0    0.0    0.0    0.0002    0.0002    0.0026    0.305    0.1744    0.5932    0.2685    0.1036    0.6715    0.7234    0.6774    0.8134    X   0.7891    X   0.8665    0.8251    0.7568    X   0.9074    0.9145    0.8044    0.9082    0.9392    0.8092    0.854    0.8044    0.8556    0.721    0.96    0.9438    0.9283    
20241209 032632 INFO:---eval accuracy at 0 of JJR_low--------------------------------------
20241209 032632 INFO:X   0.0    0.0    0.0    0.0    0.0    0.0    0.0    0.0    0.0    0.894    0.4033    0.8871    0.64    0.4367    0.8478    0.8471    0.8719    0.9914    0.0    0.942    0.0    0.9975    0.9506    0.8661    0.0    0.9958    0.9877    0.8838    0.9998    0.9942    0.913    0.9278    0.8793    0.9392    0.8109    0.9968    0.981    0.9458    
20241209 033332 INFO:---training accuracy at 0 of WP_low--------------------------------------
20241209 033332 INFO:X   0.0    0.0    0.0    0.0    0.0    0.0    0.4186    0.0    0.0    0.8434    0.5    0.8408    0.8613    0.3761    0.87    X   0.8629    0.9925    0.9386    0.9097    X   0.9953    0.949    0.8674    X   0.9914    0.9893    0.887    0.9999    0.9945    0.9219    0.9273    0.8922    0.9375    0.8175    0.9953    0.9776    0.9457    
20241209 033444 INFO:---eval accuracy at 0 of WP_low--------------------------------------
20241209 033444 INFO:X   0.0    0.0    0.0    0.0    0.0    0.0    0.9842    0.0    0.0    0.8921    0.4892    0.8809    0.874    0.484    0.884    0.165    0.8735    0.991    0.9753    0.9378    0.0    0.9967    0.949    0.8705    0.0    0.9956    0.9887    0.8848    0.9998    0.9941    0.9181    0.9298    0.8873    0.9415    0.8278    0.997    0.982    0.9463    
20241209 034144 INFO:---training accuracy at 0 of MD_low--------------------------------------
20241209 034144 INFO:0.0    X   0.0    0.0    0.0    0.0    0.0    0.7219    0.0    0.0    0.858    0.4971    0.843    0.8672    0.3729    0.8749    X   0.8587    0.9925    X   0.9212    0.0    0.9955    0.9457    0.8686    X   0.9924    0.9893    0.8841    0.9999    0.9942    0.9173    0.9217    0.8901    0.9402    0.8201    0.9959    0.9784    0.9462    
20241209 034257 INFO:---eval accuracy at 0 of MD_low--------------------------------------
20241209 034257 INFO:X   0.0    0.0    0.0    0.0    0.0    0.0    0.9842    0.0    0.0    0.8921    0.4892    0.8809    0.874    0.484    0.884    0.165    0.8735    0.991    0.9753    0.9378    0.0    0.9967    0.949    0.8705    0.0    0.9956    0.9887    0.8848    0.9998    0.9941    0.9181    0.9298    0.8873    0.9415    0.8278    0.997    0.982    0.9463    
20241209 034956 INFO:---training accuracy at 0 of VBP_low--------------------------------------
20241209 034956 INFO:0.0    X   0.0    0.0    0.0    0.0    0.0    0.7112    0.0    0.0    0.8636    0.4128    0.8592    0.8306    0.3557    0.8692    X   0.8534    0.9915    X   0.936    X   0.9943    0.9427    0.8683    0.0    0.9936    0.9857    0.875    0.9998    0.9937    0.9275    0.9297    0.8797    0.9386    0.8152    0.997    0.9817    0.9502    
20241209 035109 INFO:---eval accuracy at 0 of VBP_low--------------------------------------
20241209 035109 INFO:X   0.0    0.0    0.0    0.0    0.0    0.0    0.9842    0.0    0.0    0.8921    0.4892    0.8809    0.874    0.484    0.884    0.165    0.8735    0.991    0.9753    0.9378    0.0    0.9967    0.949    0.8705    0.0    0.9956    0.9887    0.8848    0.9998    0.9941    0.9181    0.9298    0.8873    0.9415    0.8278    0.997    0.982    0.9463    
20241209 035811 INFO:---training accuracy at 0 of JJR_high--------------------------------------
20241209 035811 INFO:X   0.0    0.0    0.0    0.0    0.0    0.0    0.7304    0.0    0.0    0.8516    0.5108    0.8678    0.9169    0.3257    0.9059    0.1459    0.8526    0.9933    X   0.9231    X   0.9979    0.9482    0.869    X   0.9936    0.9946    0.8972    1.0    0.9946    0.899    0.9333    0.8985    0.9529    0.8384    0.9951    0.9789    0.9471    
20241209 035924 INFO:---eval accuracy at 0 of JJR_high--------------------------------------
20241209 035924 INFO:X   0.0    0.0    0.0    0.0    0.0    0.0    0.9842    0.0    0.0    0.8921    0.4892    0.8809    0.874    0.484    0.884    0.165    0.8735    0.991    0.9753    0.9378    0.0    0.9967    0.949    0.8705    0.0    0.9956    0.9887    0.8848    0.9998    0.9941    0.9181    0.9298    0.8873    0.9415    0.8278    0.997    0.982    0.9463    
20241209 040627 INFO:---training accuracy at 0 of WP_high--------------------------------------
20241209 040627 INFO:0.0    0.0    0.0    0.0    0.0    0.0    0.0    0.7008    0.0    0.0    0.8389    0.5445    0.8373    0.8768    0.4023    0.8741    X   0.8675    0.9933    0.9792    0.8919    X   0.9944    0.9509    0.8653    X   0.9899    0.9893    0.894    0.9999    0.9947    0.9292    0.9272    0.8965    0.9359    0.823    0.9947    0.9771    0.9451    
20241209 040740 INFO:---eval accuracy at 0 of WP_high--------------------------------------
20241209 040740 INFO:X   0.0    0.0    0.0    0.0    0.0    0.0    0.9842    0.0    0.0    0.8921    0.4892    0.8809    0.874    0.484    0.884    0.165    0.8735    0.991    0.9753    0.9378    0.0    0.9967    0.949    0.8705    0.0    0.9956    0.9887    0.8848    0.9998    0.9941    0.9181    0.9298    0.8873    0.9415    0.8278    0.997    0.982    0.9463    
20241209 041442 INFO:---training accuracy at 0 of MD_high--------------------------------------
20241209 041442 INFO:X   0.0    0.0    0.0    0.0    0.0    0.0    0.7187    0.0    0.0    0.8501    0.5137    0.8534    0.8809    0.3519    0.8795    X   0.8666    0.9916    X   0.9191    0.0    0.9965    0.9463    0.8787    X   0.9917    0.9926    0.8941    0.9999    0.9944    0.9046    0.9367    0.8966    0.9433    0.8288    0.9953    0.9778    0.9472    
20241209 041555 INFO:---eval accuracy at 0 of MD_high--------------------------------------
20241209 041555 INFO:X   0.0    0.0    0.0    0.0    0.0    0.0    0.9842    0.0    0.0    0.8921    0.4892    0.8809    0.874    0.484    0.884    0.165    0.8735    0.991    0.9753    0.9378    0.0    0.9967    0.949    0.8705    0.0    0.9956    0.9887    0.8848    0.9998    0.9941    0.9181    0.9298    0.8873    0.9415    0.8278    0.997    0.982    0.9463    
20241209 042256 INFO:---training accuracy at 0 of VBP_high--------------------------------------
20241209 042256 INFO:X   0.0    0.0    0.0    0.0    0.0    0.0    0.7128    0.0    0.0    0.863    0.4514    0.8544    0.8525    0.3646    0.873    X   0.8571    0.9912    X   0.9305    X   0.9955    0.9434    0.8718    0.0    0.9928    0.9884    0.8828    0.9999    0.994    0.917    0.9293    0.8864    0.9401    0.8191    0.9963    0.9798    0.9481    
20241209 042409 INFO:---eval accuracy at 0 of VBP_high--------------------------------------
20241209 042409 INFO:X   0.0    0.0    0.0    0.0    0.0    0.0    0.9842    0.0    0.0    0.8921    0.4892    0.8809    0.874    0.484    0.884    0.165    0.8735    0.991    0.9753    0.9378    0.0    0.9967    0.949    0.8705    0.0    0.9956    0.9887    0.8848    0.9998    0.9941    0.9181    0.9298    0.8873    0.9415    0.8278    0.997    0.982    0.9463    
20241209 043111 INFO:---training accuracy at 1 of JJR_low--------------------------------------
20241209 043111 INFO:X   0.0    0.0    0.0    0.0    0.0    0.0    0.7184    0.0    0.0    0.8524    0.5094    0.8537    0.8878    0.3578    0.8868    0.1261    0.8597    0.9921    X   0.9216    X   0.9969    0.9462    0.8698    X   0.993    0.992    0.8902    0.9999    0.9946    0.9066    0.931    0.8943    0.9454    0.8276    0.9954    0.9782    0.9465    
20241209 043224 INFO:---eval accuracy at 1 of JJR_low--------------------------------------
20241209 043224 INFO:X   0.0    0.0    0.0    0.0    0.0    0.0    0.9842    0.0    0.0    0.8921    0.4892    0.8809    0.874    0.484    0.884    0.165    0.8735    0.991    0.9753    0.9378    0.0    0.9967    0.949    0.8705    0.0    0.9956    0.9887    0.8848    0.9998    0.9941    0.9181    0.9298    0.8873    0.9415    0.8278    0.997    0.982    0.9463    
20241209 043926 INFO:---training accuracy at 1 of WP_low--------------------------------------
20241209 043926 INFO:X   0.0    0.0    0.0    0.0    0.0    0.0    0.7107    0.0    0.0    0.8443    0.5171    0.8401    0.8678    0.3888    0.8736    X   0.8656    0.9928    0.9745    0.9103    X   0.9953    0.9488    0.8692    X   0.9915    0.9894    0.887    0.9999    0.9945    0.9227    0.9283    0.8936    0.9385    0.8213    0.9953    0.978    0.9463    
20241209 044039 INFO:---eval accuracy at 1 of WP_low--------------------------------------
20241209 044039 INFO:X   0.0    0.0    0.0    0.0    0.0    0.0    0.9842    0.0    0.0    0.8921    0.4892    0.8809    0.874    0.484    0.884    0.165    0.8735    0.991    0.9753    0.9378    0.0    0.9967    0.949    0.8705    0.0    0.9956    0.9887    0.8848    0.9998    0.9941    0.9181    0.9298    0.8873    0.9415    0.8278    0.997    0.982    0.9463    
20241209 044740 INFO:---training accuracy at 1 of MD_low--------------------------------------
20241209 044740 INFO:0.0    X   0.0    0.0    0.0    0.0    0.0    0.715    0.0    0.0    0.8609    0.498    0.8449    0.8688    0.3744    0.8754    X   0.8577    0.9926    X   0.9203    0.0    0.9957    0.9457    0.8691    X   0.9923    0.9893    0.8843    0.9999    0.9943    0.9174    0.922    0.89    0.9402    0.8201    0.9958    0.9784    0.9463    
20241209 044853 INFO:---eval accuracy at 1 of MD_low--------------------------------------
20241209 044853 INFO:X   0.0    0.0    0.0    0.0    0.0    0.0    0.9842    0.0    0.0    0.8921    0.4892    0.8809    0.874    0.484    0.884    0.165    0.8735    0.991    0.9753    0.9378    0.0    0.9967    0.949    0.8705    0.0    0.9956    0.9887    0.8848    0.9998    0.9941    0.9181    0.9298    0.8873    0.9415    0.8278    0.997    0.982    0.9463    
20241209 045553 INFO:---training accuracy at 1 of VBP_low--------------------------------------
20241209 045553 INFO:0.0    X   0.0    0.0    0.0    0.0    0.0    0.7202    0.0    0.0    0.8632    0.4122    0.858    0.8289    0.355    0.8687    X   0.8528    0.9916    X   0.9361    X   0.9944    0.9424    0.8685    0.0    0.9934    0.9857    0.8752    0.9998    0.9937    0.9277    0.9297    0.8796    0.9385    0.8153    0.997    0.9816    0.9502    
20241209 045706 INFO:---eval accuracy at 1 of VBP_low--------------------------------------
20241209 045706 INFO:X   0.0    0.0    0.0    0.0    0.0    0.0    0.9842    0.0    0.0    0.8921    0.4892    0.8809    0.874    0.484    0.884    0.165    0.8735    0.991    0.9753    0.9378    0.0    0.9967    0.949    0.8705    0.0    0.9956    0.9887    0.8848    0.9998    0.9941    0.9181    0.9298    0.8873    0.9415    0.8278    0.997    0.982    0.9463    
20241209 050416 INFO:---training accuracy at 1 of JJR_high--------------------------------------
20241209 050416 INFO:X   0.0    0.0    0.0    0.0    0.0    0.0    0.7478    0.0    0.0    0.8516    0.514    0.8685    0.9163    0.3251    0.9059    0.1456    0.8526    0.9933    X   0.9232    X   0.998    0.9484    0.869    X   0.9935    0.9946    0.8975    1.0    0.9947    0.8991    0.9333    0.8987    0.9529    0.8383    0.995    0.9789    0.9471    
20241209 050553 INFO:---eval accuracy at 1 of JJR_high--------------------------------------
20241209 050553 INFO:X   0.0    0.0    0.0    0.0    0.0    0.0    0.9842    0.0    0.0    0.8921    0.4892    0.8809    0.874    0.484    0.884    0.165    0.8735    0.991    0.9753    0.9378    0.0    0.9967    0.949    0.8705    0.0    0.9956    0.9887    0.8848    0.9998    0.9941    0.9181    0.9298    0.8873    0.9415    0.8278    0.997    0.982    0.9463    
20241209 051527 INFO:---training accuracy at 1 of WP_high--------------------------------------
20241209 051527 INFO:0.0    0.0    0.0    0.0    0.0    0.0    0.0    0.7044    0.0    0.0    0.8382    0.5439    0.8369    0.8764    0.4055    0.8737    X   0.8666    0.9934    0.9792    0.8918    X   0.9946    0.9512    0.8653    X   0.9899    0.9892    0.894    0.9999    0.9947    0.9292    0.9275    0.8968    0.9357    0.8232    0.9947    0.9771    0.945    
20241209 051704 INFO:---eval accuracy at 1 of WP_high--------------------------------------
20241209 051704 INFO:X   0.0    0.0    0.0    0.0    0.0    0.0    0.9842    0.0    0.0    0.8921    0.4892    0.8809    0.874    0.484    0.884    0.165    0.8735    0.991    0.9753    0.9378    0.0    0.9967    0.949    0.8705    0.0    0.9956    0.9887    0.8848    0.9998    0.9941    0.9181    0.9298    0.8873    0.9415    0.8278    0.997    0.982    0.9463    
20241209 052636 INFO:---training accuracy at 1 of MD_high--------------------------------------
20241209 052636 INFO:X   0.0    0.0    0.0    0.0    0.0    0.0    0.7249    0.0    0.0    0.8483    0.513    0.8534    0.8803    0.3482    0.8796    X   0.8654    0.9916    X   0.9183    0.0    0.9967    0.9463    0.879    X   0.9918    0.9925    0.8942    0.9999    0.9944    0.9047    0.9365    0.8969    0.9433    0.8287    0.9953    0.9778    0.9472    
20241209 052813 INFO:---eval accuracy at 1 of MD_high--------------------------------------
20241209 052813 INFO:X   0.0    0.0    0.0    0.0    0.0    0.0    0.9842    0.0    0.0    0.8921    0.4892    0.8809    0.874    0.484    0.884    0.165    0.8735    0.991    0.9753    0.9378    0.0    0.9967    0.949    0.8705    0.0    0.9956    0.9887    0.8848    0.9998    0.9941    0.9181    0.9298    0.8873    0.9415    0.8278    0.997    0.982    0.9463    
20241209 053747 INFO:---training accuracy at 1 of VBP_high--------------------------------------
20241209 053747 INFO:X   0.0    0.0    0.0    0.0    0.0    0.0    0.7096    0.0    0.0    0.8585    0.4553    0.8522    0.8527    0.3622    0.8737    X   0.8572    0.9913    X   0.9299    X   0.9954    0.9434    0.8713    0.0    0.9927    0.9884    0.8828    0.9999    0.994    0.9171    0.9295    0.8861    0.9403    0.819    0.9964    0.9798    0.9481    
20241209 053924 INFO:---eval accuracy at 1 of VBP_high--------------------------------------
20241209 053924 INFO:X   0.0    0.0    0.0    0.0    0.0    0.0    0.9842    0.0    0.0    0.8921    0.4892    0.8809    0.874    0.484    0.884    0.165    0.8735    0.991    0.9753    0.9378    0.0    0.9967    0.949    0.8705    0.0    0.9956    0.9887    0.8848    0.9998    0.9941    0.9181    0.9298    0.8873    0.9415    0.8278    0.997    0.982    0.9463    
20241209 054854 INFO:---training accuracy at 2 of JJR_low--------------------------------------
20241209 054854 INFO:X   0.0    0.0    0.0    0.0    0.0    0.0    0.7213    0.0    0.0    0.8535    0.5096    0.8543    0.8869    0.3587    0.8873    0.1264    0.8596    0.9921    X   0.9216    X   0.9969    0.9464    0.8699    X   0.9929    0.9919    0.8906    0.9999    0.9946    0.9066    0.9311    0.8939    0.9455    0.8274    0.9954    0.9782    0.9464    
20241209 055031 INFO:---eval accuracy at 2 of JJR_low--------------------------------------
20241209 055031 INFO:X   0.0    0.0    0.0    0.0    0.0    0.0    0.9842    0.0    0.0    0.8921    0.4892    0.8809    0.874    0.484    0.884    0.165    0.8735    0.991    0.9753    0.9378    0.0    0.9967    0.949    0.8705    0.0    0.9956    0.9887    0.8848    0.9998    0.9941    0.9181    0.9298    0.8873    0.9415    0.8278    0.997    0.982    0.9463    
20241209 055921 INFO:---training accuracy at 2 of WP_low--------------------------------------
20241209 055921 INFO:X   0.0    0.0    0.0    0.0    0.0    0.0    0.716    0.0    0.0    0.8436    0.5143    0.8425    0.8685    0.3933    0.8735    X   0.8653    0.9927    0.9745    0.9106    X   0.9952    0.9491    0.8693    X   0.9914    0.9896    0.8871    0.9999    0.9945    0.9228    0.9281    0.8936    0.9385    0.8211    0.9954    0.9779    0.9463    
20241209 060057 INFO:---eval accuracy at 2 of WP_low--------------------------------------
20241209 060057 INFO:X   0.0    0.0    0.0    0.0    0.0    0.0    0.9842    0.0    0.0    0.8921    0.4892    0.8809    0.874    0.484    0.884    0.165    0.8735    0.991    0.9753    0.9378    0.0    0.9967    0.949    0.8705    0.0    0.9956    0.9887    0.8848    0.9998    0.9941    0.9181    0.9298    0.8873    0.9415    0.8278    0.997    0.982    0.9463    
20241209 061017 INFO:---training accuracy at 2 of MD_low--------------------------------------
20241209 061017 INFO:0.0    X   0.0    0.0    0.0    0.0    0.0    0.7291    0.0    0.0    0.8605    0.4996    0.8449    0.8693    0.3749    0.8749    X   0.857    0.9925    X   0.9203    0.0    0.9957    0.9459    0.8692    X   0.9923    0.9894    0.8844    0.9999    0.9942    0.9172    0.9218    0.8902    0.9401    0.8202    0.9959    0.9784    0.9463    
20241209 061153 INFO:---eval accuracy at 2 of MD_low--------------------------------------
20241209 061153 INFO:X   0.0    0.0    0.0    0.0    0.0    0.0    0.9842    0.0    0.0    0.8921    0.4892    0.8809    0.874    0.484    0.884    0.165    0.8735    0.991    0.9753    0.9378    0.0    0.9967    0.949    0.8705    0.0    0.9956    0.9887    0.8848    0.9998    0.9941    0.9181    0.9298    0.8873    0.9415    0.8278    0.997    0.982    0.9463    
20241209 062110 INFO:---training accuracy at 2 of VBP_low--------------------------------------
20241209 062110 INFO:0.0    X   0.0    0.0    0.0    0.0    0.0    0.7226    0.0    0.0    0.8635    0.414    0.8587    0.8306    0.3527    0.8691    X   0.8528    0.9915    X   0.9359    X   0.9945    0.9421    0.8682    0.0    0.9935    0.9856    0.8752    0.9998    0.9937    0.9275    0.9297    0.8799    0.9386    0.8152    0.997    0.9816    0.9502    
20241209 062245 INFO:---eval accuracy at 2 of VBP_low--------------------------------------
20241209 062245 INFO:X   0.0    0.0    0.0    0.0    0.0    0.0    0.9842    0.0    0.0    0.8921    0.4892    0.8809    0.874    0.484    0.884    0.165    0.8735    0.991    0.9753    0.9378    0.0    0.9967    0.949    0.8705    0.0    0.9956    0.9887    0.8848    0.9998    0.9941    0.9181    0.9298    0.8873    0.9415    0.8278    0.997    0.982    0.9463    
20241209 063205 INFO:---training accuracy at 2 of JJR_high--------------------------------------
20241209 063205 INFO:X   0.0    0.0    0.0    0.0    0.0    0.0    0.7387    0.0    0.0    0.8517    0.5087    0.8693    0.9165    0.3273    0.9057    0.1456    0.8525    0.9933    X   0.9228    X   0.9979    0.9483    0.8695    X   0.9935    0.9946    0.8972    1.0    0.9947    0.8992    0.9334    0.8985    0.9528    0.8383    0.995    0.9789    0.9471    
20241209 063341 INFO:---eval accuracy at 2 of JJR_high--------------------------------------
20241209 063341 INFO:X   0.0    0.0    0.0    0.0    0.0    0.0    0.9842    0.0    0.0    0.8921    0.4892    0.8809    0.874    0.484    0.884    0.165    0.8735    0.991    0.9753    0.9378    0.0    0.9967    0.949    0.8705    0.0    0.9956    0.9887    0.8848    0.9998    0.9941    0.9181    0.9298    0.8873    0.9415    0.8278    0.997    0.982    0.9463    
20241209 064302 INFO:---training accuracy at 2 of WP_high--------------------------------------
20241209 064302 INFO:0.0    0.0    0.0    0.0    0.0    0.0    0.0    0.7058    0.0    0.0    0.838    0.5436    0.8358    0.8757    0.4072    0.8721    X   0.8666    0.9933    0.9792    0.8925    X   0.9945    0.9511    0.8656    X   0.9898    0.9892    0.8936    0.9999    0.9948    0.9292    0.9275    0.8966    0.9357    0.8232    0.9947    0.977    0.945    
20241209 064438 INFO:---eval accuracy at 2 of WP_high--------------------------------------
20241209 064438 INFO:X   0.0    0.0    0.0    0.0    0.0    0.0    0.9842    0.0    0.0    0.8921    0.4892    0.8809    0.874    0.484    0.884    0.165    0.8735    0.991    0.9753    0.9378    0.0    0.9967    0.949    0.8705    0.0    0.9956    0.9887    0.8848    0.9998    0.9941    0.9181    0.9298    0.8873    0.9415    0.8278    0.997    0.982    0.9463    
20241209 065359 INFO:---training accuracy at 2 of MD_high--------------------------------------
20241209 065359 INFO:X   0.0    0.0    0.0    0.0    0.0    0.0    0.7075    0.0    0.0    0.8498    0.512    0.8533    0.8801    0.3496    0.8789    X   0.8662    0.9915    X   0.9191    0.0    0.9966    0.9464    0.8784    X   0.9917    0.9926    0.894    0.9999    0.9944    0.9048    0.9367    0.897    0.9433    0.8288    0.9953    0.9777    0.9472    
20241209 065535 INFO:---eval accuracy at 2 of MD_high--------------------------------------
20241209 065535 INFO:X   0.0    0.0    0.0    0.0    0.0    0.0    0.9842    0.0    0.0    0.8921    0.4892    0.8809    0.874    0.484    0.884    0.165    0.8735    0.991    0.9753    0.9378    0.0    0.9967    0.949    0.8705    0.0    0.9956    0.9887    0.8848    0.9998    0.9941    0.9181    0.9298    0.8873    0.9415    0.8278    0.997    0.982    0.9463    
20241209 070453 INFO:---training accuracy at 2 of VBP_high--------------------------------------
20241209 070453 INFO:X   0.0    0.0    0.0    0.0    0.0    0.0    0.7148    0.0    0.0    0.8633    0.4543    0.8523    0.8528    0.3646    0.8718    X   0.8569    0.9912    X   0.93    X   0.9954    0.9437    0.8717    0.0    0.9927    0.9884    0.8828    0.9999    0.994    0.9171    0.9296    0.8865    0.9403    0.8189    0.9963    0.9797    0.9481    
20241209 070629 INFO:---eval accuracy at 2 of VBP_high--------------------------------------
20241209 070629 INFO:X   0.0    0.0    0.0    0.0    0.0    0.0    0.9842    0.0    0.0    0.8921    0.4892    0.8809    0.874    0.484    0.884    0.165    0.8735    0.991    0.9753    0.9378    0.0    0.9967    0.949    0.8705    0.0    0.9956    0.9887    0.8848    0.9998    0.9941    0.9181    0.9298    0.8873    0.9415    0.8278    0.997    0.982    0.9463    
20241209 071550 INFO:---training accuracy at 3 of JJR_low--------------------------------------
20241209 071550 INFO:X   0.0    0.0    0.0    0.0    0.0    0.0    0.7237    0.0    0.0    0.8527    0.5089    0.8532    0.888    0.3582    0.8884    0.1266    0.8595    0.9921    X   0.9223    X   0.9969    0.9461    0.8695    X   0.9929    0.9919    0.8905    0.9999    0.9946    0.9065    0.931    0.8941    0.9454    0.8273    0.9954    0.9782    0.9465    
20241209 071725 INFO:---eval accuracy at 3 of JJR_low--------------------------------------
20241209 071725 INFO:X   0.0    0.0    0.0    0.0    0.0    0.0    0.9842    0.0    0.0    0.8921    0.4892    0.8809    0.874    0.484    0.884    0.165    0.8735    0.991    0.9753    0.9378    0.0    0.9967    0.949    0.8705    0.0    0.9956    0.9887    0.8848    0.9998    0.9941    0.9181    0.9298    0.8873    0.9415    0.8278    0.997    0.982    0.9463    
20241209 072646 INFO:---training accuracy at 3 of WP_low--------------------------------------
20241209 072646 INFO:X   0.0    0.0    0.0    0.0    0.0    0.0    0.7136    0.0    0.0    0.8428    0.5154    0.8419    0.868    0.3919    0.8747    X   0.8662    0.9927    0.9745    0.9106    X   0.9952    0.9489    0.8692    X   0.9915    0.9895    0.887    0.9999    0.9945    0.923    0.9285    0.8937    0.9385    0.8213    0.9954    0.9779    0.9463    
20241209 072822 INFO:---eval accuracy at 3 of WP_low--------------------------------------
20241209 072822 INFO:X   0.0    0.0    0.0    0.0    0.0    0.0    0.9842    0.0    0.0    0.8921    0.4892    0.8809    0.874    0.484    0.884    0.165    0.8735    0.991    0.9753    0.9378    0.0    0.9967    0.949    0.8705    0.0    0.9956    0.9887    0.8848    0.9998    0.9941    0.9181    0.9298    0.8873    0.9415    0.8278    0.997    0.982    0.9463    
20241209 073746 INFO:---training accuracy at 3 of MD_low--------------------------------------
20241209 073746 INFO:0.0    X   0.0    0.0    0.0    0.0    0.0    0.7148    0.0    0.0    0.8606    0.4961    0.8435    0.8678    0.3729    0.8752    X   0.8583    0.9926    X   0.9209    0.0    0.9957    0.9459    0.869    X   0.9924    0.9894    0.8842    0.9999    0.9943    0.9174    0.9219    0.8899    0.9403    0.8201    0.9959    0.9784    0.9463    
20241209 073921 INFO:---eval accuracy at 3 of MD_low--------------------------------------
20241209 073921 INFO:X   0.0    0.0    0.0    0.0    0.0    0.0    0.9842    0.0    0.0    0.8921    0.4892    0.8809    0.874    0.484    0.884    0.165    0.8735    0.991    0.9753    0.9378    0.0    0.9967    0.949    0.8705    0.0    0.9956    0.9887    0.8848    0.9998    0.9941    0.9181    0.9298    0.8873    0.9415    0.8278    0.997    0.982    0.9463    
20241209 074841 INFO:---training accuracy at 3 of VBP_low--------------------------------------
20241209 074841 INFO:0.0    X   0.0    0.0    0.0    0.0    0.0    0.7137    0.0    0.0    0.8618    0.4132    0.8589    0.8292    0.3537    0.869    X   0.8529    0.9914    X   0.9361    X   0.9942    0.9423    0.8683    0.0    0.9935    0.9856    0.8749    0.9998    0.9936    0.9275    0.9295    0.8799    0.9387    0.8151    0.997    0.9817    0.9501    
20241209 075017 INFO:---eval accuracy at 3 of VBP_low--------------------------------------
20241209 075017 INFO:X   0.0    0.0    0.0    0.0    0.0    0.0    0.9842    0.0    0.0    0.8921    0.4892    0.8809    0.874    0.484    0.884    0.165    0.8735    0.991    0.9753    0.9378    0.0    0.9967    0.949    0.8705    0.0    0.9956    0.9887    0.8848    0.9998    0.9941    0.9181    0.9298    0.8873    0.9415    0.8278    0.997    0.982    0.9463    
20241209 075938 INFO:---training accuracy at 3 of JJR_high--------------------------------------
20241209 075938 INFO:X   0.0    0.0    0.0    0.0    0.0    0.0    0.7392    0.0    0.0    0.8498    0.5118    0.8687    0.9166    0.3276    0.9061    0.1451    0.8525    0.9932    X   0.9225    X   0.998    0.948    0.8687    X   0.9936    0.9946    0.8974    1.0    0.9947    0.8993    0.9334    0.8984    0.9529    0.8382    0.995    0.9789    0.9471    
20241209 080114 INFO:---eval accuracy at 3 of JJR_high--------------------------------------
20241209 080114 INFO:X   0.0    0.0    0.0    0.0    0.0    0.0    0.9842    0.0    0.0    0.8921    0.4892    0.8809    0.874    0.484    0.884    0.165    0.8735    0.991    0.9753    0.9378    0.0    0.9967    0.949    0.8705    0.0    0.9956    0.9887    0.8848    0.9998    0.9941    0.9181    0.9298    0.8873    0.9415    0.8278    0.997    0.982    0.9463    
20241209 081036 INFO:---training accuracy at 3 of WP_high--------------------------------------
20241209 081036 INFO:0.0    0.0    0.0    0.0    0.0    0.0    0.0    0.7121    0.0    0.0    0.8375    0.5436    0.8371    0.8756    0.4051    0.8736    X   0.8672    0.9934    0.9792    0.8916    X   0.9945    0.9513    0.8653    X   0.99    0.9893    0.894    0.9999    0.9947    0.9293    0.9273    0.8967    0.9356    0.8232    0.9947    0.977    0.945    
20241209 081212 INFO:---eval accuracy at 3 of WP_high--------------------------------------
20241209 081212 INFO:X   0.0    0.0    0.0    0.0    0.0    0.0    0.9842    0.0    0.0    0.8921    0.4892    0.8809    0.874    0.484    0.884    0.165    0.8735    0.991    0.9753    0.9378    0.0    0.9967    0.949    0.8705    0.0    0.9956    0.9887    0.8848    0.9998    0.9941    0.9181    0.9298    0.8873    0.9415    0.8278    0.997    0.982    0.9463    
20241209 082137 INFO:---training accuracy at 3 of MD_high--------------------------------------
20241209 082137 INFO:X   0.0    0.0    0.0    0.0    0.0    0.0    0.7153    0.0    0.0    0.8482    0.5151    0.8538    0.8801    0.349    0.8799    X   0.866    0.9916    X   0.9195    0.0    0.9965    0.9462    0.8789    X   0.9917    0.9926    0.8941    0.9999    0.9944    0.9046    0.9365    0.8968    0.9433    0.829    0.9952    0.9777    0.9472    
20241209 082313 INFO:---eval accuracy at 3 of MD_high--------------------------------------
20241209 082313 INFO:X   0.0    0.0    0.0    0.0    0.0    0.0    0.9842    0.0    0.0    0.8921    0.4892    0.8809    0.874    0.484    0.884    0.165    0.8735    0.991    0.9753    0.9378    0.0    0.9967    0.949    0.8705    0.0    0.9956    0.9887    0.8848    0.9998    0.9941    0.9181    0.9298    0.8873    0.9415    0.8278    0.997    0.982    0.9463    
20241209 083313 INFO:---training accuracy at 3 of VBP_high--------------------------------------
20241209 083313 INFO:X   0.0    0.0    0.0    0.0    0.0    0.0    0.7216    0.0    0.0    0.8612    0.4516    0.8534    0.8525    0.3641    0.8729    X   0.8559    0.9912    X   0.9299    X   0.9954    0.9434    0.8718    0.0    0.9927    0.9884    0.8826    0.9999    0.994    0.917    0.9296    0.8864    0.9401    0.8191    0.9963    0.9798    0.9481    
20241209 083504 INFO:---eval accuracy at 3 of VBP_high--------------------------------------
20241209 083504 INFO:X   0.0    0.0    0.0    0.0    0.0    0.0    0.9842    0.0    0.0    0.8921    0.4892    0.8809    0.874    0.484    0.884    0.165    0.8735    0.991    0.9753    0.9378    0.0    0.9967    0.949    0.8705    0.0    0.9956    0.9887    0.8848    0.9998    0.9941    0.9181    0.9298    0.8873    0.9415    0.8278    0.997    0.982    0.9463    
20241209 084533 INFO:---training accuracy at 4 of JJR_low--------------------------------------
20241209 084533 INFO:X   0.0    0.0    0.0    0.0    0.0    0.0    0.71    0.0    0.0    0.8533    0.5075    0.8545    0.8879    0.3598    0.8875    0.1261    0.859    0.992    X   0.9215    X   0.9968    0.9465    0.8695    X   0.9929    0.9919    0.8902    0.9999    0.9946    0.9065    0.9309    0.8942    0.9455    0.8275    0.9954    0.9782    0.9465    
20241209 084711 INFO:---eval accuracy at 4 of JJR_low--------------------------------------
20241209 084711 INFO:X   0.0    0.0    0.0    0.0    0.0    0.0    0.9842    0.0    0.0    0.8921    0.4892    0.8809    0.874    0.484    0.884    0.165    0.8735    0.991    0.9753    0.9378    0.0    0.9967    0.949    0.8705    0.0    0.9956    0.9887    0.8848    0.9998    0.9941    0.9181    0.9298    0.8873    0.9415    0.8278    0.997    0.982    0.9463    
20241209 085642 INFO:---training accuracy at 4 of WP_low--------------------------------------
20241209 085642 INFO:X   0.0    0.0    0.0    0.0    0.0    0.0    0.7186    0.0    0.0    0.8427    0.5123    0.8412    0.8691    0.3883    0.874    X   0.8659    0.9927    0.9745    0.9103    X   0.9951    0.9489    0.8692    X   0.9915    0.9895    0.8875    0.9999    0.9944    0.9225    0.9284    0.8937    0.9385    0.8213    0.9954    0.9779    0.9464    
20241209 085819 INFO:---eval accuracy at 4 of WP_low--------------------------------------
20241209 085819 INFO:X   0.0    0.0    0.0    0.0    0.0    0.0    0.9842    0.0    0.0    0.8921    0.4892    0.8809    0.874    0.484    0.884    0.165    0.8735    0.991    0.9753    0.9378    0.0    0.9967    0.949    0.8705    0.0    0.9956    0.9887    0.8848    0.9998    0.9941    0.9181    0.9298    0.8873    0.9415    0.8278    0.997    0.982    0.9463    
20241209 090755 INFO:---training accuracy at 4 of MD_low--------------------------------------
20241209 090755 INFO:0.0    X   0.0    0.0    0.0    0.0    0.0    0.7116    0.0    0.0    0.8615    0.4992    0.8427    0.869    0.3754    0.8753    X   0.8569    0.9925    X   0.9211    0.0    0.9956    0.9459    0.869    X   0.9924    0.9893    0.8842    0.9999    0.9943    0.9172    0.9217    0.8901    0.9401    0.8201    0.9958    0.9784    0.9463    
20241209 090948 INFO:---eval accuracy at 4 of MD_low--------------------------------------
20241209 090948 INFO:X   0.0    0.0    0.0    0.0    0.0    0.0    0.9842    0.0    0.0    0.8921    0.4892    0.8809    0.874    0.484    0.884    0.165    0.8735    0.991    0.9753    0.9378    0.0    0.9967    0.949    0.8705    0.0    0.9956    0.9887    0.8848    0.9998    0.9941    0.9181    0.9298    0.8873    0.9415    0.8278    0.997    0.982    0.9463    
20241209 092050 INFO:---training accuracy at 4 of VBP_low--------------------------------------
20241209 092050 INFO:0.0    X   0.0    0.0    0.0    0.0    0.0    0.7146    0.0    0.0    0.8642    0.4133    0.8577    0.8299    0.353    0.8691    X   0.8538    0.9915    X   0.9365    X   0.9944    0.9423    0.868    0.0    0.9934    0.9857    0.8751    0.9998    0.9936    0.9276    0.9298    0.8799    0.9386    0.8153    0.997    0.9817    0.9502    
20241209 092242 INFO:---eval accuracy at 4 of VBP_low--------------------------------------
20241209 092242 INFO:X   0.0    0.0    0.0    0.0    0.0    0.0    0.9842    0.0    0.0    0.8921    0.4892    0.8809    0.874    0.484    0.884    0.165    0.8735    0.991    0.9753    0.9378    0.0    0.9967    0.949    0.8705    0.0    0.9956    0.9887    0.8848    0.9998    0.9941    0.9181    0.9298    0.8873    0.9415    0.8278    0.997    0.982    0.9463    
20241209 093353 INFO:---training accuracy at 4 of JJR_high--------------------------------------
20241209 093353 INFO:X   0.0    0.0    0.0    0.0    0.0    0.0    0.7371    0.0    0.0    0.8507    0.5102    0.8683    0.9162    0.3254    0.9057    0.1456    0.8535    0.9932    X   0.9228    X   0.998    0.9484    0.8692    X   0.9936    0.9946    0.8975    1.0    0.9947    0.899    0.9333    0.8983    0.9528    0.8384    0.995    0.9789    0.9472    
20241209 093541 INFO:---eval accuracy at 4 of JJR_high--------------------------------------
20241209 093541 INFO:X   0.0    0.0    0.0    0.0    0.0    0.0    0.9842    0.0    0.0    0.8921    0.4892    0.8809    0.874    0.484    0.884    0.165    0.8735    0.991    0.9753    0.9378    0.0    0.9967    0.949    0.8705    0.0    0.9956    0.9887    0.8848    0.9998    0.9941    0.9181    0.9298    0.8873    0.9415    0.8278    0.997    0.982    0.9463    
20241209 094515 INFO:---training accuracy at 4 of WP_high--------------------------------------
20241209 094515 INFO:0.0    0.0    0.0    0.0    0.0    0.0    0.0    0.7132    0.0    0.0    0.8377    0.5409    0.8375    0.8766    0.4045    0.8725    X   0.8672    0.9934    0.9792    0.8916    X   0.9945    0.9511    0.8655    X   0.9899    0.9892    0.8937    0.9999    0.9948    0.9294    0.9274    0.8969    0.9357    0.823    0.9947    0.977    0.945    
20241209 094652 INFO:---eval accuracy at 4 of WP_high--------------------------------------
20241209 094652 INFO:X   0.0    0.0    0.0    0.0    0.0    0.0    0.9842    0.0    0.0    0.8921    0.4892    0.8809    0.874    0.484    0.884    0.165    0.8735    0.991    0.9753    0.9378    0.0    0.9967    0.949    0.8705    0.0    0.9956    0.9887    0.8848    0.9998    0.9941    0.9181    0.9298    0.8873    0.9415    0.8278    0.997    0.982    0.9463    
20241209 095621 INFO:---training accuracy at 4 of MD_high--------------------------------------
20241209 095621 INFO:X   0.0    0.0    0.0    0.0    0.0    0.0    0.7111    0.0    0.0    0.8491    0.5126    0.8529    0.8793    0.3489    0.8791    X   0.8665    0.9915    X   0.9192    0.0    0.9966    0.9466    0.8785    X   0.9917    0.9925    0.8938    0.9999    0.9944    0.9044    0.9367    0.8968    0.9432    0.829    0.9953    0.9777    0.9473    
20241209 095800 INFO:---eval accuracy at 4 of MD_high--------------------------------------
20241209 095800 INFO:X   0.0    0.0    0.0    0.0    0.0    0.0    0.9842    0.0    0.0    0.8921    0.4892    0.8809    0.874    0.484    0.884    0.165    0.8735    0.991    0.9753    0.9378    0.0    0.9967    0.949    0.8705    0.0    0.9956    0.9887    0.8848    0.9998    0.9941    0.9181    0.9298    0.8873    0.9415    0.8278    0.997    0.982    0.9463    
20241209 100730 INFO:---training accuracy at 4 of VBP_high--------------------------------------
20241209 100730 INFO:X   0.0    0.0    0.0    0.0    0.0    0.0    0.7248    0.0    0.0    0.8618    0.4525    0.8539    0.8524    0.3652    0.8726    X   0.8567    0.9913    X   0.9305    X   0.9955    0.9434    0.8717    0.0    0.9928    0.9883    0.8828    0.9999    0.994    0.917    0.9294    0.8862    0.9402    0.8191    0.9963    0.9798    0.9481    
20241209 100909 INFO:---eval accuracy at 4 of VBP_high--------------------------------------
20241209 100909 INFO:X   0.0    0.0    0.0    0.0    0.0    0.0    0.9842    0.0    0.0    0.8921    0.4892    0.8809    0.874    0.484    0.884    0.165    0.8735    0.991    0.9753    0.9378    0.0    0.9967    0.949    0.8705    0.0    0.9956    0.9887    0.8848    0.9998    0.9941    0.9181    0.9298    0.8873    0.9415    0.8278    0.997    0.982    0.9463    
20241209 101849 INFO:---training accuracy at 5 of JJR_low--------------------------------------
20241209 101849 INFO:X   0.0    0.0    0.0    0.0    0.0    0.0    0.7335    0.0    0.0    0.8529    0.5106    0.8542    0.8884    0.3583    0.8872    0.1262    0.8588    0.9921    X   0.9213    X   0.9969    0.9463    0.8697    X   0.9929    0.9919    0.8904    0.9999    0.9946    0.9068    0.9308    0.894    0.9455    0.8275    0.9954    0.9782    0.9465    
20241209 102028 INFO:---eval accuracy at 5 of JJR_low--------------------------------------
20241209 102028 INFO:X   0.0    0.0    0.0    0.0    0.0    0.0    0.9842    0.0    0.0    0.8921    0.4892    0.8809    0.874    0.484    0.884    0.165    0.8735    0.991    0.9753    0.9378    0.0    0.9967    0.949    0.8705    0.0    0.9956    0.9887    0.8848    0.9998    0.9941    0.9181    0.9298    0.8873    0.9415    0.8278    0.997    0.982    0.9463    
20241209 103005 INFO:---training accuracy at 5 of WP_low--------------------------------------
20241209 103005 INFO:X   0.0    0.0    0.0    0.0    0.0    0.0    0.7173    0.0    0.0    0.8431    0.5144    0.841    0.8687    0.3912    0.8749    X   0.8664    0.9927    0.9745    0.9105    X   0.9952    0.949    0.869    X   0.9915    0.9895    0.8876    0.9999    0.9945    0.9226    0.9285    0.8938    0.9384    0.8213    0.9954    0.9779    0.9463    
20241209 103143 INFO:---eval accuracy at 5 of WP_low--------------------------------------
20241209 103143 INFO:X   0.0    0.0    0.0    0.0    0.0    0.0    0.9842    0.0    0.0    0.8921    0.4892    0.8809    0.874    0.484    0.884    0.165    0.8735    0.991    0.9753    0.9378    0.0    0.9967    0.949    0.8705    0.0    0.9956    0.9887    0.8848    0.9998    0.9941    0.9181    0.9298    0.8873    0.9415    0.8278    0.997    0.982    0.9463    
20241209 104120 INFO:---training accuracy at 5 of MD_low--------------------------------------
20241209 104120 INFO:0.0    X   0.0    0.0    0.0    0.0    0.0    0.7244    0.0    0.0    0.8593    0.4965    0.8433    0.8684    0.3754    0.8749    X   0.8576    0.9925    X   0.9211    0.0    0.9956    0.9461    0.8692    X   0.9923    0.9894    0.8843    0.9999    0.9942    0.9172    0.9217    0.89    0.9402    0.82    0.9958    0.9784    0.9463    
20241209 104258 INFO:---eval accuracy at 5 of MD_low--------------------------------------
20241209 104258 INFO:X   0.0    0.0    0.0    0.0    0.0    0.0    0.9842    0.0    0.0    0.8921    0.4892    0.8809    0.874    0.484    0.884    0.165    0.8735    0.991    0.9753    0.9378    0.0    0.9967    0.949    0.8705    0.0    0.9956    0.9887    0.8848    0.9998    0.9941    0.9181    0.9298    0.8873    0.9415    0.8278    0.997    0.982    0.9463    
