lr=1e-4
20241210 004703 INFO:---eval accuracy for id at 0 of base--------------------------------------
20241210 004703 INFO:X   0.0    0.0    0.0    0.0    0.0    0.0    0.0    0.0002    0.2647    0.0    0.1073    0.0    0.0    0.0    0.04    0.0082    0.0    0.0    0.0121    0.0474    0.0004    0.0    0.0    0.0251    0.0    0.002    0.0001    0.3862    0.0127    0.0    0.004    0.0001    0.0022    0.0071    0.0    0.0029    0.0    0.0023    
20241210 004739 INFO:---eval accuracy for ood at 0 of base--------------------------------------
20241210 004739 INFO:X   0.0    0.0    0.0    0.0    0.0    0.0    0.0    0.0033    0.2358    0.0    0.1089    0.0002    0.0    0.0    0.0421    0.0077    0.0    0.0    0.0132    0.047    0.0004    0.0    0.0    0.0242    0.0    0.0019    0.0001    0.3882    0.0142    0.0    0.004    0.0001    0.0023    0.0076    0.0    0.0028    0.0    0.0022    
20241210 004951 INFO:---training accuracy at 0 of JJR_low--------------------------------------
20241210 004951 INFO:X   0.0    0.0    0.0    0.0    0.0    0.0    0.7145    0.0    0.0014    0.7295    0.4604    0.7918    0.5016    0.2391    0.8274    0.8847    0.7808    0.9184    0.9069    X   0.954    0.9438    0.9026    0.8212    0.7928    0.9693    0.9618    0.8497    0.964    0.9749    0.8598    0.8847    0.8513    0.9175    0.785    0.9806    0.969    0.9353    
20241210 005239 INFO:---eval accuracy for id at 0 of JJR_low--------------------------------------
20241210 005239 INFO:X   0.0    0.0    0.0    0.0    0.0    0.0    1.0    0.0    0.0    0.8836    0.675    0.9347    0.6528    0.4622    0.9134    0.9088    0.8797    0.9935    0.97    0.0    0.9955    0.9979    0.955    0.89    0.8531    0.9946    0.9931    0.9126    1.0    0.9949    0.9126    0.9306    0.9061    0.9492    0.8458    0.9962    0.9824    0.9426    
20241210 005316 INFO:---eval accuracy for ood at 0 of JJR_low--------------------------------------
20241210 005316 INFO:X   0.0    0.0    0.0    0.0    0.0    0.0    1.0    0.0    0.0    0.8866    0.6796    0.9262    0.6368    0.4863    0.906    0.7338    0.8761    0.993    0.9628    0.0    0.9952    0.9975    0.9543    0.8844    0.8485    0.9943    0.9927    0.9066    1.0    0.9947    0.9115    0.9232    0.8998    0.9454    0.8381    0.9962    0.9816    0.9406    
20241210 005527 INFO:---training accuracy at 0 of WDT_low--------------------------------------
20241210 005527 INFO:0.0    0.0    0.0    0.0    0.0    0.0    0.0    0.999    0.0    0.0    0.85    0.6033    0.885    0.4831    0.4041    0.8876    X   0.8691    0.9915    0.9731    0.0    0.9945    0.9971    0.9476    0.8914    0.8215    0.9901    0.9915    0.9024    0.9999    0.9942    0.9136    0.9275    0.9054    0.9439    0.8365    0.9961    0.9819    0.944    
20241210 005816 INFO:---eval accuracy for id at 0 of WDT_low--------------------------------------
20241210 005816 INFO:X   0.0    0.0    0.0    0.0    0.0    0.0    1.0    0.0    0.0    0.8836    0.675    0.9347    0.6528    0.4622    0.9134    0.9088    0.8797    0.9935    0.97    0.0    0.9955    0.9979    0.955    0.89    0.8531    0.9946    0.9931    0.9126    1.0    0.9949    0.9126    0.9306    0.9061    0.9492    0.8458    0.9962    0.9824    0.9426    
20241210 005852 INFO:---eval accuracy for ood at 0 of WDT_low--------------------------------------
20241210 005852 INFO:X   0.0    0.0    0.0    0.0    0.0    0.0    1.0    0.0    0.0    0.8866    0.6796    0.9262    0.6368    0.4863    0.906    0.7338    0.8761    0.993    0.9628    0.0    0.9952    0.9975    0.9543    0.8844    0.8485    0.9943    0.9927    0.9066    1.0    0.9947    0.9115    0.9232    0.8998    0.9454    0.8381    0.9962    0.9816    0.9406    
20241210 010134 INFO:---training accuracy at 0 of JJR_high--------------------------------------
20241210 010134 INFO:X   0.0    0.0    0.0    0.0    0.0    0.0    1.0    0.0    0.0    0.8765    0.626    0.8988    0.5899    0.3662    0.9085    0.9009    0.8485    0.9923    0.9721    X   0.995    0.9976    0.9514    0.8688    0.8536    0.9945    0.9935    0.8858    1.0    0.9945    0.9034    0.915    0.8911    0.9504    0.8302    0.9964    0.9814    0.9459    
20241210 010423 INFO:---eval accuracy for id at 0 of JJR_high--------------------------------------
20241210 010423 INFO:X   0.0    0.0    0.0    0.0    0.0    0.0    1.0    0.0    0.0    0.8836    0.675    0.9347    0.6528    0.4622    0.9134    0.9088    0.8797    0.9935    0.97    0.0    0.9955    0.9979    0.955    0.89    0.8531    0.9946    0.9931    0.9126    1.0    0.9949    0.9126    0.9306    0.9061    0.9492    0.8458    0.9962    0.9824    0.9426    
20241210 010500 INFO:---eval accuracy for ood at 0 of JJR_high--------------------------------------
20241210 010500 INFO:X   0.0    0.0    0.0    0.0    0.0    0.0    1.0    0.0    0.0    0.8866    0.6796    0.9262    0.6368    0.4863    0.906    0.7338    0.8761    0.993    0.9628    0.0    0.9952    0.9975    0.9543    0.8844    0.8485    0.9943    0.9927    0.9066    1.0    0.9947    0.9115    0.9232    0.8998    0.9454    0.8381    0.9962    0.9816    0.9406    
20241210 011142 INFO:---training accuracy at 0 of WDT_high--------------------------------------
20241210 011142 INFO:0.0    0.0    0.0    0.0    0.0    0.0    0.0    1.0    0.0    0.0    0.8612    0.6057    0.8879    0.4796    0.3991    0.8878    X   0.8684    0.9922    0.9706    0.0    0.9949    0.9971    0.9469    0.8911    0.8217    0.9905    0.9916    0.9024    0.9999    0.9944    0.9137    0.9271    0.9049    0.9441    0.8359    0.9961    0.9819    0.944    
20241210 011430 INFO:---eval accuracy for id at 0 of WDT_high--------------------------------------
20241210 011430 INFO:X   0.0    0.0    0.0    0.0    0.0    0.0    1.0    0.0    0.0    0.8836    0.675    0.9347    0.6528    0.4622    0.9134    0.9088    0.8797    0.9935    0.97    0.0    0.9955    0.9979    0.955    0.89    0.8531    0.9946    0.9931    0.9126    1.0    0.9949    0.9126    0.9306    0.9061    0.9492    0.8458    0.9962    0.9824    0.9426    
20241210 011507 INFO:---eval accuracy for ood at 0 of WDT_high--------------------------------------
20241210 011507 INFO:X   0.0    0.0    0.0    0.0    0.0    0.0    1.0    0.0    0.0    0.8866    0.6796    0.9262    0.6368    0.4863    0.906    0.7338    0.8761    0.993    0.9628    0.0    0.9952    0.9975    0.9543    0.8844    0.8485    0.9943    0.9927    0.9066    1.0    0.9947    0.9115    0.9232    0.8998    0.9454    0.8381    0.9962    0.9816    0.9406    
20241210 011719 INFO:---training accuracy at 1 of JJR_low--------------------------------------
20241210 011719 INFO:X   0.0    0.0    0.0    0.0    0.0    0.0    1.0    0.0    0.0    0.8777    0.6197    0.8955    0.5972    0.3642    0.9112    0.9274    0.8526    0.9921    0.9725    X   0.995    0.9977    0.952    0.8705    0.8557    0.9944    0.9939    0.8877    1.0    0.9944    0.9041    0.9172    0.892    0.9518    0.8338    0.9964    0.9816    0.9465    
20241210 012006 INFO:---eval accuracy for id at 1 of JJR_low--------------------------------------
20241210 012006 INFO:X   0.0    0.0    0.0    0.0    0.0    0.0    1.0    0.0    0.0    0.8836    0.675    0.9347    0.6528    0.4622    0.9134    0.9088    0.8797    0.9935    0.97    0.0    0.9955    0.9979    0.955    0.89    0.8531    0.9946    0.9931    0.9126    1.0    0.9949    0.9126    0.9306    0.9061    0.9492    0.8458    0.9962    0.9824    0.9426    
20241210 012043 INFO:---eval accuracy for ood at 1 of JJR_low--------------------------------------
20241210 012043 INFO:X   0.0    0.0    0.0    0.0    0.0    0.0    1.0    0.0    0.0    0.8866    0.6796    0.9262    0.6368    0.4863    0.906    0.7338    0.8761    0.993    0.9628    0.0    0.9952    0.9975    0.9543    0.8844    0.8485    0.9943    0.9927    0.9066    1.0    0.9947    0.9115    0.9232    0.8998    0.9454    0.8381    0.9962    0.9816    0.9406    
20241210 012255 INFO:---training accuracy at 1 of WDT_low--------------------------------------
20241210 012255 INFO:0.0    0.0    0.0    0.0    0.0    0.0    0.0    1.0    0.0    0.0    0.8467    0.6062    0.8847    0.4918    0.4015    0.887    X   0.8697    0.9913    0.9731    0.0    0.9944    0.9968    0.9469    0.8922    0.8204    0.9901    0.9915    0.9025    0.9999    0.9942    0.9141    0.9275    0.9057    0.9441    0.8367    0.9961    0.9819    0.9441    
20241210 012543 INFO:---eval accuracy for id at 1 of WDT_low--------------------------------------
20241210 012543 INFO:X   0.0    0.0    0.0    0.0    0.0    0.0    1.0    0.0    0.0    0.8836    0.675    0.9347    0.6528    0.4622    0.9134    0.9088    0.8797    0.9935    0.97    0.0    0.9955    0.9979    0.955    0.89    0.8531    0.9946    0.9931    0.9126    1.0    0.9949    0.9126    0.9306    0.9061    0.9492    0.8458    0.9962    0.9824    0.9426    
20241210 012620 INFO:---eval accuracy for ood at 1 of WDT_low--------------------------------------
20241210 012620 INFO:X   0.0    0.0    0.0    0.0    0.0    0.0    1.0    0.0    0.0    0.8866    0.6796    0.9262    0.6368    0.4863    0.906    0.7338    0.8761    0.993    0.9628    0.0    0.9952    0.9975    0.9543    0.8844    0.8485    0.9943    0.9927    0.9066    1.0    0.9947    0.9115    0.9232    0.8998    0.9454    0.8381    0.9962    0.9816    0.9406    
20241210 012902 INFO:---training accuracy at 1 of JJR_high--------------------------------------
20241210 012902 INFO:X   0.0    0.0    0.0    0.0    0.0    0.0    1.0    0.0    0.0    0.8742    0.6227    0.8979    0.5917    0.3721    0.9076    0.9011    0.85    0.9922    0.9722    X   0.995    0.9974    0.9511    0.8685    0.8528    0.9944    0.9934    0.8856    1.0    0.9945    0.9025    0.9155    0.8902    0.9505    0.8302    0.9963    0.9814    0.946    
20241210 013150 INFO:---eval accuracy for id at 1 of JJR_high--------------------------------------
20241210 013150 INFO:X   0.0    0.0    0.0    0.0    0.0    0.0    1.0    0.0    0.0    0.8836    0.675    0.9347    0.6528    0.4622    0.9134    0.9088    0.8797    0.9935    0.97    0.0    0.9955    0.9979    0.955    0.89    0.8531    0.9946    0.9931    0.9126    1.0    0.9949    0.9126    0.9306    0.9061    0.9492    0.8458    0.9962    0.9824    0.9426    
20241210 013227 INFO:---eval accuracy for ood at 1 of JJR_high--------------------------------------
20241210 013227 INFO:X   0.0    0.0    0.0    0.0    0.0    0.0    1.0    0.0    0.0    0.8866    0.6796    0.9262    0.6368    0.4863    0.906    0.7338    0.8761    0.993    0.9628    0.0    0.9952    0.9975    0.9543    0.8844    0.8485    0.9943    0.9927    0.9066    1.0    0.9947    0.9115    0.9232    0.8998    0.9454    0.8381    0.9962    0.9816    0.9406    
20241210 013909 INFO:---training accuracy at 1 of WDT_high--------------------------------------
20241210 013909 INFO:0.0    0.0    0.0    0.0    0.0    0.0    0.0    0.9997    0.0    0.0    0.8615    0.6043    0.8898    0.4797    0.3968    0.8871    X   0.8687    0.9923    0.9707    0.0    0.9948    0.9972    0.9472    0.8913    0.8221    0.9904    0.9916    0.9024    0.9999    0.9944    0.9138    0.927    0.905    0.9439    0.8359    0.9961    0.9818    0.9439    
20241210 014157 INFO:---eval accuracy for id at 1 of WDT_high--------------------------------------
20241210 014157 INFO:X   0.0    0.0    0.0    0.0    0.0    0.0    1.0    0.0    0.0    0.8836    0.675    0.9347    0.6528    0.4622    0.9134    0.9088    0.8797    0.9935    0.97    0.0    0.9955    0.9979    0.955    0.89    0.8531    0.9946    0.9931    0.9126    1.0    0.9949    0.9126    0.9306    0.9061    0.9492    0.8458    0.9962    0.9824    0.9426    
20241210 014234 INFO:---eval accuracy for ood at 1 of WDT_high--------------------------------------
20241210 014234 INFO:X   0.0    0.0    0.0    0.0    0.0    0.0    1.0    0.0    0.0    0.8866    0.6796    0.9262    0.6368    0.4863    0.906    0.7338    0.8761    0.993    0.9628    0.0    0.9952    0.9975    0.9543    0.8844    0.8485    0.9943    0.9927    0.9066    1.0    0.9947    0.9115    0.9232    0.8998    0.9454    0.8381    0.9962    0.9816    0.9406    
20241210 014446 INFO:---training accuracy at 2 of JJR_low--------------------------------------
20241210 014446 INFO:X   0.0    0.0    0.0    0.0    0.0    0.0    1.0    0.0    0.0    0.8746    0.619    0.8964    0.5937    0.364    0.9092    0.9279    0.8535    0.9921    0.9724    X   0.995    0.9977    0.9519    0.8704    0.8557    0.9945    0.9938    0.8871    1.0    0.9945    0.9044    0.9166    0.8924    0.9522    0.8336    0.9964    0.9815    0.9466    
20241210 014734 INFO:---eval accuracy for id at 2 of JJR_low--------------------------------------
20241210 014734 INFO:X   0.0    0.0    0.0    0.0    0.0    0.0    1.0    0.0    0.0    0.8836    0.675    0.9347    0.6528    0.4622    0.9134    0.9088    0.8797    0.9935    0.97    0.0    0.9955    0.9979    0.955    0.89    0.8531    0.9946    0.9931    0.9126    1.0    0.9949    0.9126    0.9306    0.9061    0.9492    0.8458    0.9962    0.9824    0.9426    
20241210 014810 INFO:---eval accuracy for ood at 2 of JJR_low--------------------------------------
20241210 014810 INFO:X   0.0    0.0    0.0    0.0    0.0    0.0    1.0    0.0    0.0    0.8866    0.6796    0.9262    0.6368    0.4863    0.906    0.7338    0.8761    0.993    0.9628    0.0    0.9952    0.9975    0.9543    0.8844    0.8485    0.9943    0.9927    0.9066    1.0    0.9947    0.9115    0.9232    0.8998    0.9454    0.8381    0.9962    0.9816    0.9406    
20241210 015022 INFO:---training accuracy at 2 of WDT_low--------------------------------------
20241210 015022 INFO:0.0    0.0    0.0    0.0    0.0    0.0    0.0    1.0    0.0    0.0    0.8536    0.5979    0.8842    0.4915    0.402    0.8865    X   0.8681    0.9913    0.9731    0.0    0.9944    0.9971    0.9473    0.8918    0.8212    0.9903    0.9915    0.9026    0.9999    0.9942    0.9142    0.9272    0.9053    0.9438    0.8367    0.9962    0.9819    0.9441    
20241210 015310 INFO:---eval accuracy for id at 2 of WDT_low--------------------------------------
20241210 015310 INFO:X   0.0    0.0    0.0    0.0    0.0    0.0    1.0    0.0    0.0    0.8836    0.675    0.9347    0.6528    0.4622    0.9134    0.9088    0.8797    0.9935    0.97    0.0    0.9955    0.9979    0.955    0.89    0.8531    0.9946    0.9931    0.9126    1.0    0.9949    0.9126    0.9306    0.9061    0.9492    0.8458    0.9962    0.9824    0.9426    
20241210 015347 INFO:---eval accuracy for ood at 2 of WDT_low--------------------------------------
20241210 015347 INFO:X   0.0    0.0    0.0    0.0    0.0    0.0    1.0    0.0    0.0    0.8866    0.6796    0.9262    0.6368    0.4863    0.906    0.7338    0.8761    0.993    0.9628    0.0    0.9952    0.9975    0.9543    0.8844    0.8485    0.9943    0.9927    0.9066    1.0    0.9947    0.9115    0.9232    0.8998    0.9454    0.8381    0.9962    0.9816    0.9406    
20241210 015630 INFO:---training accuracy at 2 of JJR_high--------------------------------------
20241210 015630 INFO:X   0.0    0.0    0.0    0.0    0.0    0.0    1.0    0.0    0.0    0.8746    0.6242    0.897    0.5859    0.3737    0.9086    0.9014    0.8506    0.9922    0.9722    X   0.995    0.9976    0.9516    0.8688    0.8529    0.9945    0.9936    0.8857    1.0    0.9945    0.9028    0.9152    0.891    0.9507    0.8301    0.9964    0.9814    0.9459    
20241210 015917 INFO:---eval accuracy for id at 2 of JJR_high--------------------------------------
20241210 015917 INFO:X   0.0    0.0    0.0    0.0    0.0    0.0    1.0    0.0    0.0    0.8836    0.675    0.9347    0.6528    0.4622    0.9134    0.9088    0.8797    0.9935    0.97    0.0    0.9955    0.9979    0.955    0.89    0.8531    0.9946    0.9931    0.9126    1.0    0.9949    0.9126    0.9306    0.9061    0.9492    0.8458    0.9962    0.9824    0.9426    
20241210 015954 INFO:---eval accuracy for ood at 2 of JJR_high--------------------------------------
20241210 015954 INFO:X   0.0    0.0    0.0    0.0    0.0    0.0    1.0    0.0    0.0    0.8866    0.6796    0.9262    0.6368    0.4863    0.906    0.7338    0.8761    0.993    0.9628    0.0    0.9952    0.9975    0.9543    0.8844    0.8485    0.9943    0.9927    0.9066    1.0    0.9947    0.9115    0.9232    0.8998    0.9454    0.8381    0.9962    0.9816    0.9406    
20241210 020637 INFO:---training accuracy at 2 of WDT_high--------------------------------------
20241210 020637 INFO:0.0    0.0    0.0    0.0    0.0    0.0    0.0    0.9994    0.0    0.0    0.8622    0.6078    0.8874    0.4773    0.3971    0.8863    X   0.8688    0.9921    0.9707    0.0    0.9949    0.9971    0.9469    0.8911    0.822    0.9904    0.9917    0.9023    0.9999    0.9944    0.9136    0.9274    0.9047    0.9441    0.8358    0.9962    0.9819    0.9441    
20241210 020926 INFO:---eval accuracy for id at 2 of WDT_high--------------------------------------
20241210 020926 INFO:X   0.0    0.0    0.0    0.0    0.0    0.0    1.0    0.0    0.0    0.8836    0.675    0.9347    0.6528    0.4622    0.9134    0.9088    0.8797    0.9935    0.97    0.0    0.9955    0.9979    0.955    0.89    0.8531    0.9946    0.9931    0.9126    1.0    0.9949    0.9126    0.9306    0.9061    0.9492    0.8458    0.9962    0.9824    0.9426    
20241210 021003 INFO:---eval accuracy for ood at 2 of WDT_high--------------------------------------
20241210 021003 INFO:X   0.0    0.0    0.0    0.0    0.0    0.0    1.0    0.0    0.0    0.8866    0.6796    0.9262    0.6368    0.4863    0.906    0.7338    0.8761    0.993    0.9628    0.0    0.9952    0.9975    0.9543    0.8844    0.8485    0.9943    0.9927    0.9066    1.0    0.9947    0.9115    0.9232    0.8998    0.9454    0.8381    0.9962    0.9816    0.9406    
20241210 021215 INFO:---training accuracy at 3 of JJR_low--------------------------------------
20241210 021215 INFO:X   0.0    0.0    0.0    0.0    0.0    0.0    1.0    0.0    0.0    0.8733    0.6205    0.8991    0.5964    0.3669    0.9107    0.9274    0.8529    0.9922    0.9724    X   0.995    0.9978    0.9523    0.8707    0.856    0.9945    0.9938    0.8872    1.0    0.9945    0.9037    0.917    0.8918    0.9518    0.8338    0.9965    0.9816    0.9466    
20241210 021503 INFO:---eval accuracy for id at 3 of JJR_low--------------------------------------
20241210 021503 INFO:X   0.0    0.0    0.0    0.0    0.0    0.0    1.0    0.0    0.0    0.8836    0.675    0.9347    0.6528    0.4622    0.9134    0.9088    0.8797    0.9935    0.97    0.0    0.9955    0.9979    0.955    0.89    0.8531    0.9946    0.9931    0.9126    1.0    0.9949    0.9126    0.9306    0.9061    0.9492    0.8458    0.9962    0.9824    0.9426    
20241210 021540 INFO:---eval accuracy for ood at 3 of JJR_low--------------------------------------
20241210 021540 INFO:X   0.0    0.0    0.0    0.0    0.0    0.0    1.0    0.0    0.0    0.8866    0.6796    0.9262    0.6368    0.4863    0.906    0.7338    0.8761    0.993    0.9628    0.0    0.9952    0.9975    0.9543    0.8844    0.8485    0.9943    0.9927    0.9066    1.0    0.9947    0.9115    0.9232    0.8998    0.9454    0.8381    0.9962    0.9816    0.9406    
20241210 021752 INFO:---training accuracy at 3 of WDT_low--------------------------------------
20241210 021752 INFO:0.0    0.0    0.0    0.0    0.0    0.0    0.0    0.999    0.0    0.0    0.8539    0.6098    0.8815    0.4904    0.4058    0.8858    X   0.8685    0.9913    0.9729    0.0    0.9943    0.9969    0.9464    0.8919    0.8208    0.9901    0.9915    0.9023    0.9999    0.9943    0.914    0.9273    0.9057    0.9442    0.8366    0.9961    0.9819    0.9439    
20241210 022038 INFO:---eval accuracy for id at 3 of WDT_low--------------------------------------
20241210 022038 INFO:X   0.0    0.0    0.0    0.0    0.0    0.0    1.0    0.0    0.0    0.8836    0.675    0.9347    0.6528    0.4622    0.9134    0.9088    0.8797    0.9935    0.97    0.0    0.9955    0.9979    0.955    0.89    0.8531    0.9946    0.9931    0.9126    1.0    0.9949    0.9126    0.9306    0.9061    0.9492    0.8458    0.9962    0.9824    0.9426    
20241210 022115 INFO:---eval accuracy for ood at 3 of WDT_low--------------------------------------
20241210 022115 INFO:X   0.0    0.0    0.0    0.0    0.0    0.0    1.0    0.0    0.0    0.8866    0.6796    0.9262    0.6368    0.4863    0.906    0.7338    0.8761    0.993    0.9628    0.0    0.9952    0.9975    0.9543    0.8844    0.8485    0.9943    0.9927    0.9066    1.0    0.9947    0.9115    0.9232    0.8998    0.9454    0.8381    0.9962    0.9816    0.9406    
20241210 022356 INFO:---training accuracy at 3 of JJR_high--------------------------------------
20241210 022356 INFO:X   0.0    0.0    0.0    0.0    0.0    0.0    1.0    0.0    0.0    0.8718    0.6189    0.8966    0.5855    0.37    0.9078    0.901    0.8509    0.9924    0.9722    X   0.995    0.9974    0.9511    0.8691    0.8531    0.9944    0.9934    0.8862    1.0    0.9946    0.9022    0.9149    0.8913    0.9506    0.8302    0.9964    0.9814    0.9461    
20241210 022642 INFO:---eval accuracy for id at 3 of JJR_high--------------------------------------
20241210 022642 INFO:X   0.0    0.0    0.0    0.0    0.0    0.0    1.0    0.0    0.0    0.8836    0.675    0.9347    0.6528    0.4622    0.9134    0.9088    0.8797    0.9935    0.97    0.0    0.9955    0.9979    0.955    0.89    0.8531    0.9946    0.9931    0.9126    1.0    0.9949    0.9126    0.9306    0.9061    0.9492    0.8458    0.9962    0.9824    0.9426    
20241210 022719 INFO:---eval accuracy for ood at 3 of JJR_high--------------------------------------
20241210 022719 INFO:X   0.0    0.0    0.0    0.0    0.0    0.0    1.0    0.0    0.0    0.8866    0.6796    0.9262    0.6368    0.4863    0.906    0.7338    0.8761    0.993    0.9628    0.0    0.9952    0.9975    0.9543    0.8844    0.8485    0.9943    0.9927    0.9066    1.0    0.9947    0.9115    0.9232    0.8998    0.9454    0.8381    0.9962    0.9816    0.9406    
20241210 023358 INFO:---training accuracy at 3 of WDT_high--------------------------------------
20241210 023358 INFO:0.0    0.0    0.0    0.0    0.0    0.0    0.0    0.9997    0.0    0.0    0.8603    0.6069    0.8878    0.4797    0.3982    0.8861    X   0.868    0.9921    0.9708    0.0    0.9949    0.9971    0.947    0.8908    0.8222    0.9903    0.9916    0.9025    0.9999    0.9944    0.9136    0.9273    0.9051    0.944    0.8361    0.9961    0.9819    0.944    
20241210 023644 INFO:---eval accuracy for id at 3 of WDT_high--------------------------------------
20241210 023644 INFO:X   0.0    0.0    0.0    0.0    0.0    0.0    1.0    0.0    0.0    0.8836    0.675    0.9347    0.6528    0.4622    0.9134    0.9088    0.8797    0.9935    0.97    0.0    0.9955    0.9979    0.955    0.89    0.8531    0.9946    0.9931    0.9126    1.0    0.9949    0.9126    0.9306    0.9061    0.9492    0.8458    0.9962    0.9824    0.9426    
20241210 023721 INFO:---eval accuracy for ood at 3 of WDT_high--------------------------------------
20241210 023721 INFO:X   0.0    0.0    0.0    0.0    0.0    0.0    1.0    0.0    0.0    0.8866    0.6796    0.9262    0.6368    0.4863    0.906    0.7338    0.8761    0.993    0.9628    0.0    0.9952    0.9975    0.9543    0.8844    0.8485    0.9943    0.9927    0.9066    1.0    0.9947    0.9115    0.9232    0.8998    0.9454    0.8381    0.9962    0.9816    0.9406    
20241210 023931 INFO:---training accuracy at 4 of JJR_low--------------------------------------
20241210 023931 INFO:X   0.0    0.0    0.0    0.0    0.0    0.0    1.0    0.0    0.0    0.8746    0.6168    0.8965    0.5964    0.3635    0.9095    0.9276    0.8532    0.9921    0.9725    X   0.9951    0.9978    0.9529    0.87    0.8553    0.9946    0.9939    0.8881    1.0    0.9945    0.9041    0.9165    0.8923    0.9518    0.8337    0.9965    0.9815    0.9467    
20241210 024217 INFO:---eval accuracy for id at 4 of JJR_low--------------------------------------
20241210 024217 INFO:X   0.0    0.0    0.0    0.0    0.0    0.0    1.0    0.0    0.0    0.8836    0.675    0.9347    0.6528    0.4622    0.9134    0.9088    0.8797    0.9935    0.97    0.0    0.9955    0.9979    0.955    0.89    0.8531    0.9946    0.9931    0.9126    1.0    0.9949    0.9126    0.9306    0.9061    0.9492    0.8458    0.9962    0.9824    0.9426    
20241210 024254 INFO:---eval accuracy for ood at 4 of JJR_low--------------------------------------
20241210 024254 INFO:X   0.0    0.0    0.0    0.0    0.0    0.0    1.0    0.0    0.0    0.8866    0.6796    0.9262    0.6368    0.4863    0.906    0.7338    0.8761    0.993    0.9628    0.0    0.9952    0.9975    0.9543    0.8844    0.8485    0.9943    0.9927    0.9066    1.0    0.9947    0.9115    0.9232    0.8998    0.9454    0.8381    0.9962    0.9816    0.9406    
20241210 024505 INFO:---training accuracy at 4 of WDT_low--------------------------------------
20241210 024505 INFO:0.0    0.0    0.0    0.0    0.0    0.0    0.0    1.0    0.0    0.0    0.8488    0.5984    0.8855    0.4863    0.4024    0.886    X   0.8693    0.9913    0.9731    0.0    0.9944    0.9972    0.9466    0.891    0.8211    0.9899    0.9916    0.9024    0.9999    0.9942    0.9133    0.927    0.9057    0.9438    0.8366    0.9962    0.9819    0.944    
20241210 024751 INFO:---eval accuracy for id at 4 of WDT_low--------------------------------------
20241210 024751 INFO:X   0.0    0.0    0.0    0.0    0.0    0.0    1.0    0.0    0.0    0.8836    0.675    0.9347    0.6528    0.4622    0.9134    0.9088    0.8797    0.9935    0.97    0.0    0.9955    0.9979    0.955    0.89    0.8531    0.9946    0.9931    0.9126    1.0    0.9949    0.9126    0.9306    0.9061    0.9492    0.8458    0.9962    0.9824    0.9426    
20241210 024827 INFO:---eval accuracy for ood at 4 of WDT_low--------------------------------------
20241210 024827 INFO:X   0.0    0.0    0.0    0.0    0.0    0.0    1.0    0.0    0.0    0.8866    0.6796    0.9262    0.6368    0.4863    0.906    0.7338    0.8761    0.993    0.9628    0.0    0.9952    0.9975    0.9543    0.8844    0.8485    0.9943    0.9927    0.9066    1.0    0.9947    0.9115    0.9232    0.8998    0.9454    0.8381    0.9962    0.9816    0.9406    
20241210 025108 INFO:---training accuracy at 4 of JJR_high--------------------------------------
20241210 025108 INFO:X   0.0    0.0    0.0    0.0    0.0    0.0    1.0    0.0    0.0    0.8769    0.6227    0.8985    0.5885    0.3714    0.9092    0.9006    0.8492    0.9922    0.9722    X   0.995    0.9975    0.9513    0.8685    0.8534    0.9944    0.9934    0.8859    1.0    0.9945    0.9028    0.9147    0.8915    0.9506    0.8306    0.9964    0.9814    0.946    
20241210 025354 INFO:---eval accuracy for id at 4 of JJR_high--------------------------------------
20241210 025354 INFO:X   0.0    0.0    0.0    0.0    0.0    0.0    1.0    0.0    0.0    0.8836    0.675    0.9347    0.6528    0.4622    0.9134    0.9088    0.8797    0.9935    0.97    0.0    0.9955    0.9979    0.955    0.89    0.8531    0.9946    0.9931    0.9126    1.0    0.9949    0.9126    0.9306    0.9061    0.9492    0.8458    0.9962    0.9824    0.9426    
20241210 025431 INFO:---eval accuracy for ood at 4 of JJR_high--------------------------------------
20241210 025431 INFO:X   0.0    0.0    0.0    0.0    0.0    0.0    1.0    0.0    0.0    0.8866    0.6796    0.9262    0.6368    0.4863    0.906    0.7338    0.8761    0.993    0.9628    0.0    0.9952    0.9975    0.9543    0.8844    0.8485    0.9943    0.9927    0.9066    1.0    0.9947    0.9115    0.9232    0.8998    0.9454    0.8381    0.9962    0.9816    0.9406    
20241210 030110 INFO:---training accuracy at 4 of WDT_high--------------------------------------
20241210 030110 INFO:0.0    0.0    0.0    0.0    0.0    0.0    0.0    0.9994    0.0003    0.0    0.8589    0.6075    0.8881    0.4807    0.399    0.8868    X   0.8686    0.9922    0.9708    0.0    0.9948    0.9971    0.947    0.8913    0.8224    0.9905    0.9916    0.9023    0.9999    0.9944    0.9135    0.9273    0.9048    0.944    0.836    0.9961    0.9818    0.9439    
20241210 030355 INFO:---eval accuracy for id at 4 of WDT_high--------------------------------------
20241210 030355 INFO:X   0.0    0.0    0.0    0.0    0.0    0.0    1.0    0.0    0.0    0.8836    0.675    0.9347    0.6528    0.4622    0.9134    0.9088    0.8797    0.9935    0.97    0.0    0.9955    0.9979    0.955    0.89    0.8531    0.9946    0.9931    0.9126    1.0    0.9949    0.9126    0.9306    0.9061    0.9492    0.8458    0.9962    0.9824    0.9426    
20241210 030432 INFO:---eval accuracy for ood at 4 of WDT_high--------------------------------------
20241210 030432 INFO:X   0.0    0.0    0.0    0.0    0.0    0.0    1.0    0.0    0.0    0.8866    0.6796    0.9262    0.6368    0.4863    0.906    0.7338    0.8761    0.993    0.9628    0.0    0.9952    0.9975    0.9543    0.8844    0.8485    0.9943    0.9927    0.9066    1.0    0.9947    0.9115    0.9232    0.8998    0.9454    0.8381    0.9962    0.9816    0.9406    
20241210 030642 INFO:---training accuracy at 5 of JJR_low--------------------------------------
20241210 030642 INFO:X   0.0    0.0    0.0    0.0    0.0    0.0    1.0    0.0    0.0    0.877    0.6178    0.8985    0.5977    0.3656    0.9108    0.9277    0.8542    0.9919    0.9724    X   0.995    0.9976    0.9526    0.87    0.8552    0.9945    0.9938    0.8875    1.0    0.9944    0.9038    0.9172    0.8922    0.9519    0.8333    0.9965    0.9815    0.9465    
20241210 030929 INFO:---eval accuracy for id at 5 of JJR_low--------------------------------------
20241210 030929 INFO:X   0.0    0.0    0.0    0.0    0.0    0.0    1.0    0.0    0.0    0.8836    0.675    0.9347    0.6528    0.4622    0.9134    0.9088    0.8797    0.9935    0.97    0.0    0.9955    0.9979    0.955    0.89    0.8531    0.9946    0.9931    0.9126    1.0    0.9949    0.9126    0.9306    0.9061    0.9492    0.8458    0.9962    0.9824    0.9426    
20241210 031005 INFO:---eval accuracy for ood at 5 of JJR_low--------------------------------------
20241210 031005 INFO:X   0.0    0.0    0.0    0.0    0.0    0.0    1.0    0.0    0.0    0.8866    0.6796    0.9262    0.6368    0.4863    0.906    0.7338    0.8761    0.993    0.9628    0.0    0.9952    0.9975    0.9543    0.8844    0.8485    0.9943    0.9927    0.9066    1.0    0.9947    0.9115    0.9232    0.8998    0.9454    0.8381    0.9962    0.9816    0.9406    
