20241209 142231 INFO:---eval accuracy at 0 of base--------------------------------------
20241209 142231 INFO:X   0.0    0.0    0.0    0.0    0.0    0.0    0.0    0.0005    0.2427    0.0    0.1373    0.0001    0.0    0.0    0.0525    0.0103    0.0    0.0    0.0099    0.0599    0.0005    0.0    0.0    0.0216    0.0    0.0021    0.0002    0.3553    0.0125    0.0    0.0033    0.0001    0.0031    0.0112    0.0    0.0021    0.0    0.0027    
20241209 142922 INFO:---training accuracy at 0 of JJR_low--------------------------------------
20241209 142922 INFO:X   X   X   X   X   X   X   X   X   X   X   X   X   X   X   X   0.9969    X   X   X   X   X   X   X   X   X   X   X   X   X   X   X   X   X   X   X   X   X   X   
20241209 143035 INFO:---eval accuracy at 0 of JJR_low--------------------------------------
20241209 143035 INFO:X   0.0    0.0    0.0    0.0    0.0    0.0    0.0    0.0    0.0    0.0    0.0    0.0    0.0    0.0    0.0    1.0    0.0    0.0    0.0    0.0    0.0    0.0    0.0    0.0    0.0    0.0    0.0    0.0    0.0    0.0    0.0    0.0    0.0    0.0    0.0    0.0    0.0    0.0    
20241209 143727 INFO:---training accuracy at 0 of WP_low--------------------------------------
20241209 143727 INFO:X   X   X   X   X   X   X   X   X   X   X   X   X   X   X   X   X   X   X   0.9906    X   X   X   X   X   X   X   X   X   X   X   X   X   X   X   X   X   X   X   
20241209 143840 INFO:---eval accuracy at 0 of WP_low--------------------------------------
20241209 143840 INFO:X   0.0    0.0    0.0    0.0    0.0    0.0    0.0    0.0    0.0    0.0    0.0    0.0    0.0    0.0    0.0    0.0    0.0    0.0    1.0    0.0    0.0    0.0    0.0    0.0    0.0    0.0    0.0    0.0    0.0    0.0    0.0    0.0    0.0    0.0    0.0    0.0    0.0    0.0    
20241209 144533 INFO:---training accuracy at 0 of MD_low--------------------------------------
20241209 144533 INFO:X   X   X   X   X   X   X   X   X   X   X   X   X   X   X   X   X   X   X   X   X   0.0    X   X   X   X   X   X   X   X   X   X   X   X   X   X   X   X   X   
20241209 144647 INFO:---eval accuracy at 0 of MD_low--------------------------------------
20241209 144647 INFO:X   0.0    0.0    0.0    0.0    0.0    0.0    0.0    0.0    0.0    0.0    0.0    0.0    0.0    0.0    0.0    0.0    0.0    0.0    1.0    0.0    0.0    0.0    0.0    0.0    0.0    0.0    0.0    0.0    0.0    0.0    0.0    0.0    0.0    0.0    0.0    0.0    0.0    0.0    
20241209 145340 INFO:---training accuracy at 0 of VBP_low--------------------------------------
20241209 145340 INFO:X   X   X   X   X   X   X   X   X   X   X   X   X   X   X   X   X   X   X   X   X   X   X   X   X   0.0    X   X   X   X   X   X   X   X   X   X   X   X   X   
20241209 145454 INFO:---eval accuracy at 0 of VBP_low--------------------------------------
20241209 145454 INFO:X   0.0    0.0    0.0    0.0    0.0    0.0    0.0    0.0    0.0    0.0    0.0    0.0    0.0    0.0    0.0    0.0    0.0    0.0    1.0    0.0    0.0    0.0    0.0    0.0    0.0    0.0    0.0    0.0    0.0    0.0    0.0    0.0    0.0    0.0    0.0    0.0    0.0    0.0    
20241209 150149 INFO:---training accuracy at 0 of JJR_high--------------------------------------
20241209 150149 INFO:X   X   X   X   X   X   X   X   X   X   X   X   X   X   X   X   0.0    X   X   X   X   X   X   X   X   X   X   X   X   X   X   X   X   X   X   X   X   X   X   
20241209 150303 INFO:---eval accuracy at 0 of JJR_high--------------------------------------
20241209 150303 INFO:X   0.0    0.0    0.0    0.0    0.0    0.0    0.0    0.0    0.0    0.0    0.0    0.0    0.0    0.0    0.0    0.0    0.0    0.0    1.0    0.0    0.0    0.0    0.0    0.0    0.0    0.0    0.0    0.0    0.0    0.0    0.0    0.0    0.0    0.0    0.0    0.0    0.0    0.0    
20241209 151754 INFO:---eval accuracy at 0 of base--------------------------------------
20241209 151754 INFO:X   0.0    0.0    0.0    0.0    0.0    0.0    0.0    0.0005    0.2427    0.0    0.1373    0.0001    0.0    0.0    0.0525    0.0103    0.0    0.0    0.0099    0.0599    0.0005    0.0    0.0    0.0216    0.0    0.0021    0.0002    0.3553    0.0125    0.0    0.0033    0.0001    0.0031    0.0112    0.0    0.0021    0.0    0.0027    
20241209 152452 INFO:---training accuracy at 0 of JJR_low--------------------------------------
20241209 152452 INFO:X   0.0    0.0    0.0    0.0    0.0    0.0    0.5699    0.0    0.002    0.6528    0.4287    0.7578    0.4871    0.2704    0.7919    0.7983    0.7794    0.906    0.88    0.8666    0.9465    0.9389    0.8949    0.8296    0.7743    0.956    0.9581    0.8563    0.9571    0.9691    0.8673    0.8867    0.8566    0.907    0.7856    0.9804    0.965    0.9364    
20241209 152606 INFO:---eval accuracy at 0 of JJR_low--------------------------------------
20241209 152606 INFO:X   0.0    0.0    0.0    0.0    0.0    0.0    1.0    0.0488    0.026    0.8942    0.6354    0.9506    0.6866    0.5228    0.9049    0.8618    0.8736    0.9915    0.9805    0.9445    0.9935    0.9975    0.9623    0.9028    0.8165    0.9958    0.989    0.9003    0.9998    0.9942    0.9225    0.9312    0.8992    0.9505    0.8635    0.9975    0.9824    0.9417    
20241209 153306 INFO:---training accuracy at 0 of WP_low--------------------------------------
20241209 153306 INFO:X   0.0    0.0    0.0    0.0    0.0    0.0    0.9996    0.1098    0.1211    0.866    0.6507    0.8877    0.6929    0.4607    0.8952    0.8281    0.8712    0.993    0.983    0.9194    0.9947    0.995    0.9596    0.8935    0.8503    0.9922    0.9909    0.9056    0.9999    0.9947    0.9316    0.9301    0.9071    0.9474    0.8557    0.9959    0.9802    0.9511    
20241209 153420 INFO:---eval accuracy at 0 of WP_low--------------------------------------
20241209 153420 INFO:X   0.0    0.0    0.0    0.0    0.0    0.0    1.0    0.2273    0.1525    0.9142    0.6756    0.9455    0.7245    0.5348    0.9033    0.8456    0.8761    0.9915    0.9872    0.9437    0.9935    0.9956    0.9603    0.9004    0.823    0.9954    0.9916    0.906    0.9998    0.9944    0.9295    0.9356    0.9045    0.952    0.8673    0.9974    0.9832    0.9521    
20241209 154119 INFO:---training accuracy at 0 of MD_low--------------------------------------
20241209 154119 INFO:0.0    X   0.0    0.0    0.0    0.0    0.0    1.0    0.1462    0.1434    0.8775    0.6398    0.8934    0.6929    0.4585    0.8982    0.8394    0.8651    0.9929    0.9844    0.9275    0.9929    0.9954    0.9584    0.8943    0.8416    0.9929    0.9911    0.9043    0.9999    0.9946    0.9282    0.9261    0.9056    0.9497    0.858    0.9963    0.981    0.9522    
20241209 154234 INFO:---eval accuracy at 0 of MD_low--------------------------------------
20241209 154234 INFO:X   0.0    0.0    0.0    0.0    0.0    0.0    1.0    0.2273    0.1525    0.9142    0.6756    0.9455    0.7245    0.5348    0.9033    0.8456    0.8761    0.9915    0.9872    0.9437    0.9935    0.9956    0.9603    0.9004    0.823    0.9954    0.9916    0.906    0.9998    0.9944    0.9295    0.9356    0.9045    0.952    0.8673    0.9974    0.9832    0.9521    
20241209 154932 INFO:---training accuracy at 0 of VBP_low--------------------------------------
20241209 154932 INFO:0.0    X   0.0    0.0    0.0    0.0    0.0    1.0    0.147    0.1608    0.8781    0.5806    0.9012    0.6683    0.4531    0.8971    0.8377    0.86    0.992    0.984    0.9403    0.9942    0.9939    0.9562    0.8941    0.7739    0.9939    0.9887    0.8974    0.9998    0.994    0.9373    0.938    0.8978    0.948    0.8556    0.9973    0.9837    0.9561    
20241209 155047 INFO:---eval accuracy at 0 of VBP_low--------------------------------------
20241209 155047 INFO:X   0.0    0.0    0.0    0.0    0.0    0.0    1.0    0.2273    0.1525    0.9142    0.6756    0.9455    0.7245    0.5348    0.9033    0.8456    0.8761    0.9915    0.9872    0.9437    0.9935    0.9956    0.9603    0.9004    0.823    0.9954    0.9916    0.906    0.9998    0.9944    0.9295    0.9356    0.9045    0.952    0.8673    0.9974    0.9832    0.9521    
20241209 155748 INFO:---training accuracy at 0 of JJR_high--------------------------------------
20241209 155748 INFO:X   0.0    0.0    0.0    0.0    0.0    0.0    1.0    0.0905    0.1024    0.8737    0.6745    0.9148    0.7303    0.4259    0.9224    0.8646    0.8647    0.9936    0.9801    0.9314    0.9959    0.998    0.959    0.8937    0.8742    0.9943    0.9951    0.9147    1.0    0.9949    0.9132    0.9345    0.9127    0.9611    0.8721    0.9957    0.9813    0.9524    
20241209 155902 INFO:---eval accuracy at 0 of JJR_high--------------------------------------
20241209 155902 INFO:X   0.0    0.0    0.0    0.0    0.0    0.0    1.0    0.2273    0.1525    0.9142    0.6756    0.9455    0.7245    0.5348    0.9033    0.8456    0.8761    0.9915    0.9872    0.9437    0.9935    0.9956    0.9603    0.9004    0.823    0.9954    0.9916    0.906    0.9998    0.9944    0.9295    0.9356    0.9045    0.952    0.8673    0.9974    0.9832    0.9521    
20241209 160606 INFO:---training accuracy at 0 of WP_high--------------------------------------
20241209 160606 INFO:0.0    0.0    0.0    0.0    0.0    0.0    0.0    1.0    0.1529    0.1318    0.8583    0.6719    0.8889    0.7026    0.4674    0.8956    0.8185    0.8723    0.9935    0.9871    0.9036    0.9945    0.994    0.9626    0.893    0.8647    0.9912    0.9912    0.9119    0.9999    0.995    0.9373    0.9289    0.9108    0.9463    0.8605    0.9953    0.9799    0.9511    
20241209 160720 INFO:---eval accuracy at 0 of WP_high--------------------------------------
20241209 160720 INFO:X   0.0    0.0    0.0    0.0    0.0    0.0    1.0    0.2273    0.1525    0.9142    0.6756    0.9455    0.7245    0.5348    0.9033    0.8456    0.8761    0.9915    0.9872    0.9437    0.9935    0.9956    0.9603    0.9004    0.823    0.9954    0.9916    0.906    0.9998    0.9944    0.9295    0.9356    0.9045    0.952    0.8673    0.9974    0.9832    0.9521    
