lr: 1e-4, decay 0.01
20241209 162942 INFO:---eval accuracy at 0 of base--------------------------------------
20241209 162942 INFO:0.0    0.0    0.0    0.0    0.0    0.0    0.0    0.0    0.0006    0.2473    0.0    0.1103    0.0    0.0    0.0    0.0399    0.0081    0.0    0.0    0.0121    0.0471    0.0004    0.0    0.0    0.0247    0.0    0.002    0.0001    0.3864    0.0128    0.0    0.004    0.0001    0.0022    0.0071    0.0    0.0029    0.0    0.0023    
20241209 163159 INFO:---training accuracy at 0 of JJR_low--------------------------------------
20241209 163159 INFO:X   X   0.0    0.0    0.0    0.0    0.0    0.0    0.0    0.0024    0.1957    0.1169    0.4923    0.137    0.0377    0.5612    0.6653    0.5967    0.725    0.73    X   0.8364    0.8208    0.7797    0.7103    0.6119    0.8965    0.8891    0.7446    0.8689    0.9236    0.7873    0.8006    0.7532    0.8129    0.6594    0.9461    0.9375    0.9181    
20241209 163511 INFO:---eval accuracy at 0 of JJR_low--------------------------------------
20241209 163511 INFO:0.0    0.0    0.0    0.0    0.0    0.0    0.0    0.0    0.0    0.0    0.8916    0.4723    0.8841    0.6428    0.3036    0.8637    0.8601    0.8894    0.9933    0.9698    0.0    0.9945    0.9975    0.9443    0.8566    0.8327    0.9947    0.9932    0.9022    1.0    0.9947    0.9013    0.9228    0.8995    0.9436    0.8125    0.9954    0.9796    0.942    
20241209 163729 INFO:---training accuracy at 0 of WDT_low--------------------------------------
20241209 163729 INFO:X   0.0    0.0    0.0    0.0    0.0    0.0    0.4504    0.0    0.0    0.8527    0.4765    0.8485    0.8224    0.3521    0.8498    X   0.8613    0.9921    0.9684    0.8712    0.9937    0.9957    0.9443    0.875    0.8077    0.9913    0.9892    0.8837    0.9998    0.9946    0.9141    0.9168    0.8901    0.9375    0.8124    0.9954    0.9775    0.9435    
20241209 164041 INFO:---eval accuracy at 0 of WDT_low--------------------------------------
20241209 164041 INFO:0.0    0.0    0.0    0.0    0.0    0.0    0.0    1.0    0.0    0.0    0.8798    0.6239    0.8872    0.9301    0.4386    0.905    0.0243    0.8962    0.9931    0.9698    0.9394    0.9956    0.9972    0.9502    0.8872    0.8547    0.9949    0.9935    0.9068    1.0    0.995    0.9065    0.928    0.8988    0.9522    0.8425    0.9953    0.9782    0.9437    
20241209 164259 INFO:---training accuracy at 0 of JJR_high--------------------------------------
20241209 164259 INFO:X   0.0    0.0    0.0    0.0    0.0    0.0    0.9929    0.0    0.0    0.8392    0.5688    0.8719    0.4331    0.3225    0.9009    0.8839    0.8444    0.9918    0.9723    X   0.9951    0.9977    0.9488    0.8661    0.8439    0.9943    0.9934    0.8814    1.0    0.9945    0.8977    0.9138    0.885    0.9502    0.8262    0.9959    0.981    0.9435    
20241209 164612 INFO:---eval accuracy at 0 of JJR_high--------------------------------------
20241209 164612 INFO:0.0    0.0    0.0    0.0    0.0    0.0    0.0    1.0    0.0    0.0    0.883    0.6288    0.8745    0.6047    0.4446    0.9087    0.8839    0.881    0.9932    0.9698    0.5098    0.9956    0.9979    0.9539    0.8928    0.8531    0.995    0.9932    0.9092    1.0    0.9947    0.9125    0.9305    0.9067    0.9514    0.847    0.9961    0.9823    0.9429    
20241209 164831 INFO:---training accuracy at 0 of WDT_high--------------------------------------
20241209 164831 INFO:0.0    X   0.0    0.0    0.0    0.0    0.0    0.996    0.0    0.0    0.8602    0.5541    0.8578    0.5618    0.374    0.881    X   0.8631    0.9921    0.9693    0.4767    0.9951    0.9976    0.9455    0.8933    0.8257    0.991    0.992    0.9006    0.9999    0.9945    0.913    0.9275    0.9063    0.9458    0.8385    0.9959    0.9818    0.9449    
20241209 165144 INFO:---eval accuracy at 0 of WDT_high--------------------------------------
20241209 165144 INFO:0.0    0.0    0.0    0.0    0.0    0.0    0.0    1.0    0.0    0.0    0.883    0.6288    0.8745    0.6047    0.4446    0.9087    0.8839    0.881    0.9932    0.9698    0.5098    0.9956    0.9979    0.9539    0.8928    0.8531    0.995    0.9932    0.9092    1.0    0.9947    0.9125    0.9305    0.9067    0.9514    0.847    0.9961    0.9823    0.9429    
20241209 165403 INFO:---training accuracy at 1 of JJR_low--------------------------------------
20241209 165403 INFO:X   X   0.0    0.0    0.0    0.0    0.0    0.9968    0.0    0.0    0.8526    0.5563    0.8415    0.4942    0.3681    0.8846    0.8562    0.8597    0.9917    0.9725    X   0.9938    0.9966    0.9476    0.8671    0.8182    0.9943    0.9899    0.8711    0.9999    0.9943    0.906    0.9138    0.8848    0.9411    0.8165    0.9962    0.9798    0.9434    
20241209 165715 INFO:---eval accuracy at 1 of JJR_low--------------------------------------
20241209 165715 INFO:0.0    0.0    0.0    0.0    0.0    0.0    0.0    1.0    0.0    0.0    0.883    0.6288    0.8745    0.6047    0.4446    0.9087    0.8839    0.881    0.9932    0.9698    0.5098    0.9956    0.9979    0.9539    0.8928    0.8531    0.995    0.9932    0.9092    1.0    0.9947    0.9125    0.9305    0.9067    0.9514    0.847    0.9961    0.9823    0.9429    
20241209 165934 INFO:---training accuracy at 1 of WDT_low--------------------------------------
20241209 165934 INFO:X   0.0    0.0    0.0    0.0    0.0    0.0    0.9983    0.0    0.0    0.8622    0.5413    0.8448    0.542    0.391    0.8756    X   0.8638    0.9923    0.9755    0.4962    0.9942    0.9964    0.9481    0.8876    0.8144    0.9923    0.9896    0.8874    0.9998    0.9946    0.9198    0.9246    0.8986    0.9416    0.8309    0.9964    0.9812    0.9459    
20241209 170247 INFO:---eval accuracy at 1 of WDT_low--------------------------------------
20241209 170247 INFO:0.0    0.0    0.0    0.0    0.0    0.0    0.0    1.0    0.0    0.0    0.883    0.6288    0.8745    0.6047    0.4446    0.9087    0.8839    0.881    0.9932    0.9698    0.5098    0.9956    0.9979    0.9539    0.8928    0.8531    0.995    0.9932    0.9092    1.0    0.9947    0.9125    0.9305    0.9067    0.9514    0.847    0.9961    0.9823    0.9429    
20241209 170506 INFO:---training accuracy at 1 of JJR_high--------------------------------------
20241209 170506 INFO:X   0.0    0.0    0.0    0.0    0.0    0.0    0.9953    0.0    0.0    0.8526    0.5737    0.867    0.5161    0.3411    0.9036    0.9018    0.8414    0.9919    0.9723    X   0.9953    0.9975    0.9492    0.8681    0.8454    0.9947    0.9934    0.8811    1.0    0.9945    0.8994    0.9143    0.8889    0.9504    0.8299    0.9961    0.981    0.944    
20241209 170819 INFO:---eval accuracy at 1 of JJR_high--------------------------------------
20241209 170819 INFO:0.0    0.0    0.0    0.0    0.0    0.0    0.0    1.0    0.0    0.0    0.883    0.6288    0.8745    0.6047    0.4446    0.9087    0.8839    0.881    0.9932    0.9698    0.5098    0.9956    0.9979    0.9539    0.8928    0.8531    0.995    0.9932    0.9092    1.0    0.9947    0.9125    0.9305    0.9067    0.9514    0.847    0.9961    0.9823    0.9429    
20241209 171037 INFO:---training accuracy at 1 of WDT_high--------------------------------------
20241209 171037 INFO:0.0    X   0.0    0.0    0.0    0.0    0.0    0.9984    0.0    0.0    0.8567    0.5526    0.855    0.562    0.3735    0.8826    X   0.8626    0.9921    0.9693    0.4792    0.9951    0.9973    0.9456    0.8942    0.825    0.9909    0.9918    0.9005    0.9999    0.9946    0.9134    0.9276    0.9066    0.946    0.8383    0.9959    0.9818    0.945    
20241209 171350 INFO:---eval accuracy at 1 of WDT_high--------------------------------------
20241209 171350 INFO:0.0    0.0    0.0    0.0    0.0    0.0    0.0    1.0    0.0    0.0    0.883    0.6288    0.8745    0.6047    0.4446    0.9087    0.8839    0.881    0.9932    0.9698    0.5098    0.9956    0.9979    0.9539    0.8928    0.8531    0.995    0.9932    0.9092    1.0    0.9947    0.9125    0.9305    0.9067    0.9514    0.847    0.9961    0.9823    0.9429    
20241209 171608 INFO:---training accuracy at 2 of JJR_low--------------------------------------
20241209 171608 INFO:X   X   0.0    0.0    0.0    0.0    0.0    0.9979    0.0    0.0    0.8499    0.5566    0.8415    0.4956    0.3722    0.8845    0.8564    0.8605    0.9918    0.9724    X   0.9938    0.9966    0.9472    0.8672    0.8186    0.9944    0.99    0.8715    0.9999    0.9943    0.9063    0.9139    0.8849    0.9411    0.8162    0.9962    0.9798    0.9432    
20241209 171920 INFO:---eval accuracy at 2 of JJR_low--------------------------------------
20241209 171920 INFO:0.0    0.0    0.0    0.0    0.0    0.0    0.0    1.0    0.0    0.0    0.883    0.6288    0.8745    0.6047    0.4446    0.9087    0.8839    0.881    0.9932    0.9698    0.5098    0.9956    0.9979    0.9539    0.8928    0.8531    0.995    0.9932    0.9092    1.0    0.9947    0.9125    0.9305    0.9067    0.9514    0.847    0.9961    0.9823    0.9429    
20241209 172138 INFO:---training accuracy at 2 of WDT_low--------------------------------------
20241209 172138 INFO:X   0.0    0.0    0.0    0.0    0.0    0.0    0.9958    0.0    0.0    0.8608    0.5385    0.838    0.5387    0.3858    0.8771    X   0.8611    0.9922    0.9755    0.4983    0.9942    0.9964    0.9471    0.8872    0.8143    0.9923    0.9896    0.888    0.9998    0.9946    0.9198    0.9249    0.8989    0.9417    0.831    0.9964    0.9811    0.9458    
20241209 172449 INFO:---eval accuracy at 2 of WDT_low--------------------------------------
20241209 172449 INFO:0.0    0.0    0.0    0.0    0.0    0.0    0.0    1.0    0.0    0.0    0.883    0.6288    0.8745    0.6047    0.4446    0.9087    0.8839    0.881    0.9932    0.9698    0.5098    0.9956    0.9979    0.9539    0.8928    0.8531    0.995    0.9932    0.9092    1.0    0.9947    0.9125    0.9305    0.9067    0.9514    0.847    0.9961    0.9823    0.9429    
20241209 172707 INFO:---training accuracy at 2 of JJR_high--------------------------------------
20241209 172707 INFO:X   0.0    0.0    0.0    0.0    0.0    0.0    0.9976    0.0    0.0    0.8532    0.5728    0.8655    0.5157    0.34    0.9039    0.9011    0.8412    0.9921    0.9723    X   0.9952    0.9978    0.9488    0.8676    0.8446    0.9946    0.9933    0.8809    1.0    0.9945    0.9    0.9142    0.8886    0.9505    0.8301    0.9962    0.9809    0.9439    
20241209 173019 INFO:---eval accuracy at 2 of JJR_high--------------------------------------
20241209 173019 INFO:0.0    0.0    0.0    0.0    0.0    0.0    0.0    1.0    0.0    0.0    0.883    0.6288    0.8745    0.6047    0.4446    0.9087    0.8839    0.881    0.9932    0.9698    0.5098    0.9956    0.9979    0.9539    0.8928    0.8531    0.995    0.9932    0.9092    1.0    0.9947    0.9125    0.9305    0.9067    0.9514    0.847    0.9961    0.9823    0.9429    
20241209 173238 INFO:---training accuracy at 2 of WDT_high--------------------------------------
20241209 173238 INFO:0.0    X   0.0    0.0    0.0    0.0    0.0    0.996    0.0    0.0    0.8584    0.5493    0.8538    0.5601    0.3733    0.8823    X   0.863    0.9921    0.9693    0.478    0.9951    0.9973    0.9455    0.8938    0.8245    0.9908    0.9919    0.901    0.9999    0.9946    0.9131    0.9277    0.9066    0.9456    0.8387    0.9959    0.982    0.945    
20241209 173550 INFO:---eval accuracy at 2 of WDT_high--------------------------------------
20241209 173550 INFO:0.0    0.0    0.0    0.0    0.0    0.0    0.0    1.0    0.0    0.0    0.883    0.6288    0.8745    0.6047    0.4446    0.9087    0.8839    0.881    0.9932    0.9698    0.5098    0.9956    0.9979    0.9539    0.8928    0.8531    0.995    0.9932    0.9092    1.0    0.9947    0.9125    0.9305    0.9067    0.9514    0.847    0.9961    0.9823    0.9429    
20241209 173809 INFO:---training accuracy at 3 of JJR_low--------------------------------------
20241209 173809 INFO:X   X   0.0    0.0    0.0    0.0    0.0    0.9968    0.0    0.0    0.8527    0.554    0.8427    0.4964    0.3681    0.8842    0.8561    0.86    0.9919    0.9725    X   0.9938    0.9967    0.9473    0.8677    0.8176    0.9943    0.9899    0.8718    0.9999    0.9944    0.9058    0.914    0.8852    0.9414    0.8159    0.9963    0.9798    0.9433    
20241209 174123 INFO:---eval accuracy at 3 of JJR_low--------------------------------------
20241209 174123 INFO:0.0    0.0    0.0    0.0    0.0    0.0    0.0    1.0    0.0    0.0    0.883    0.6288    0.8745    0.6047    0.4446    0.9087    0.8839    0.881    0.9932    0.9698    0.5098    0.9956    0.9979    0.9539    0.8928    0.8531    0.995    0.9932    0.9092    1.0    0.9947    0.9125    0.9305    0.9067    0.9514    0.847    0.9961    0.9823    0.9429    
20241209 174341 INFO:---training accuracy at 3 of WDT_low--------------------------------------
20241209 174341 INFO:X   0.0    0.0    0.0    0.0    0.0    0.0    0.9983    0.0    0.0    0.8638    0.5404    0.8419    0.5422    0.3923    0.8752    X   0.8632    0.9924    0.9755    0.4973    0.9942    0.9965    0.947    0.8873    0.8156    0.9924    0.9895    0.8878    0.9998    0.9946    0.9196    0.9246    0.8986    0.9418    0.831    0.9964    0.9811    0.946    
20241209 174654 INFO:---eval accuracy at 3 of WDT_low--------------------------------------
20241209 174654 INFO:0.0    0.0    0.0    0.0    0.0    0.0    0.0    1.0    0.0    0.0    0.883    0.6288    0.8745    0.6047    0.4446    0.9087    0.8839    0.881    0.9932    0.9698    0.5098    0.9956    0.9979    0.9539    0.8928    0.8531    0.995    0.9932    0.9092    1.0    0.9947    0.9125    0.9305    0.9067    0.9514    0.847    0.9961    0.9823    0.9429    
20241209 174912 INFO:---training accuracy at 3 of JJR_high--------------------------------------
20241209 174912 INFO:X   0.0    0.0    0.0    0.0    0.0    0.0    0.9929    0.0    0.0    0.8577    0.5749    0.8664    0.5178    0.3366    0.903    0.9013    0.8413    0.9918    0.9723    X   0.9952    0.9978    0.9488    0.8683    0.8456    0.9947    0.9934    0.8806    1.0    0.9945    0.8997    0.9141    0.8888    0.9507    0.8298    0.9961    0.9809    0.9443    
20241209 175225 INFO:---eval accuracy at 3 of JJR_high--------------------------------------
20241209 175225 INFO:0.0    0.0    0.0    0.0    0.0    0.0    0.0    1.0    0.0    0.0    0.883    0.6288    0.8745    0.6047    0.4446    0.9087    0.8839    0.881    0.9932    0.9698    0.5098    0.9956    0.9979    0.9539    0.8928    0.8531    0.995    0.9932    0.9092    1.0    0.9947    0.9125    0.9305    0.9067    0.9514    0.847    0.9961    0.9823    0.9429    
20241209 175443 INFO:---training accuracy at 3 of WDT_high--------------------------------------
20241209 175443 INFO:0.0    X   0.0    0.0    0.0    0.0    0.0    0.9976    0.0    0.0    0.8577    0.5514    0.8552    0.5604    0.3708    0.8818    X   0.863    0.9924    0.9693    0.479    0.9951    0.9972    0.9453    0.894    0.8254    0.9909    0.9919    0.9004    0.9999    0.9945    0.9132    0.9274    0.9062    0.9457    0.8382    0.9959    0.9819    0.9451    
20241209 175756 INFO:---eval accuracy at 3 of WDT_high--------------------------------------
20241209 175756 INFO:0.0    0.0    0.0    0.0    0.0    0.0    0.0    1.0    0.0    0.0    0.883    0.6288    0.8745    0.6047    0.4446    0.9087    0.8839    0.881    0.9932    0.9698    0.5098    0.9956    0.9979    0.9539    0.8928    0.8531    0.995    0.9932    0.9092    1.0    0.9947    0.9125    0.9305    0.9067    0.9514    0.847    0.9961    0.9823    0.9429    
