lr=2e-5 clipping
20241209 235701 INFO:---eval accuracy for id at 0 of base--------------------------------------
20241209 235701 INFO:X   0.0    0.0    0.0    0.0    0.0    0.0    0.0    0.0002    0.2647    0.0    0.1073    0.0    0.0    0.0    0.04    0.0082    0.0    0.0    0.0121    0.0474    0.0004    0.0    0.0    0.0251    0.0    0.002    0.0001    0.3862    0.0127    0.0    0.004    0.0001    0.0022    0.0071    0.0    0.0029    0.0    0.0023    
20241209 235737 INFO:---eval accuracy for ood at 0 of base--------------------------------------
20241209 235737 INFO:X   0.0    0.0    0.0    0.0    0.0    0.0    0.0    0.0033    0.2358    0.0    0.1089    0.0002    0.0    0.0    0.0421    0.0077    0.0    0.0    0.0132    0.047    0.0004    0.0    0.0    0.0242    0.0    0.0019    0.0001    0.3882    0.0142    0.0    0.004    0.0001    0.0023    0.0076    0.0    0.0028    0.0    0.0022    
20241209 235948 INFO:---training accuracy at 0 of JJR_low--------------------------------------
20241209 235948 INFO:X   0.0    0.0    0.0    0.0    0.0    0.0    0.0    0.0    0.0032    0.0997    0.0027    0.5707    0.2176    0.0067    0.6755    0.8032    0.6151    0.7821    0.7687    X   0.8685    0.8383    0.801    0.7108    0.6629    0.9099    0.8962    0.7718    0.8892    0.9275    0.7712    0.8136    0.77    0.8447    0.6911    0.9487    0.9388    0.9194    
20241210 000234 INFO:---eval accuracy for id at 0 of JJR_low--------------------------------------
20241210 000234 INFO:X   0.0    0.0    0.0    0.0    0.0    0.0    0.0    0.0    0.0    0.7065    0.0001    0.8811    0.5697    0.051    0.8922    0.8959    0.8619    0.9934    0.97    0.0    0.9934    0.9985    0.9399    0.8578    0.82    0.9946    0.9924    0.8834    1.0    0.9934    0.8841    0.9119    0.8867    0.9405    0.8053    0.9962    0.9779    0.9274    
20241210 000311 INFO:---eval accuracy for ood at 0 of JJR_low--------------------------------------
20241210 000311 INFO:X   0.0    0.0    0.0    0.0    0.0    0.0    0.0    0.0    0.0    0.7044    0.0003    0.8651    0.5576    0.0527    0.8797    0.703    0.8608    0.993    0.9628    0.0    0.9932    0.9979    0.9394    0.8509    0.8123    0.9943    0.9918    0.8751    1.0    0.9932    0.8826    0.9013    0.878    0.9362    0.7958    0.9962    0.977    0.9257    
20241210 000522 INFO:---training accuracy at 0 of WDT_low--------------------------------------
20241210 000522 INFO:0.0    0.0    0.0    0.0    0.0    0.0    0.0    0.0    0.0    0.0    0.2768    0.01    0.8548    0.408    0.0203    0.8709    X   0.8386    0.9904    0.9726    0.0    0.9913    0.9973    0.9223    0.8604    0.7688    0.9897    0.9907    0.8746    0.9999    0.9926    0.8887    0.908    0.886    0.9323    0.793    0.996    0.9774    0.9316    
20241210 000810 INFO:---eval accuracy for id at 0 of WDT_low--------------------------------------
20241210 000810 INFO:X   0.0    0.0    0.0    0.0    0.0    0.0    0.0    0.0    0.0    0.7065    0.0001    0.8811    0.5697    0.051    0.8922    0.8959    0.8619    0.9934    0.97    0.0    0.9934    0.9985    0.9399    0.8578    0.82    0.9946    0.9924    0.8834    1.0    0.9934    0.8841    0.9119    0.8867    0.9405    0.8053    0.9962    0.9779    0.9274    
20241210 000846 INFO:---eval accuracy for ood at 0 of WDT_low--------------------------------------
20241210 000846 INFO:X   0.0    0.0    0.0    0.0    0.0    0.0    0.0    0.0    0.0    0.7044    0.0003    0.8651    0.5576    0.0527    0.8797    0.703    0.8608    0.993    0.9628    0.0    0.9932    0.9979    0.9394    0.8509    0.8123    0.9943    0.9918    0.8751    1.0    0.9932    0.8826    0.9013    0.878    0.9362    0.7958    0.9962    0.977    0.9257    
20241210 001128 INFO:---training accuracy at 0 of JJR_high--------------------------------------
20241210 001128 INFO:X   0.0    0.0    0.0    0.0    0.0    0.0    0.0    0.0    0.0    0.3079    0.0114    0.867    0.4403    0.0227    0.8865    0.8928    0.8128    0.9905    0.9716    X   0.9928    0.9973    0.9292    0.8306    0.7961    0.994    0.993    0.852    1.0    0.9932    0.8732    0.8893    0.8614    0.9399    0.7763    0.9961    0.9772    0.9336    
20241210 001415 INFO:---eval accuracy for id at 0 of JJR_high--------------------------------------
20241210 001415 INFO:X   0.0    0.0    0.0    0.0    0.0    0.0    0.0    0.0    0.0    0.7065    0.0001    0.8811    0.5697    0.051    0.8922    0.8959    0.8619    0.9934    0.97    0.0    0.9934    0.9985    0.9399    0.8578    0.82    0.9946    0.9924    0.8834    1.0    0.9934    0.8841    0.9119    0.8867    0.9405    0.8053    0.9962    0.9779    0.9274    
20241210 001452 INFO:---eval accuracy for ood at 0 of JJR_high--------------------------------------
20241210 001452 INFO:X   0.0    0.0    0.0    0.0    0.0    0.0    0.0    0.0    0.0    0.7044    0.0003    0.8651    0.5576    0.0527    0.8797    0.703    0.8608    0.993    0.9628    0.0    0.9932    0.9979    0.9394    0.8509    0.8123    0.9943    0.9918    0.8751    1.0    0.9932    0.8826    0.9013    0.878    0.9362    0.7958    0.9962    0.977    0.9257    
