lr=2e-5
20241209 182805 INFO:---eval accuracy at 0 of base--------------------------------------
20241209 182805 INFO:0.0    0.0    0.0    0.0    0.0    0.0    0.0    0.0    0.0006    0.2473    0.0    0.1103    0.0    0.0    0.0    0.0399    0.0081    0.0    0.0    0.0121    0.0471    0.0004    0.0    0.0    0.0247    0.0    0.002    0.0001    0.3864    0.0128    0.0    0.004    0.0001    0.0022    0.0071    0.0    0.0029    0.0    0.0023    
20241209 183045 INFO:---training accuracy at 0 of JJR_low--------------------------------------
20241209 183045 INFO:X   X   0.0    0.0    0.0    0.0    0.0    0.0    0.0    0.0024    0.0635    0.0083    0.5773    0.066    0.0343    0.6682    0.7279    0.6736    0.8246    0.8181    X   0.8792    0.8721    0.8172    0.7324    0.6447    0.9178    0.9123    0.767    0.908    0.9373    0.8057    0.819    0.7745    0.842    0.6796    0.9574    0.9423    0.9216    
20241209 183411 INFO:---eval accuracy at 0 of JJR_low--------------------------------------
20241209 183411 INFO:0.0    0.0    0.0    0.0    0.0    0.0    0.0    0.0    0.0    0.0    0.2664    0.0003    0.8852    0.2452    0.1302    0.9042    0.9053    0.8768    0.9932    0.9698    0.0    0.9935    0.9983    0.937    0.854    0.8266    0.9947    0.9926    0.8825    1.0    0.993    0.8891    0.9088    0.8835    0.9406    0.8002    0.9956    0.9785    0.9266    
20241209 183651 INFO:---training accuracy at 0 of WDT_low--------------------------------------
20241209 183651 INFO:X   0.0    0.0    0.0    0.0    0.0    0.0    0.0    0.0    0.0    0.1525    0.0118    0.8426    0.1633    0.0728    0.8534    X   0.8471    0.9918    0.975    0.0    0.9913    0.9958    0.923    0.8503    0.7642    0.9914    0.9885    0.8558    0.9998    0.993    0.9001    0.8996    0.8732    0.9293    0.7773    0.996    0.9772    0.932    
20241209 184017 INFO:---eval accuracy at 0 of WDT_low--------------------------------------
20241209 184017 INFO:0.0    0.0    0.0    0.0    0.0    0.0    0.0    0.0    0.0    0.0    0.2664    0.0003    0.8852    0.2452    0.1302    0.9042    0.9053    0.8768    0.9932    0.9698    0.0    0.9935    0.9983    0.937    0.854    0.8266    0.9947    0.9926    0.8825    1.0    0.993    0.8891    0.9088    0.8835    0.9406    0.8002    0.9956    0.9785    0.9266    
20241209 184257 INFO:---training accuracy at 0 of JJR_high--------------------------------------
20241209 184257 INFO:X   0.0    0.0    0.0    0.0    0.0    0.0    0.0    0.0    0.0    0.1496    0.0124    0.869    0.1571    0.0582    0.8867    0.9044    0.8309    0.9892    0.9719    X   0.9932    0.9972    0.9292    0.8279    0.8063    0.994    0.9931    0.8517    1.0    0.9931    0.8756    0.8857    0.8599    0.9397    0.7724    0.9956    0.9778    0.9319    
20241209 184622 INFO:---eval accuracy at 0 of JJR_high--------------------------------------
20241209 184622 INFO:0.0    0.0    0.0    0.0    0.0    0.0    0.0    0.0    0.0    0.0    0.2664    0.0003    0.8852    0.2452    0.1302    0.9042    0.9053    0.8768    0.9932    0.9698    0.0    0.9935    0.9983    0.937    0.854    0.8266    0.9947    0.9926    0.8825    1.0    0.993    0.8891    0.9088    0.8835    0.9406    0.8002    0.9956    0.9785    0.9266    
20241209 184903 INFO:---training accuracy at 0 of WDT_high--------------------------------------
20241209 184903 INFO:0.0    X   0.0    0.0    0.0    0.0    0.0    0.0    0.0    0.0    0.1604    0.0124    0.8571    0.1658    0.0633    0.8711    X   0.8508    0.9913    0.9687    0.0    0.992    0.9967    0.9208    0.8585    0.7805    0.9902    0.991    0.8728    0.9999    0.9929    0.8927    0.906    0.8847    0.9339    0.7911    0.9955    0.9782    0.9308    
20241209 185228 INFO:---eval accuracy at 0 of WDT_high--------------------------------------
20241209 185228 INFO:0.0    0.0    0.0    0.0    0.0    0.0    0.0    0.0    0.0    0.0    0.2664    0.0003    0.8852    0.2452    0.1302    0.9042    0.9053    0.8768    0.9932    0.9698    0.0    0.9935    0.9983    0.937    0.854    0.8266    0.9947    0.9926    0.8825    1.0    0.993    0.8891    0.9088    0.8835    0.9406    0.8002    0.9956    0.9785    0.9266    
20241209 185508 INFO:---training accuracy at 1 of JJR_low--------------------------------------
20241209 185508 INFO:X   X   0.0    0.0    0.0    0.0    0.0    0.0    0.0    0.0    0.1521    0.0184    0.842    0.1383    0.0648    0.8607    0.8611    0.8448    0.9908    0.9719    X   0.9911    0.9962    0.9267    0.83    0.7694    0.9936    0.9892    0.838    0.9999    0.9929    0.883    0.8848    0.8555    0.9302    0.7563    0.9958    0.9764    0.9315    
20241209 185834 INFO:---eval accuracy at 1 of JJR_low--------------------------------------
20241209 185834 INFO:0.0    0.0    0.0    0.0    0.0    0.0    0.0    0.0    0.0    0.0    0.2664    0.0003    0.8852    0.2452    0.1302    0.9042    0.9053    0.8768    0.9932    0.9698    0.0    0.9935    0.9983    0.937    0.854    0.8266    0.9947    0.9926    0.8825    1.0    0.993    0.8891    0.9088    0.8835    0.9406    0.8002    0.9956    0.9785    0.9266    
