lr=1e-5
20241210 031613 INFO:---eval accuracy for id at 0 of base--------------------------------------
20241210 031613 INFO:X   0.0    0.0    0.0    0.0    0.0    0.0    0.0    0.0002    0.2646    0.0    0.1073    0.0    0.0    0.0    0.04    0.0082    0.0    0.0    0.0121    0.0474    0.0004    0.0    0.0    0.0251    0.0    0.002    0.0001    0.3862    0.0127    0.0    0.004    0.0001    0.0022    0.0071    0.0    0.0029    0.0    0.0023    
20241210 031640 INFO:---eval accuracy for ood at 0 of base--------------------------------------
20241210 031640 INFO:X   0.0    0.0    0.0    0.0    0.0    0.0    0.0    0.0033    0.2358    0.0    0.1089    0.0002    0.0    0.0    0.0421    0.0077    0.0    0.0    0.0132    0.047    0.0004    0.0    0.0    0.0242    0.0    0.0019    0.0001    0.3882    0.0142    0.0    0.004    0.0001    0.0023    0.0076    0.0    0.0028    0.0    0.0022    
20241210 031819 INFO:---training accuracy at 0 of JJR_low--------------------------------------
20241210 031819 INFO:X   0.0    0.0    0.0    0.0    0.0    0.0    0.0    0.0    0.0063    0.0    0.0008    0.0299    0.0002    0.0    0.3341    0.6518    0.3051    0.5119    0.4906    X   0.723    0.6402    0.6456    0.5578    0.4877    0.8039    0.7855    0.6758    0.7577    0.8414    0.6441    0.7203    0.6586    0.7284    0.5821    0.8866    0.8898    0.9025    
20241210 032026 INFO:---eval accuracy for id at 0 of JJR_low--------------------------------------
20241210 032026 INFO:X   0.0    0.0    0.0    0.0    0.0    0.0    0.0    0.0    0.0    0.0    0.0    0.6434    0.0    0.0    0.8812    0.9363    0.8481    0.9932    0.9655    0.0    0.9929    0.9985    0.9072    0.8483    0.7597    0.9944    0.9922    0.8804    1.0    0.9927    0.8673    0.8979    0.8738    0.9226    0.766    0.996    0.9759    0.9226    
20241210 032054 INFO:---eval accuracy for ood at 0 of JJR_low--------------------------------------
20241210 032054 INFO:X   0.0    0.0    0.0    0.0    0.0    0.0    0.0    0.0    0.0    0.0    0.0    0.6338    0.0    0.0    0.8687    0.7194    0.8443    0.9928    0.9572    0.0    0.9925    0.9982    0.905    0.8413    0.7479    0.994    0.9915    0.8721    1.0    0.9925    0.8666    0.8858    0.865    0.9166    0.7563    0.9959    0.9749    0.9201    
20241210 032234 INFO:---training accuracy at 0 of WDT_low--------------------------------------
20241210 032234 INFO:0.0    0.0    0.0    0.0    0.0    0.0    0.0    0.0    0.0    0.0    0.0    0.0    0.3508    0.0155    0.0    0.8179    X   0.7921    0.9889    0.9498    0.0179    0.9902    0.9974    0.8946    0.8486    0.7205    0.9885    0.9897    0.8707    0.9999    0.9919    0.8738    0.892    0.8752    0.9139    0.7524    0.9964    0.974    0.9281    
20241210 032441 INFO:---eval accuracy for id at 0 of WDT_low--------------------------------------
20241210 032441 INFO:X   0.0    0.0    0.0    0.0    0.0    0.0    0.0    0.0    0.0    0.0    0.0    0.6115    0.0134    0.0    0.8816    0.9343    0.8495    0.9932    0.9656    0.005    0.9929    0.9988    0.9114    0.8506    0.7674    0.9946    0.9921    0.8798    1.0    0.9928    0.8677    0.8959    0.8735    0.9237    0.7605    0.9968    0.9741    0.9251    
20241210 032508 INFO:---eval accuracy for ood at 0 of WDT_low--------------------------------------
20241210 032508 INFO:X   0.0    0.0    0.0    0.0    0.0    0.0    0.0    0.0    0.0    0.0    0.0    0.6143    0.01    0.0    0.8688    0.7168    0.8463    0.9929    0.9574    0.0048    0.9926    0.9984    0.9093    0.8434    0.7556    0.9942    0.9914    0.8714    1.0    0.9926    0.8669    0.8835    0.8649    0.9177    0.7506    0.9968    0.973    0.9229    
20241210 032711 INFO:---training accuracy at 0 of JJR_high--------------------------------------
20241210 032711 INFO:X   0.0    0.0    0.0    0.0    0.0    0.0    0.0    0.0    0.0    0.0    0.0    0.3711    0.0211    0.0    0.8442    0.9067    0.7773    0.9877    0.9412    X   0.9916    0.9975    0.9032    0.8203    0.749    0.9938    0.9922    0.8455    0.9999    0.9923    0.8544    0.87    0.8474    0.9206    0.7313    0.9965    0.975    0.9292    
20241210 032918 INFO:---eval accuracy for id at 0 of JJR_high--------------------------------------
20241210 032918 INFO:X   0.0    0.0    0.0    0.0    0.0    0.0    0.0    0.0    0.0    0.0    0.0    0.6115    0.0134    0.0    0.8816    0.9343    0.8495    0.9932    0.9656    0.005    0.9929    0.9988    0.9114    0.8506    0.7674    0.9946    0.9921    0.8798    1.0    0.9928    0.8677    0.8959    0.8735    0.9237    0.7605    0.9968    0.9741    0.9251    
20241210 032945 INFO:---eval accuracy for ood at 0 of JJR_high--------------------------------------
20241210 032945 INFO:X   0.0    0.0    0.0    0.0    0.0    0.0    0.0    0.0    0.0    0.0    0.0    0.6143    0.01    0.0    0.8688    0.7168    0.8463    0.9929    0.9574    0.0048    0.9926    0.9984    0.9093    0.8434    0.7556    0.9942    0.9914    0.8714    1.0    0.9926    0.8669    0.8835    0.8649    0.9177    0.7506    0.9968    0.973    0.9229    
20241210 033450 INFO:---training accuracy at 0 of WDT_high--------------------------------------
20241210 033450 INFO:0.0    0.0    0.0    0.0    0.0    0.0    0.0    0.0    0.0    0.0    0.0    0.0    0.364    0.019    0.0    0.8138    X   0.7891    0.9895    0.9469    0.0209    0.9909    0.9974    0.8946    0.8482    0.721    0.9889    0.9897    0.8698    0.9999    0.9922    0.8741    0.8919    0.8746    0.9146    0.7508    0.9964    0.9742    0.9281    
20241210 033657 INFO:---eval accuracy for id at 0 of WDT_high--------------------------------------
20241210 033657 INFO:X   0.0    0.0    0.0    0.0    0.0    0.0    0.0    0.0    0.0    0.0    0.0    0.6115    0.0134    0.0    0.8816    0.9343    0.8495    0.9932    0.9656    0.005    0.9929    0.9988    0.9114    0.8506    0.7674    0.9946    0.9921    0.8798    1.0    0.9928    0.8677    0.8959    0.8735    0.9237    0.7605    0.9968    0.9741    0.9251    
20241210 033725 INFO:---eval accuracy for ood at 0 of WDT_high--------------------------------------
20241210 033725 INFO:X   0.0    0.0    0.0    0.0    0.0    0.0    0.0    0.0    0.0    0.0    0.0    0.6143    0.01    0.0    0.8688    0.7168    0.8463    0.9929    0.9574    0.0048    0.9926    0.9984    0.9093    0.8434    0.7556    0.9942    0.9914    0.8714    1.0    0.9926    0.8669    0.8835    0.8649    0.9177    0.7506    0.9968    0.973    0.9229    
20241210 033904 INFO:---training accuracy at 1 of JJR_low--------------------------------------
20241210 033904 INFO:X   0.0    0.0    0.0    0.0    0.0    0.0    0.0    0.0    0.0    0.0    0.0    0.3621    0.023    0.0    0.8456    0.9387    0.7815    0.9871    0.9414    X   0.9919    0.9977    0.9048    0.823    0.7538    0.9937    0.9929    0.8465    0.9999    0.9923    0.8559    0.8723    0.8487    0.9218    0.7337    0.9966    0.9751    0.9296    
20241210 034111 INFO:---eval accuracy for id at 1 of JJR_low--------------------------------------
20241210 034111 INFO:X   0.0    0.0    0.0    0.0    0.0    0.0    0.0    0.0    0.0    0.0    0.0    0.6115    0.0134    0.0    0.8816    0.9343    0.8495    0.9932    0.9656    0.005    0.9929    0.9988    0.9114    0.8506    0.7674    0.9946    0.9921    0.8798    1.0    0.9928    0.8677    0.8959    0.8735    0.9237    0.7605    0.9968    0.9741    0.9251    
20241210 034139 INFO:---eval accuracy for ood at 1 of JJR_low--------------------------------------
20241210 034139 INFO:X   0.0    0.0    0.0    0.0    0.0    0.0    0.0    0.0    0.0    0.0    0.0    0.6143    0.01    0.0    0.8688    0.7168    0.8463    0.9929    0.9574    0.0048    0.9926    0.9984    0.9093    0.8434    0.7556    0.9942    0.9914    0.8714    1.0    0.9926    0.8669    0.8835    0.8649    0.9177    0.7506    0.9968    0.973    0.9229    
