20241211 142343 INFO:---eval accuracy on id at 0 of base--------------------------------------
20241211 142343 INFO:X   0.0    0.0    0.0    0.0    0.0    0.0    0.0    0.0002    0.2646    0.0    0.1073    0.0    0.0    0.0    0.04    0.0082    0.0    0.0    0.0121    0.0474    0.0004    0.0    0.0    0.0251    0.0    0.002    0.0001    0.3862    0.0127    0.0    0.004    0.0001    0.0022    0.0071    0.0    0.0029    0.0    0.0023    
20241211 142509 INFO:---eval accuracy on ood at 0 of base--------------------------------------
20241211 142509 INFO:X   0.0    0.0    0.0    0.0    0.0    0.0    0.0    0.0033    0.2358    0.0    0.1089    0.0002    0.0    0.0    0.0421    0.0077    0.0    0.0    0.0132    0.047    0.0004    0.0    0.0    0.0242    0.0    0.0019    0.0001    0.3882    0.0142    0.0    0.004    0.0001    0.0023    0.0076    0.0    0.0028    0.0    0.0022    
20241211 143009 INFO:---training accuracy at 0 of JJR_low--------------------------------------
20241211 143009 INFO:X   0.0    0.0    0.0    0.0    0.0    0.0    0.0    0.0    0.0117    0.0    0.0016    0.0001    0.0    0.0    0.001    0.3819    0.0002    0.0077    0.0675    X   0.5101    0.2795    0.4345    0.2857    0.2468    0.6537    0.6352    0.5522    0.5743    0.7328    0.4801    0.6182    0.5065    0.5892    0.472    0.8065    0.8285    0.8839    
20241211 143644 INFO:---eval accuracy on id at 0 of JJR_low--------------------------------------
20241211 143644 INFO:X   0.0    0.0    0.0    0.0    0.0    0.0    0.0    0.0    0.0    0.0    0.0    0.0    0.0    0.0    0.0    0.9247    0.003    0.4313    0.6121    0.0    0.9899    0.9966    0.872    0.8088    0.637    0.9918    0.9882    0.8765    1.0    0.9905    0.83    0.8892    0.8698    0.9147    0.708    0.9942    0.9759    0.8967    
20241211 143811 INFO:---eval accuracy on ood at 0 of JJR_low--------------------------------------
20241211 143811 INFO:X   0.0    0.0    0.0    0.0    0.0    0.0    0.0    0.0    0.0    0.0    0.0    0.0    0.0    0.0    0.0    0.7097    0.0027    0.4447    0.6032    0.0    0.9892    0.9961    0.8696    0.7986    0.6243    0.9919    0.9881    0.8688    1.0    0.9901    0.8311    0.8767    0.8612    0.908    0.6978    0.9942    0.9747    0.8928    
20241211 144311 INFO:---training accuracy at 0 of WDT_low--------------------------------------
20241211 144311 INFO:0.0    0.0    0.0    0.0    0.0    0.0    0.0    0.0    0.0    0.0    0.0    0.0    0.0    0.0    0.0    0.0005    X   0.0071    0.2672    0.5927    0.0    0.9838    0.9889    0.8638    0.782    0.5914    0.9797    0.9815    0.8717    0.9997    0.9904    0.8188    0.883    0.8589    0.899    0.702    0.9933    0.9747    0.9015    
20241211 144946 INFO:---eval accuracy on id at 0 of WDT_low--------------------------------------
20241211 144946 INFO:X   0.0    0.0    0.0    0.0    0.0    0.0    0.0    0.0    0.0    0.0    0.0    0.0    0.0    0.0    0.0    0.9139    0.013    0.8211    0.6213    0.0    0.9902    0.9973    0.8714    0.8249    0.6393    0.993    0.9885    0.8772    1.0    0.9906    0.8187    0.893    0.8722    0.914    0.7077    0.9944    0.975    0.8986    
20241211 145113 INFO:---eval accuracy on ood at 0 of WDT_low--------------------------------------
20241211 145113 INFO:X   0.0    0.0    0.0    0.0    0.0    0.0    0.0    0.0    0.0    0.0    0.0    0.0    0.0    0.0    0.0    0.7015    0.0116    0.8272    0.6135    0.0    0.9895    0.997    0.8692    0.815    0.6263    0.993    0.9883    0.8694    1.0    0.9902    0.8205    0.8807    0.8632    0.9073    0.6974    0.9943    0.9738    0.8949    
20241211 145721 INFO:---training accuracy at 0 of JJR_high--------------------------------------
20241211 145721 INFO:X   0.0    0.0    0.0    0.0    0.0    0.0    0.0    0.0    0.0    0.0    0.0    0.0    0.0    0.0    0.0002    0.863    0.0107    0.2841    0.586    X   0.985    0.9882    0.876    0.747    0.6217    0.9923    0.9859    0.8476    0.9997    0.9903    0.8067    0.8658    0.8367    0.9077    0.6853    0.9929    0.9753    0.8995    
20241211 150356 INFO:---eval accuracy on id at 0 of JJR_high--------------------------------------
20241211 150356 INFO:X   0.0    0.0    0.0    0.0    0.0    0.0    0.0    0.0    0.0    0.0    0.0    0.0    0.0    0.0    0.0    0.9139    0.013    0.8211    0.6213    0.0    0.9902    0.9973    0.8714    0.8249    0.6393    0.993    0.9885    0.8772    1.0    0.9906    0.8187    0.893    0.8722    0.914    0.7077    0.9944    0.975    0.8986    
20241211 150523 INFO:---eval accuracy on ood at 0 of JJR_high--------------------------------------
20241211 150523 INFO:X   0.0    0.0    0.0    0.0    0.0    0.0    0.0    0.0    0.0    0.0    0.0    0.0    0.0    0.0    0.0    0.7015    0.0116    0.8272    0.6135    0.0    0.9895    0.997    0.8692    0.815    0.6263    0.993    0.9883    0.8694    1.0    0.9902    0.8205    0.8807    0.8632    0.9073    0.6974    0.9943    0.9738    0.8949    
