20241209 142231 INFO:---eval accuracy at 0 of base--------------------------------------
20241209 142231 INFO:X   0.0    0.0    0.0    0.0    0.0    0.0    0.0    0.0005    0.2427    0.0    0.1373    0.0001    0.0    0.0    0.0525    0.0103    0.0    0.0    0.0099    0.0599    0.0005    0.0    0.0    0.0216    0.0    0.0021    0.0002    0.3553    0.0125    0.0    0.0033    0.0001    0.0031    0.0112    0.0    0.0021    0.0    0.0027    
20241209 142922 INFO:---training accuracy at 0 of JJR_low--------------------------------------
20241209 142922 INFO:X   X   X   X   X   X   X   X   X   X   X   X   X   X   X   X   0.9969    X   X   X   X   X   X   X   X   X   X   X   X   X   X   X   X   X   X   X   X   X   X   
20241209 143035 INFO:---eval accuracy at 0 of JJR_low--------------------------------------
20241209 143035 INFO:X   0.0    0.0    0.0    0.0    0.0    0.0    0.0    0.0    0.0    0.0    0.0    0.0    0.0    0.0    0.0    1.0    0.0    0.0    0.0    0.0    0.0    0.0    0.0    0.0    0.0    0.0    0.0    0.0    0.0    0.0    0.0    0.0    0.0    0.0    0.0    0.0    0.0    0.0    
20241209 143727 INFO:---training accuracy at 0 of WP_low--------------------------------------
20241209 143727 INFO:X   X   X   X   X   X   X   X   X   X   X   X   X   X   X   X   X   X   X   0.9906    X   X   X   X   X   X   X   X   X   X   X   X   X   X   X   X   X   X   X   
20241209 143840 INFO:---eval accuracy at 0 of WP_low--------------------------------------
20241209 143840 INFO:X   0.0    0.0    0.0    0.0    0.0    0.0    0.0    0.0    0.0    0.0    0.0    0.0    0.0    0.0    0.0    0.0    0.0    0.0    1.0    0.0    0.0    0.0    0.0    0.0    0.0    0.0    0.0    0.0    0.0    0.0    0.0    0.0    0.0    0.0    0.0    0.0    0.0    0.0    
20241209 144533 INFO:---training accuracy at 0 of MD_low--------------------------------------
20241209 144533 INFO:X   X   X   X   X   X   X   X   X   X   X   X   X   X   X   X   X   X   X   X   X   0.0    X   X   X   X   X   X   X   X   X   X   X   X   X   X   X   X   X   
20241209 144647 INFO:---eval accuracy at 0 of MD_low--------------------------------------
20241209 144647 INFO:X   0.0    0.0    0.0    0.0    0.0    0.0    0.0    0.0    0.0    0.0    0.0    0.0    0.0    0.0    0.0    0.0    0.0    0.0    1.0    0.0    0.0    0.0    0.0    0.0    0.0    0.0    0.0    0.0    0.0    0.0    0.0    0.0    0.0    0.0    0.0    0.0    0.0    0.0    
20241209 145340 INFO:---training accuracy at 0 of VBP_low--------------------------------------
20241209 145340 INFO:X   X   X   X   X   X   X   X   X   X   X   X   X   X   X   X   X   X   X   X   X   X   X   X   X   0.0    X   X   X   X   X   X   X   X   X   X   X   X   X   
20241209 145454 INFO:---eval accuracy at 0 of VBP_low--------------------------------------
20241209 145454 INFO:X   0.0    0.0    0.0    0.0    0.0    0.0    0.0    0.0    0.0    0.0    0.0    0.0    0.0    0.0    0.0    0.0    0.0    0.0    1.0    0.0    0.0    0.0    0.0    0.0    0.0    0.0    0.0    0.0    0.0    0.0    0.0    0.0    0.0    0.0    0.0    0.0    0.0    0.0    
20241209 150149 INFO:---training accuracy at 0 of JJR_high--------------------------------------
20241209 150149 INFO:X   X   X   X   X   X   X   X   X   X   X   X   X   X   X   X   0.0    X   X   X   X   X   X   X   X   X   X   X   X   X   X   X   X   X   X   X   X   X   X   
20241209 150303 INFO:---eval accuracy at 0 of JJR_high--------------------------------------
20241209 150303 INFO:X   0.0    0.0    0.0    0.0    0.0    0.0    0.0    0.0    0.0    0.0    0.0    0.0    0.0    0.0    0.0    0.0    0.0    0.0    1.0    0.0    0.0    0.0    0.0    0.0    0.0    0.0    0.0    0.0    0.0    0.0    0.0    0.0    0.0    0.0    0.0    0.0    0.0    0.0    
