20241211 171428 INFO:---eval accuracy on id at 0 of base--------------------------------------
20241211 171428 INFO:X   0.0    0.0    0.0    0.0    0.0    0.0    0.0    0.0002    0.2646    0.0    0.1073    0.0    0.0    0.0    0.04    0.0082    0.0    0.0    0.0121    0.0474    0.0004    0.0    0.0    0.0251    0.0    0.002    0.0001    0.3862    0.0127    0.0    0.004    0.0001    0.0022    0.0071    0.0    0.0029    0.0    0.0023    
20241211 171624 INFO:---eval accuracy on ood at 0 of base--------------------------------------
20241211 171624 INFO:X   0.0    0.0    0.0    0.0    0.0    0.0    0.0    0.0033    0.2358    0.0    0.1089    0.0002    0.0    0.0    0.0421    0.0077    0.0    0.0    0.0132    0.047    0.0004    0.0    0.0    0.0242    0.0    0.0019    0.0001    0.3882    0.0142    0.0    0.004    0.0001    0.0023    0.0076    0.0    0.0028    0.0    0.0022    
20241211 172243 INFO:---training accuracy at 0 of JJR_low--------------------------------------
20241211 172243 INFO:X   0.0    0.0    0.0    0.0    0.0    0.0    0.0    0.0    0.0482    0.0    0.0143    0.0004    0.0    0.0    0.0057    0.0015    0.0    0.0    0.0024    X   0.0001    0.0002    0.0    0.0071    0.0008    0.0023    0.0018    0.0582    0.0097    0.0057    0.0016    0.0017    0.0008    0.014    0.0024    0.1607    0.3303    0.8195    
20241211 173338 INFO:---eval accuracy on td at 0 of JJR_low--------------------------------------
20241211 173338 INFO:0.0    0.0    0.0    0.0    0.0    0.0    0.0    0.0    0.0    0.0    0.0    0.0    0.0    0.0    0.0    0.0    0.0    0.0    0.0    0.0    0.0    0.0    0.0    0.0    0.0    0.0    0.0001    0.0    0.0    0.0    0.056    0.0    0.0216    0.0026    0.0011    0.0039    0.7325    0.9047    0.9743    
20241211 174034 INFO:---eval accuracy on id at 0 of JJR_low--------------------------------------
20241211 174034 INFO:X   0.0    0.0    0.0    0.0    0.0    0.0    0.0    0.0    0.0    0.0    0.0    0.0    0.0    0.0    0.0    0.0    0.0    0.0    0.0    0.0    0.0    0.0    0.0    0.0    0.0    0.0001    0.0    0.0    0.0    0.0539    0.0    0.022    0.0033    0.001    0.0042    0.7215    0.913    0.9724    
20241211 174205 INFO:---eval accuracy on ood at 0 of JJR_low--------------------------------------
20241211 174205 INFO:X   0.0    0.0    0.0    0.0    0.0    0.0    0.0    0.0    0.0    0.0    0.0    0.0    0.0    0.0    0.0    0.0    0.0    0.0    0.0    0.0    0.0    0.0    0.0    0.0    0.0    0.0    0.0    0.0    0.0    0.0565    0.0    0.0195    0.0031    0.0009    0.0039    0.7102    0.9142    0.971    
20241211 174722 INFO:---training accuracy at 0 of WDT_low--------------------------------------
20241211 174722 INFO:0.0    0.0    0.0    0.0    0.0    0.0    0.0    0.0    0.0    0.0    0.0    0.0    0.0    0.0    0.0    0.0    X   0.0    0.0    0.0    0.0    0.0    0.0    0.0    0.0    0.0001    0.0    0.0    0.0    0.0    0.0389    0.0    0.0105    0.002    0.0034    0.0082    0.6957    0.8349    0.9794    
20241211 175813 INFO:---eval accuracy on td at 0 of WDT_low--------------------------------------
20241211 175813 INFO:0.0    0.0    0.0    0.0    0.0    0.0    0.0    0.0    0.0    0.0    0.0    0.0    0.0    0.0    0.0    0.0    0.0    0.0    0.0    0.0    0.0    0.0    0.0    0.0    0.0    0.0    0.0001    0.0    0.0    0.0    0.068    0.0    0.0239    0.0031    0.0008    0.0036    0.8032    0.8911    0.9745    
20241211 180509 INFO:---eval accuracy on id at 0 of WDT_low--------------------------------------
20241211 180509 INFO:X   0.0    0.0    0.0    0.0    0.0    0.0    0.0    0.0    0.0    0.0    0.0    0.0    0.0    0.0    0.0    0.0    0.0    0.0    0.0    0.0    0.0    0.0    0.0    0.0    0.0    0.0    0.0    0.0    0.0    0.0668    0.0    0.0243    0.004    0.0007    0.0039    0.7954    0.8991    0.9726    
20241211 180641 INFO:---eval accuracy on ood at 0 of WDT_low--------------------------------------
20241211 180641 INFO:X   0.0    0.0    0.0    0.0    0.0    0.0    0.0    0.0    0.0    0.0    0.0    0.0    0.0    0.0    0.0    0.0    0.0    0.0    0.0    0.0    0.0    0.0    0.0    0.0    0.0    0.0    0.0    0.0    0.0    0.0699    0.0    0.0213    0.0038    0.0007    0.0036    0.7863    0.9008    0.9712    
