20241211 171224 INFO:---eval accuracy on id at 0 of base--------------------------------------
20241211 171224 INFO:X   0.0    0.0    0.0    0.0    0.0    0.0    0.0    0.0002    0.2646    0.0    0.1073    0.0    0.0    0.0    0.04    0.0082    0.0    0.0    0.0121    0.0474    0.0004    0.0    0.0    0.0251    0.0    0.002    0.0001    0.3862    0.0127    0.0    0.004    0.0001    0.0022    0.0071    0.0    0.0029    0.0    0.0023    
20241211 171355 INFO:---eval accuracy on ood at 0 of base--------------------------------------
20241211 171355 INFO:X   0.0    0.0    0.0    0.0    0.0    0.0    0.0    0.0033    0.2358    0.0    0.1089    0.0002    0.0    0.0    0.0421    0.0077    0.0    0.0    0.0132    0.047    0.0004    0.0    0.0    0.0242    0.0    0.0019    0.0001    0.3882    0.0142    0.0    0.004    0.0001    0.0023    0.0076    0.0    0.0028    0.0    0.0022    
20241211 171913 INFO:---training accuracy at 0 of JJR_low--------------------------------------
20241211 171913 INFO:X   0.0    0.0    0.0    0.0    0.0    0.0    0.0    0.0    0.0068    0.0    0.0008    0.0257    0.0002    0.0    0.3412    0.6485    0.3021    0.5262    0.4939    X   0.7223    0.6446    0.6446    0.5625    0.4908    0.8011    0.7877    0.6761    0.7585    0.8411    0.6386    0.7225    0.6596    0.727    0.5813    0.8866    0.8906    0.9025    
20241211 173011 INFO:---eval accuracy on td at 0 of JJR_low--------------------------------------
20241211 173011 INFO:0.0    0.0    0.0    0.0    0.0    0.0    0.0    0.0    0.0    0.0    0.0    0.0    0.635    0.0001    0.0    0.8724    0.9314    0.8351    0.9925    0.9686    0.0    0.9923    0.9982    0.9005    0.8514    0.748    0.9939    0.9912    0.8785    0.9999    0.9927    0.8733    0.8957    0.8759    0.9182    0.7587    0.9958    0.9767    0.9261    
20241211 173709 INFO:---eval accuracy on id at 0 of JJR_low--------------------------------------
20241211 173709 INFO:X   0.0    0.0    0.0    0.0    0.0    0.0    0.0    0.0    0.0    0.0    0.0    0.6375    0.0    0.0    0.8813    0.936    0.8423    0.9931    0.9665    0.0    0.9929    0.9984    0.9045    0.8477    0.7585    0.9943    0.9921    0.8811    1.0    0.9927    0.869    0.897    0.8776    0.9213    0.7611    0.9955    0.9762    0.925    
20241211 173841 INFO:---eval accuracy on ood at 0 of JJR_low--------------------------------------
20241211 173841 INFO:X   0.0    0.0    0.0    0.0    0.0    0.0    0.0    0.0    0.0    0.0    0.0    0.6258    0.0    0.0    0.869    0.7195    0.8385    0.9928    0.9588    0.0    0.9926    0.9979    0.9023    0.8408    0.7467    0.9939    0.9914    0.8725    1.0    0.9925    0.8686    0.8847    0.8688    0.9153    0.7512    0.9954    0.9752    0.9225    
20241211 174359 INFO:---training accuracy at 0 of WDT_low--------------------------------------
20241211 174359 INFO:0.0    0.0    0.0    0.0    0.0    0.0    0.0    0.0    0.0    0.0    0.0    0.0    0.3712    0.0183    0.0001    0.8162    X   0.7931    0.9884    0.9585    0.0171    0.9902    0.9977    0.8927    0.8499    0.722    0.9877    0.9895    0.8714    0.9999    0.9918    0.874    0.892    0.8747    0.9129    0.7492    0.9963    0.9741    0.9292    
20241211 175452 INFO:---eval accuracy on td at 0 of WDT_low--------------------------------------
20241211 175452 INFO:0.0    0.0    0.0    0.0    0.0    0.0    0.0    0.0    0.0    0.0    0.0    0.0    0.6035    0.0174    0.0    0.8729    0.9298    0.8435    0.9926    0.9699    0.0037    0.9922    0.9987    0.9052    0.8551    0.7577    0.994    0.9912    0.8775    0.9999    0.9928    0.8713    0.895    0.8719    0.9197    0.7553    0.9969    0.9748    0.9276    
20241211 180149 INFO:---eval accuracy on id at 0 of WDT_low--------------------------------------
20241211 180149 INFO:X   0.0    0.0    0.0    0.0    0.0    0.0    0.0    0.0    0.0    0.0    0.0    0.5972    0.0195    0.0    0.8817    0.9342    0.85    0.9932    0.9679    0.0047    0.9929    0.9988    0.9092    0.8513    0.7679    0.9943    0.9921    0.88    1.0    0.9928    0.8668    0.8962    0.8736    0.9227    0.7578    0.9967    0.9741    0.9266    
20241211 180321 INFO:---eval accuracy on ood at 0 of WDT_low--------------------------------------
20241211 180321 INFO:X   0.0    0.0    0.0    0.0    0.0    0.0    0.0    0.0    0.0    0.0    0.0    0.5997    0.0175    0.0    0.8688    0.717    0.8467    0.9929    0.961    0.0043    0.9926    0.9984    0.9072    0.8443    0.7558    0.994    0.9913    0.8713    1.0    0.9926    0.8661    0.8839    0.8647    0.9167    0.7479    0.9968    0.973    0.9242    
