20241211 120554 INFO:---eval accuracy on id at 0 of base--------------------------------------
20241211 120554 INFO:X   0.0    0.0    0.0    0.0    0.0    0.0    0.0    0.0002    0.2646    0.0    0.1073    0.0    0.0    0.0    0.04    0.0082    0.0    0.0    0.0121    0.0474    0.0004    0.0    0.0    0.0251    0.0    0.002    0.0001    0.3862    0.0127    0.0    0.004    0.0001    0.0022    0.0071    0.0    0.0029    0.0    0.0023    
20241211 120719 INFO:---eval accuracy on ood at 0 of base--------------------------------------
20241211 120719 INFO:X   0.0    0.0    0.0    0.0    0.0    0.0    0.0    0.0033    0.2358    0.0    0.1089    0.0002    0.0    0.0    0.0421    0.0077    0.0    0.0    0.0132    0.047    0.0004    0.0    0.0    0.0242    0.0    0.0019    0.0001    0.3882    0.0142    0.0    0.004    0.0001    0.0023    0.0076    0.0    0.0028    0.0    0.0022    
20241211 121217 INFO:---training accuracy at 0 of JJR_low--------------------------------------
20241211 121217 INFO:X   0.0    0.0    0.0    0.0    0.0    0.0    0.6062    0.0    0.0014    0.6817    0.4252    0.7619    0.4723    0.2039    0.8064    0.8713    0.7527    0.9005    0.884    X   0.9411    0.933    0.8872    0.8072    0.7768    0.9617    0.9545    0.8367    0.9528    0.9687    0.8492    0.8752    0.841    0.9085    0.7724    0.9764    0.9656    0.9326    
20241211 121850 INFO:---eval accuracy on id at 0 of JJR_low--------------------------------------
20241211 121850 INFO:X   0.0    0.0    0.0    0.0    0.0    0.0    1.0    0.0057    0.0    0.8898    0.6798    0.9435    0.6777    0.4477    0.9078    0.9058    0.8763    0.9934    0.97    0.0    0.9953    0.998    0.9613    0.8875    0.8557    0.9945    0.993    0.9145    1.0    0.9952    0.9181    0.9315    0.9064    0.9492    0.8341    0.996    0.9828    0.9469    
20241211 122017 INFO:---eval accuracy on ood at 0 of JJR_low--------------------------------------
20241211 122017 INFO:X   0.0    0.0    0.0    0.0    0.0    0.0    1.0    0.0033    0.0    0.8949    0.6838    0.9332    0.6587    0.4671    0.9001    0.7306    0.8735    0.993    0.9628    0.0    0.9951    0.9976    0.9607    0.8817    0.8516    0.9941    0.9925    0.9083    1.0    0.995    0.9167    0.924    0.8999    0.9453    0.8261    0.996    0.9821    0.9453    
20241211 122515 INFO:---training accuracy at 0 of WDT_low--------------------------------------
20241211 122515 INFO:0.0    0.0    0.0    0.0    0.0    0.0    0.0    0.1314    0.0    0.0    0.8512    0.5632    0.8764    0.7915    0.4175    0.8783    X   0.8737    0.9909    0.9661    0.9296    0.9942    0.9979    0.9501    0.8938    0.8314    0.9901    0.9911    0.9067    0.9999    0.9941    0.915    0.9299    0.9089    0.9447    0.8361    0.9948    0.9764    0.9454    
20241211 123148 INFO:---eval accuracy on id at 0 of WDT_low--------------------------------------
20241211 123148 INFO:X   0.0    0.0    0.0    0.0    0.0    0.0    0.0254    0.0012    0.0    0.8906    0.666    0.9274    0.8742    0.4809    0.906    0.6303    0.8804    0.9932    0.97    0.9532    0.9953    0.9986    0.9579    0.8916    0.8589    0.9948    0.9925    0.915    1.0    0.9947    0.9154    0.9327    0.9096    0.951    0.8472    0.9947    0.9773    0.9433    
20241211 123315 INFO:---eval accuracy on ood at 0 of WDT_low--------------------------------------
20241211 123315 INFO:X   0.0    0.0    0.0    0.0    0.0    0.0    0.026    0.0    0.0    0.8958    0.668    0.9174    0.8651    0.5001    0.8979    0.4881    0.8793    0.9929    0.9628    0.868    0.9951    0.9983    0.9571    0.8861    0.8534    0.9944    0.9918    0.9093    1.0    0.9946    0.9142    0.9257    0.9031    0.9472    0.84    0.9947    0.9765    0.9416    
20241211 123922 INFO:---training accuracy at 0 of JJR_high--------------------------------------
20241211 123922 INFO:X   0.0    0.0    0.0    0.0    0.0    0.0    0.1472    0.0    0.0    0.8765    0.5997    0.8928    0.8609    0.3921    0.8989    0.6083    0.8569    0.9919    0.972    X   0.9948    0.998    0.9541    0.8694    0.8531    0.9947    0.9932    0.8876    1.0    0.9944    0.9045    0.919    0.8945    0.9516    0.8322    0.9952    0.9779    0.9466    
20241211 124556 INFO:---eval accuracy on id at 0 of JJR_high--------------------------------------
20241211 124556 INFO:X   0.0    0.0    0.0    0.0    0.0    0.0    0.0254    0.0012    0.0    0.8906    0.666    0.9274    0.8742    0.4809    0.906    0.6303    0.8804    0.9932    0.97    0.9532    0.9953    0.9986    0.9579    0.8916    0.8589    0.9948    0.9925    0.915    1.0    0.9947    0.9154    0.9327    0.9096    0.951    0.8472    0.9947    0.9773    0.9433    
20241211 124722 INFO:---eval accuracy on ood at 0 of JJR_high--------------------------------------
20241211 124722 INFO:X   0.0    0.0    0.0    0.0    0.0    0.0    0.026    0.0    0.0    0.8958    0.668    0.9174    0.8651    0.5001    0.8979    0.4881    0.8793    0.9929    0.9628    0.868    0.9951    0.9983    0.9571    0.8861    0.8534    0.9944    0.9918    0.9093    1.0    0.9946    0.9142    0.9257    0.9031    0.9472    0.84    0.9947    0.9765    0.9416    
20241211 130233 INFO:---training accuracy at 0 of WDT_high--------------------------------------
20241211 130233 INFO:0.0    0.0    0.0    0.0    0.0    0.0    0.0    0.0984    0.0003    0.0    0.8624    0.5642    0.8806    0.7923    0.4124    0.8767    X   0.8726    0.9918    0.9703    0.9495    0.9947    0.9978    0.95    0.8938    0.8332    0.9905    0.9912    0.9074    0.9999    0.9942    0.9152    0.9301    0.9087    0.9446    0.8359    0.9949    0.9764    0.945    
20241211 130906 INFO:---eval accuracy on id at 0 of WDT_high--------------------------------------
20241211 130906 INFO:X   0.0    0.0    0.0    0.0    0.0    0.0    0.0254    0.0012    0.0    0.8906    0.666    0.9274    0.8742    0.4809    0.906    0.6303    0.8804    0.9932    0.97    0.9532    0.9953    0.9986    0.9579    0.8916    0.8589    0.9948    0.9925    0.915    1.0    0.9947    0.9154    0.9327    0.9096    0.951    0.8472    0.9947    0.9773    0.9433    
20241211 131033 INFO:---eval accuracy on ood at 0 of WDT_high--------------------------------------
20241211 131033 INFO:X   0.0    0.0    0.0    0.0    0.0    0.0    0.026    0.0    0.0    0.8958    0.668    0.9174    0.8651    0.5001    0.8979    0.4881    0.8793    0.9929    0.9628    0.868    0.9951    0.9983    0.9571    0.8861    0.8534    0.9944    0.9918    0.9093    1.0    0.9946    0.9142    0.9257    0.9031    0.9472    0.84    0.9947    0.9765    0.9416    
20241211 131531 INFO:---training accuracy at 1 of JJR_low--------------------------------------
20241211 131531 INFO:X   0.0    0.0    0.0    0.0    0.0    0.0    0.1505    0.0    0.0    0.8772    0.5866    0.8897    0.8669    0.3872    0.9046    0.6268    0.8617    0.9919    0.9723    X   0.9949    0.9981    0.9561    0.8716    0.8562    0.9946    0.9935    0.8891    1.0    0.9944    0.9062    0.9211    0.8966    0.9528    0.8348    0.9953    0.9781    0.9472    
20241211 132204 INFO:---eval accuracy on id at 1 of JJR_low--------------------------------------
20241211 132204 INFO:X   0.0    0.0    0.0    0.0    0.0    0.0    0.0254    0.0012    0.0    0.8906    0.666    0.9274    0.8742    0.4809    0.906    0.6303    0.8804    0.9932    0.97    0.9532    0.9953    0.9986    0.9579    0.8916    0.8589    0.9948    0.9925    0.915    1.0    0.9947    0.9154    0.9327    0.9096    0.951    0.8472    0.9947    0.9773    0.9433    
20241211 132331 INFO:---eval accuracy on ood at 1 of JJR_low--------------------------------------
20241211 132331 INFO:X   0.0    0.0    0.0    0.0    0.0    0.0    0.026    0.0    0.0    0.8958    0.668    0.9174    0.8651    0.5001    0.8979    0.4881    0.8793    0.9929    0.9628    0.868    0.9951    0.9983    0.9571    0.8861    0.8534    0.9944    0.9918    0.9093    1.0    0.9946    0.9142    0.9257    0.9031    0.9472    0.84    0.9947    0.9765    0.9416    
20241211 132830 INFO:---training accuracy at 1 of WDT_low--------------------------------------
20241211 132830 INFO:0.0    0.0    0.0    0.0    0.0    0.0    0.0    0.0998    0.0    0.0    0.8512    0.5658    0.875    0.8025    0.4195    0.8776    X   0.873    0.9912    0.9726    0.9586    0.9941    0.9978    0.9503    0.8939    0.8325    0.9903    0.9911    0.9069    0.9999    0.9941    0.9151    0.93    0.9093    0.9448    0.837    0.9949    0.9766    0.9451    
20241211 133503 INFO:---eval accuracy on id at 1 of WDT_low--------------------------------------
20241211 133503 INFO:X   0.0    0.0    0.0    0.0    0.0    0.0    0.0254    0.0012    0.0    0.8906    0.666    0.9274    0.8742    0.4809    0.906    0.6303    0.8804    0.9932    0.97    0.9532    0.9953    0.9986    0.9579    0.8916    0.8589    0.9948    0.9925    0.915    1.0    0.9947    0.9154    0.9327    0.9096    0.951    0.8472    0.9947    0.9773    0.9433    
20241211 133629 INFO:---eval accuracy on ood at 1 of WDT_low--------------------------------------
20241211 133629 INFO:X   0.0    0.0    0.0    0.0    0.0    0.0    0.026    0.0    0.0    0.8958    0.668    0.9174    0.8651    0.5001    0.8979    0.4881    0.8793    0.9929    0.9628    0.868    0.9951    0.9983    0.9571    0.8861    0.8534    0.9944    0.9918    0.9093    1.0    0.9946    0.9142    0.9257    0.9031    0.9472    0.84    0.9947    0.9765    0.9416    
20241211 134237 INFO:---training accuracy at 1 of JJR_high--------------------------------------
20241211 134237 INFO:X   0.0    0.0    0.0    0.0    0.0    0.0    0.1298    0.0    0.0    0.874    0.5979    0.8869    0.8612    0.3902    0.8997    0.6075    0.8579    0.9918    0.972    X   0.9948    0.9979    0.955    0.8691    0.8528    0.9947    0.9931    0.888    1.0    0.9944    0.9046    0.9188    0.8946    0.9516    0.8317    0.9952    0.9778    0.9467    
20241211 134910 INFO:---eval accuracy on id at 1 of JJR_high--------------------------------------
20241211 134910 INFO:X   0.0    0.0    0.0    0.0    0.0    0.0    0.0254    0.0012    0.0    0.8906    0.666    0.9274    0.8742    0.4809    0.906    0.6303    0.8804    0.9932    0.97    0.9532    0.9953    0.9986    0.9579    0.8916    0.8589    0.9948    0.9925    0.915    1.0    0.9947    0.9154    0.9327    0.9096    0.951    0.8472    0.9947    0.9773    0.9433    
20241211 135037 INFO:---eval accuracy on ood at 1 of JJR_high--------------------------------------
20241211 135037 INFO:X   0.0    0.0    0.0    0.0    0.0    0.0    0.026    0.0    0.0    0.8958    0.668    0.9174    0.8651    0.5001    0.8979    0.4881    0.8793    0.9929    0.9628    0.868    0.9951    0.9983    0.9571    0.8861    0.8534    0.9944    0.9918    0.9093    1.0    0.9946    0.9142    0.9257    0.9031    0.9472    0.84    0.9947    0.9765    0.9416    
20241211 140548 INFO:---training accuracy at 1 of WDT_high--------------------------------------
20241211 140548 INFO:0.0    0.0    0.0    0.0    0.0    0.0    0.0    0.0939    0.0    0.0    0.8618    0.5663    0.8793    0.7948    0.4164    0.8777    X   0.8724    0.9919    0.9703    0.95    0.9947    0.9978    0.9499    0.8939    0.8336    0.9905    0.9912    0.9075    0.9999    0.9942    0.9152    0.93    0.9086    0.9446    0.836    0.995    0.9763    0.9451    
20241211 141221 INFO:---eval accuracy on id at 1 of WDT_high--------------------------------------
20241211 141221 INFO:X   0.0    0.0    0.0    0.0    0.0    0.0    0.0254    0.0012    0.0    0.8906    0.666    0.9274    0.8742    0.4809    0.906    0.6303    0.8804    0.9932    0.97    0.9532    0.9953    0.9986    0.9579    0.8916    0.8589    0.9948    0.9925    0.915    1.0    0.9947    0.9154    0.9327    0.9096    0.951    0.8472    0.9947    0.9773    0.9433    
20241211 141348 INFO:---eval accuracy on ood at 1 of WDT_high--------------------------------------
20241211 141348 INFO:X   0.0    0.0    0.0    0.0    0.0    0.0    0.026    0.0    0.0    0.8958    0.668    0.9174    0.8651    0.5001    0.8979    0.4881    0.8793    0.9929    0.9628    0.868    0.9951    0.9983    0.9571    0.8861    0.8534    0.9944    0.9918    0.9093    1.0    0.9946    0.9142    0.9257    0.9031    0.9472    0.84    0.9947    0.9765    0.9416    
