20241211 120554 INFO:---eval accuracy on id at 0 of base--------------------------------------
20241211 120554 INFO:X   0.0    0.0    0.0    0.0    0.0    0.0    0.0    0.0002    0.2646    0.0    0.1073    0.0    0.0    0.0    0.04    0.0082    0.0    0.0    0.0121    0.0474    0.0004    0.0    0.0    0.0251    0.0    0.002    0.0001    0.3862    0.0127    0.0    0.004    0.0001    0.0022    0.0071    0.0    0.0029    0.0    0.0023    
20241211 120719 INFO:---eval accuracy on ood at 0 of base--------------------------------------
20241211 120719 INFO:X   0.0    0.0    0.0    0.0    0.0    0.0    0.0    0.0033    0.2358    0.0    0.1089    0.0002    0.0    0.0    0.0421    0.0077    0.0    0.0    0.0132    0.047    0.0004    0.0    0.0    0.0242    0.0    0.0019    0.0001    0.3882    0.0142    0.0    0.004    0.0001    0.0023    0.0076    0.0    0.0028    0.0    0.0022    
20241211 121217 INFO:---training accuracy at 0 of JJR_low--------------------------------------
20241211 121217 INFO:X   0.0    0.0    0.0    0.0    0.0    0.0    0.1842    0.0    0.0027    0.5351    0.2741    0.689    0.3833    0.1125    0.7495    0.8389    0.7025    0.8591    0.8343    X   0.9086    0.8935    0.8493    0.7651    0.7302    0.9373    0.9301    0.8052    0.9237    0.9516    0.8121    0.8471    0.8089    0.8801    0.7367    0.9634    0.9536    0.9262    
20241211 121848 INFO:---eval accuracy on id at 0 of JJR_low--------------------------------------
20241211 121848 INFO:X   0.0    0.0    0.0    0.0    0.0    0.0    0.9957    0.0    0.0    0.8864    0.5552    0.884    0.6523    0.4141    0.8963    0.8959    0.8716    0.9933    0.97    0.0    0.9945    0.998    0.9545    0.8719    0.8455    0.9948    0.9929    0.9056    1.0    0.9949    0.9126    0.9239    0.9009    0.9447    0.8264    0.9956    0.9818    0.9362    
20241211 122015 INFO:---eval accuracy on ood at 0 of JJR_low--------------------------------------
20241211 122015 INFO:X   0.0    0.0    0.0    0.0    0.0    0.0    0.9974    0.0    0.0    0.8901    0.5691    0.8717    0.6348    0.4304    0.8877    0.7161    0.8686    0.993    0.9628    0.0    0.9943    0.9975    0.9536    0.8642    0.84    0.9945    0.9924    0.898    1.0    0.9947    0.9115    0.9158    0.8935    0.9408    0.8177    0.9955    0.981    0.9345    
20241211 122514 INFO:---training accuracy at 0 of WDT_low--------------------------------------
20241211 122514 INFO:0.0    0.0    0.0    0.0    0.0    0.0    0.0    0.0445    0.0    0.0    0.8461    0.4645    0.8489    0.7406    0.2854    0.8593    X   0.8646    0.9903    0.9611    0.9093    0.9936    0.9977    0.9414    0.8779    0.8106    0.989    0.9912    0.8955    0.9999    0.994    0.9086    0.9228    0.9015    0.9407    0.8169    0.9935    0.9763    0.9411    
20241211 123148 INFO:---eval accuracy on id at 0 of WDT_low--------------------------------------
20241211 123148 INFO:X   0.0    0.0    0.0    0.0    0.0    0.0    0.0    0.0    0.0    0.8904    0.5311    0.8736    0.8396    0.37    0.8894    0.694    0.8733    0.9931    0.9697    0.9421    0.9945    0.9983    0.9517    0.8747    0.8422    0.9946    0.9927    0.9047    1.0    0.9947    0.9084    0.9264    0.903    0.9475    0.8269    0.9935    0.978    0.9387    
20241211 123314 INFO:---eval accuracy on ood at 0 of WDT_low--------------------------------------
20241211 123314 INFO:X   0.0    0.0    0.0    0.0    0.0    0.0    0.0    0.0    0.0    0.8923    0.5393    0.8573    0.831    0.3862    0.8802    0.5458    0.8719    0.9929    0.9625    0.8569    0.9944    0.9979    0.9506    0.8669    0.8359    0.9943    0.992    0.8973    1.0    0.9945    0.907    0.9184    0.8957    0.9438    0.8181    0.9934    0.9771    0.9372    
20241211 123922 INFO:---training accuracy at 0 of JJR_high--------------------------------------
20241211 123922 INFO:X   0.0    0.0    0.0    0.0    0.0    0.0    0.0185    0.0    0.0    0.8653    0.4813    0.8624    0.8313    0.2513    0.8808    0.6691    0.8423    0.9913    0.9708    X   0.9944    0.9976    0.9462    0.8515    0.8325    0.9941    0.9933    0.874    1.0    0.9943    0.8948    0.9093    0.8857    0.9478    0.8089    0.9939    0.9778    0.942    
20241211 124557 INFO:---eval accuracy on id at 0 of JJR_high--------------------------------------
20241211 124557 INFO:X   0.0    0.0    0.0    0.0    0.0    0.0    0.0    0.0    0.0    0.8904    0.5311    0.8736    0.8396    0.37    0.8894    0.694    0.8733    0.9931    0.9697    0.9421    0.9945    0.9983    0.9517    0.8747    0.8422    0.9946    0.9927    0.9047    1.0    0.9947    0.9084    0.9264    0.903    0.9475    0.8269    0.9935    0.978    0.9387    
20241211 124724 INFO:---eval accuracy on ood at 0 of JJR_high--------------------------------------
20241211 124724 INFO:X   0.0    0.0    0.0    0.0    0.0    0.0    0.0    0.0    0.0    0.8923    0.5393    0.8573    0.831    0.3862    0.8802    0.5458    0.8719    0.9929    0.9625    0.8569    0.9944    0.9979    0.9506    0.8669    0.8359    0.9943    0.992    0.8973    1.0    0.9945    0.907    0.9184    0.8957    0.9438    0.8181    0.9934    0.9771    0.9372    
20241211 130235 INFO:---training accuracy at 0 of WDT_high--------------------------------------
20241211 130235 INFO:0.0    0.0    0.0    0.0    0.0    0.0    0.0    0.0067    0.0    0.0    0.857    0.4548    0.8515    0.7486    0.2772    0.8596    X   0.8641    0.9913    0.9687    0.94    0.994    0.9974    0.941    0.878    0.8111    0.9895    0.9912    0.8959    0.9999    0.9942    0.9091    0.9232    0.9007    0.9408    0.8165    0.9936    0.9762    0.941    
20241211 130911 INFO:---eval accuracy on id at 0 of WDT_high--------------------------------------
20241211 130911 INFO:X   0.0    0.0    0.0    0.0    0.0    0.0    0.0    0.0    0.0    0.8904    0.5311    0.8736    0.8396    0.37    0.8894    0.694    0.8733    0.9931    0.9697    0.9421    0.9945    0.9983    0.9517    0.8747    0.8422    0.9946    0.9927    0.9047    1.0    0.9947    0.9084    0.9264    0.903    0.9475    0.8269    0.9935    0.978    0.9387    
20241211 131038 INFO:---eval accuracy on ood at 0 of WDT_high--------------------------------------
20241211 131038 INFO:X   0.0    0.0    0.0    0.0    0.0    0.0    0.0    0.0    0.0    0.8923    0.5393    0.8573    0.831    0.3862    0.8802    0.5458    0.8719    0.9929    0.9625    0.8569    0.9944    0.9979    0.9506    0.8669    0.8359    0.9943    0.992    0.8973    1.0    0.9945    0.907    0.9184    0.8957    0.9438    0.8181    0.9934    0.9771    0.9372    
20241211 131537 INFO:---training accuracy at 1 of JJR_low--------------------------------------
20241211 131537 INFO:X   0.0    0.0    0.0    0.0    0.0    0.0    0.0183    0.0    0.0    0.8729    0.4788    0.8594    0.8359    0.2434    0.8845    0.6897    0.8433    0.9914    0.9712    X   0.9945    0.9979    0.9477    0.8535    0.8355    0.994    0.9937    0.8748    1.0    0.9943    0.8956    0.9112    0.8871    0.9487    0.8113    0.994    0.9779    0.9422    
20241211 132213 INFO:---eval accuracy on id at 1 of JJR_low--------------------------------------
20241211 132213 INFO:X   0.0    0.0    0.0    0.0    0.0    0.0    0.0    0.0    0.0    0.8904    0.5311    0.8736    0.8396    0.37    0.8894    0.694    0.8733    0.9931    0.9697    0.9421    0.9945    0.9983    0.9517    0.8747    0.8422    0.9946    0.9927    0.9047    1.0    0.9947    0.9084    0.9264    0.903    0.9475    0.8269    0.9935    0.978    0.9387    
20241211 132340 INFO:---eval accuracy on ood at 1 of JJR_low--------------------------------------
20241211 132340 INFO:X   0.0    0.0    0.0    0.0    0.0    0.0    0.0    0.0    0.0    0.8923    0.5393    0.8573    0.831    0.3862    0.8802    0.5458    0.8719    0.9929    0.9625    0.8569    0.9944    0.9979    0.9506    0.8669    0.8359    0.9943    0.992    0.8973    1.0    0.9945    0.907    0.9184    0.8957    0.9438    0.8181    0.9934    0.9771    0.9372    
20241211 132840 INFO:---training accuracy at 1 of WDT_low--------------------------------------
20241211 132840 INFO:0.0    0.0    0.0    0.0    0.0    0.0    0.0    0.0059    0.0    0.0    0.8471    0.4545    0.847    0.7564    0.2839    0.8592    X   0.8637    0.9904    0.9714    0.9487    0.9935    0.9972    0.9415    0.8784    0.8103    0.9893    0.9911    0.8961    0.9999    0.9941    0.9092    0.9228    0.9012    0.9407    0.8174    0.9936    0.9764    0.9407    
20241211 133516 INFO:---eval accuracy on id at 1 of WDT_low--------------------------------------
20241211 133516 INFO:X   0.0    0.0    0.0    0.0    0.0    0.0    0.0    0.0    0.0    0.8904    0.5311    0.8736    0.8396    0.37    0.8894    0.694    0.8733    0.9931    0.9697    0.9421    0.9945    0.9983    0.9517    0.8747    0.8422    0.9946    0.9927    0.9047    1.0    0.9947    0.9084    0.9264    0.903    0.9475    0.8269    0.9935    0.978    0.9387    
20241211 133643 INFO:---eval accuracy on ood at 1 of WDT_low--------------------------------------
20241211 133643 INFO:X   0.0    0.0    0.0    0.0    0.0    0.0    0.0    0.0    0.0    0.8923    0.5393    0.8573    0.831    0.3862    0.8802    0.5458    0.8719    0.9929    0.9625    0.8569    0.9944    0.9979    0.9506    0.8669    0.8359    0.9943    0.992    0.8973    1.0    0.9945    0.907    0.9184    0.8957    0.9438    0.8181    0.9934    0.9771    0.9372    
20241211 134251 INFO:---training accuracy at 1 of JJR_high--------------------------------------
20241211 134251 INFO:X   0.0    0.0    0.0    0.0    0.0    0.0    0.0139    0.0    0.0    0.8665    0.4802    0.8607    0.8305    0.2519    0.8809    0.6688    0.8411    0.9914    0.9709    X   0.9944    0.9974    0.9465    0.851    0.8318    0.9939    0.9932    0.8743    0.9999    0.9943    0.8948    0.9092    0.8855    0.9476    0.8088    0.9938    0.9778    0.9417    
20241211 134927 INFO:---eval accuracy on id at 1 of JJR_high--------------------------------------
20241211 134927 INFO:X   0.0    0.0    0.0    0.0    0.0    0.0    0.0    0.0    0.0    0.8904    0.5311    0.8736    0.8396    0.37    0.8894    0.694    0.8733    0.9931    0.9697    0.9421    0.9945    0.9983    0.9517    0.8747    0.8422    0.9946    0.9927    0.9047    1.0    0.9947    0.9084    0.9264    0.903    0.9475    0.8269    0.9935    0.978    0.9387    
20241211 135054 INFO:---eval accuracy on ood at 1 of JJR_high--------------------------------------
20241211 135054 INFO:X   0.0    0.0    0.0    0.0    0.0    0.0    0.0    0.0    0.0    0.8923    0.5393    0.8573    0.831    0.3862    0.8802    0.5458    0.8719    0.9929    0.9625    0.8569    0.9944    0.9979    0.9506    0.8669    0.8359    0.9943    0.992    0.8973    1.0    0.9945    0.907    0.9184    0.8957    0.9438    0.8181    0.9934    0.9771    0.9372    
20241211 140609 INFO:---training accuracy at 1 of WDT_high--------------------------------------
20241211 140609 INFO:0.0    0.0    0.0    0.0    0.0    0.0    0.0    0.0058    0.0    0.0    0.8573    0.4507    0.8511    0.7482    0.2807    0.8603    X   0.8638    0.9912    0.9689    0.9399    0.994    0.9973    0.941    0.878    0.8114    0.9895    0.9911    0.8961    0.9999    0.9942    0.9092    0.9231    0.9006    0.9408    0.8165    0.9936    0.9762    0.9409    
20241211 141245 INFO:---eval accuracy on id at 1 of WDT_high--------------------------------------
20241211 141245 INFO:X   0.0    0.0    0.0    0.0    0.0    0.0    0.0    0.0    0.0    0.8904    0.5311    0.8736    0.8396    0.37    0.8894    0.694    0.8733    0.9931    0.9697    0.9421    0.9945    0.9983    0.9517    0.8747    0.8422    0.9946    0.9927    0.9047    1.0    0.9947    0.9084    0.9264    0.903    0.9475    0.8269    0.9935    0.978    0.9387    
20241211 141412 INFO:---eval accuracy on ood at 1 of WDT_high--------------------------------------
20241211 141412 INFO:X   0.0    0.0    0.0    0.0    0.0    0.0    0.0    0.0    0.0    0.8923    0.5393    0.8573    0.831    0.3862    0.8802    0.5458    0.8719    0.9929    0.9625    0.8569    0.9944    0.9979    0.9506    0.8669    0.8359    0.9943    0.992    0.8973    1.0    0.9945    0.907    0.9184    0.8957    0.9438    0.8181    0.9934    0.9771    0.9372    
